Log file open, 11/04/22 20:00:16
LogWindows: Failed to load 'aqProf.dll' (GetLastError=126)
LogWindows: File 'aqProf.dll' does not exist
LogWindows: Failed to load 'VtuneApi.dll' (GetLastError=126)
LogWindows: File 'VtuneApi.dll' does not exist
LogWindows: Failed to load 'VtuneApi32e.dll' (GetLastError=126)
LogWindows: File 'VtuneApi32e.dll' does not exist
LogConsoleResponse: Display: Failed to find resolution value strings in scalability ini. Falling back to default.
LogConsoleResponse: Display: Failed to find resolution value strings in scalability ini. Falling back to default.
LogInit: Display: Running engine for game: UpSkill_Prototype
LogPlatformFile: Not using cached read wrapper
LogTaskGraph: Started task graph with 5 named threads and 14 total threads with 3 sets of task threads.
LogStats: Stats thread started at 0.254585
LogICUInternationalization: ICU TimeZone Detection - Raw Offset: +0:00, Platform Override: ''
LogInit: Display: Loading text-based GConfig....
LogPluginManager: Mounting plugin MeshPainting
LogPluginManager: Mounting plugin XGEController
LogPluginManager: Mounting plugin Paper2D
LogPluginManager: Mounting plugin AISupport
LogPluginManager: Mounting plugin LiveLink
LogPluginManager: Mounting plugin LightPropagationVolume
LogPluginManager: Mounting plugin CameraShakePreviewer
LogPluginManager: Mounting plugin GameplayCameras
LogPluginManager: Mounting plugin OodleData
LogPluginManager: Mounting plugin OodleNetwork
LogPluginManager: Mounting plugin AnimationSharing
LogPluginManager: Mounting plugin CLionSourceCodeAccess
LogPluginManager: Mounting plugin CodeLiteSourceCodeAccess
LogPluginManager: Mounting plugin GitSourceControl
LogPluginManager: Mounting plugin KDevelopSourceCodeAccess
LogPluginManager: Mounting plugin NullSourceCodeAccess
LogPluginManager: Mounting plugin PixWinPlugin
LogPluginManager: Mounting plugin PerforceSourceControl
LogPluginManager: Mounting plugin PlasticSourceControl
LogPluginManager: Mounting plugin PluginUtils
LogPluginManager: Mounting plugin PropertyAccessNode
LogPluginManager: Mounting plugin RiderSourceCodeAccess
LogPluginManager: Mounting plugin SubversionSourceControl
LogPluginManager: Mounting plugin TextureFormatOodle
LogPluginManager: Mounting plugin UObjectPlugin
LogPluginManager: Mounting plugin VisualStudioCodeSourceCodeAccess
LogPluginManager: Mounting plugin VisualStudioSourceCodeAccess
LogPluginManager: Mounting plugin XCodeSourceCodeAccess
LogPluginManager: Mounting plugin DatasmithContent
LogPluginManager: Mounting plugin VariantManagerContent
LogPluginManager: Mounting plugin AlembicImporter
LogPluginManager: Mounting plugin AutomationUtils
LogPluginManager: Mounting plugin BackChannel
LogPluginManager: Mounting plugin ChaosCloth
LogPluginManager: Mounting plugin Niagara
LogPluginManager: Mounting plugin ChaosClothEditor
LogPluginManager: Mounting plugin ChaosEditor
LogPluginManager: Mounting plugin ChaosNiagara
LogPluginManager: Mounting plugin EnvironmentQueryEditor
LogPluginManager: Mounting plugin ChaosSolverPlugin
LogPluginManager: Mounting plugin CharacterAI
LogPluginManager: Mounting plugin GeometryCache
LogPluginManager: Mounting plugin GeometryCollectionPlugin
LogPluginManager: Mounting plugin GeometryProcessing
LogPluginManager: Mounting plugin MotoSynth
LogPluginManager: Mounting plugin OpenImageDenoise
LogPluginManager: Mounting plugin PlanarCut
LogPluginManager: Mounting plugin PlatformCrypto
LogPluginManager: Mounting plugin PythonScriptPlugin
LogPluginManager: Mounting plugin SkeletalReduction
LogPluginManager: Mounting plugin LuminPlatformFeatures
LogPluginManager: Mounting plugin MagicLeap
LogPluginManager: Mounting plugin MagicLeapLightEstimation
LogPluginManager: Mounting plugin MagicLeapMedia
LogPluginManager: Mounting plugin MagicLeapPassableWorld
LogPluginManager: Mounting plugin MLSDK
LogPluginManager: Mounting plugin AndroidMedia
LogPluginManager: Mounting plugin AvfMedia
LogPluginManager: Mounting plugin ImgMedia
LogPluginManager: Mounting plugin MediaCompositing
LogPluginManager: Mounting plugin MediaPlayerEditor
LogPluginManager: Mounting plugin WebMMedia
LogPluginManager: Mounting plugin WmfMedia
LogPluginManager: Mounting plugin TcpMessaging
LogPluginManager: Mounting plugin UdpMessaging
LogPluginManager: Mounting plugin ActorSequence
LogPluginManager: Mounting plugin LevelSequenceEditor
LogPluginManager: Mounting plugin MatineeToLevelSequence
LogPluginManager: Mounting plugin TemplateSequence
LogPluginManager: Mounting plugin OnlineSubsystem
LogPluginManager: Mounting plugin OnlineSubsystemNull
LogPluginManager: Mounting plugin OnlineSubsystemUtils
LogPluginManager: Mounting plugin LauncherChunkInstaller
LogPluginManager: Mounting plugin ActorLayerUtilities
LogPluginManager: Mounting plugin AndroidDeviceProfileSelector
LogPluginManager: Mounting plugin AndroidMoviePlayer
LogPluginManager: Mounting plugin AndroidPermission
LogPluginManager: Mounting plugin AppleImageUtils
LogPluginManager: Mounting plugin AppleMoviePlayer
LogPluginManager: Mounting plugin ArchVisCharacter
LogPluginManager: Mounting plugin AssetTags
LogPluginManager: Mounting plugin AudioCapture
LogPluginManager: Mounting plugin AudioSynesthesia
LogPluginManager: Mounting plugin CableComponent
LogPluginManager: Mounting plugin ChunkDownloader
LogPluginManager: Mounting plugin CustomMeshComponent
LogPluginManager: Mounting plugin EditableMesh
LogPluginManager: Mounting plugin ExampleDeviceProfileSelector
LogPluginManager: Mounting plugin GooglePAD
LogPluginManager: Mounting plugin GoogleCloudMessaging
LogPluginManager: Mounting plugin IOSDeviceProfileSelector
LogPluginManager: Mounting plugin LinuxDeviceProfileSelector
LogPluginManager: Mounting plugin LocationServicesBPLibrary
LogPluginManager: Mounting plugin MobilePatchingUtils
LogPluginManager: Mounting plugin OpenXR
LogPluginManager: Mounting plugin OpenXREyeTracker
LogPluginManager: Mounting plugin OpenXRHandTracking
LogPluginManager: Mounting plugin PhysXVehicles
LogPluginManager: Mounting plugin PostSplashScreen
LogPluginManager: Mounting plugin ProceduralMeshComponent
LogPluginManager: Mounting plugin PropertyAccessEditor
LogPluginManager: Mounting plugin RuntimePhysXCooking
LogPluginManager: Mounting plugin SignificanceManager
LogPluginManager: Mounting plugin SoundFields
LogPluginManager: Mounting plugin Synthesis
LogPluginManager: Mounting plugin WebMMoviePlayer
LogPluginManager: Mounting plugin WindowsMoviePlayer
LogPluginManager: Mounting plugin ScreenshotTools
LogPluginManager: Mounting plugin ProxyLODPlugin
LogPluginManager: Mounting plugin AssetManagerEditor
LogPluginManager: Mounting plugin CryptoKeys
LogPluginManager: Mounting plugin Takes
LogPluginManager: Mounting plugin CurveEditorTools
LogPluginManager: Mounting plugin DataValidation
LogPluginManager: Mounting plugin FacialAnimation
LogPluginManager: Mounting plugin GameplayTagsEditor
LogPluginManager: Mounting plugin GeometryMode
LogPluginManager: Mounting plugin MacGraphicsSwitching
LogPluginManager: Mounting plugin MaterialAnalyzer
LogPluginManager: Mounting plugin MobileLauncherProfileWizard
LogPluginManager: Mounting plugin PluginBrowser
LogPluginManager: Mounting plugin SpeedTreeImporter
LogPluginManager: Mounting plugin OnlineSubsystemGooglePlay
LogPluginManager: Mounting plugin OnlineSubsystemIOS
LogPluginManager: Mounting plugin OculusVR
LogPluginManager: Mounting plugin SteamVR
LogPluginManager: Mounting plugin ContentBrowserAssetDataSource
LogPluginManager: Mounting plugin ContentBrowserClassDataSource
LogPluginManager: Mounting plugin ContentBrowserFileDataSource
PixWinPlugin: PIX capture plugin failed to initialize! Check that the process is launched from PIX.
LogInit: Using libcurl 7.55.1-DEV
LogInit:  - built for x86_64-pc-win32
LogInit:  - supports SSL with OpenSSL/1.1.1
LogInit:  - supports HTTP deflate (compression) using libz 1.2.8
LogInit:  - other features:
LogInit:      CURL_VERSION_SSL
LogInit:      CURL_VERSION_LIBZ
LogInit:      CURL_VERSION_IPV6
LogInit:      CURL_VERSION_ASYNCHDNS
LogInit:      CURL_VERSION_LARGEFILE
LogInit:      CURL_VERSION_IDN
LogInit:  CurlRequestOptions (configurable via config and command line):
LogInit:  - bVerifyPeer = true  - Libcurl will verify peer certificate
LogInit:  - bUseHttpProxy = false  - Libcurl will NOT use HTTP proxy
LogInit:  - bDontReuseConnections = false  - Libcurl will reuse connections
LogInit:  - MaxHostConnections = 16  - Libcurl will limit the number of connections to a host
LogInit:  - LocalHostAddr = Default
LogInit:  - BufferSize = 65536
LogOnline: OSS: Creating online subsystem instance for: NULL
LogInit: WinSock: version 1.1 (2.2), MaxSocks=32767, MaxUdp=65467
LogOnline: OSS: TryLoadSubsystemAndSetDefault: Loaded subsystem for module [NULL]
LogOculusPluginWrapper: OculusPlugin initialized successfully
LogHMD: Failed initializing OVRPlugin 1.59.0
LogInit: Build: ++UE4+Release-4.27-CL-18319896
LogInit: Engine Version: 4.27.2-18319896+++UE4+Release-4.27
LogInit: Compatible Engine Version: 4.27.0-17155196+++UE4+Release-4.27
LogInit: Net CL: 17155196
LogInit: OS: Windows 10 (Release 2009) (), CPU: AMD Ryzen 3 2300X Quad-Core Processor          , GPU: NVIDIA GeForce GTX 1060 3GB
LogInit: Compiled (64-bit): Nov 30 2021 07:12:08
LogInit: Compiled with Visual C++: 19.24.28315.00
LogInit: Build Configuration: Development
LogInit: Branch Name: ++UE4+Release-4.27
LogInit: Command Line: 
LogInit: Base Directory: C:/Program Files/Epic Games/UE_4.27/Engine/Binaries/Win64/
LogInit: Allocator: TBB
LogInit: Installed Engine Build: 1
LogDevObjectVersion: Number of dev versions registered: 29
LogDevObjectVersion:   Dev-Blueprints (B0D832E4-1F89-4F0D-ACCF-7EB736FD4AA2): 10
LogDevObjectVersion:   Dev-Build (E1C64328-A22C-4D53-A36C-8E866417BD8C): 0
LogDevObjectVersion:   Dev-Core (375EC13C-06E4-48FB-B500-84F0262A717E): 4
LogDevObjectVersion:   Dev-Editor (E4B068ED-F494-42E9-A231-DA0B2E46BB41): 40
LogDevObjectVersion:   Dev-Framework (CFFC743F-43B0-4480-9391-14DF171D2073): 37
LogDevObjectVersion:   Dev-Mobile (B02B49B5-BB20-44E9-A304-32B752E40360): 3
LogDevObjectVersion:   Dev-Networking (A4E4105C-59A1-49B5-A7C5-40C4547EDFEE): 0
LogDevObjectVersion:   Dev-Online (39C831C9-5AE6-47DC-9A44-9C173E1C8E7C): 0
LogDevObjectVersion:   Dev-Physics (78F01B33-EBEA-4F98-B9B4-84EACCB95AA2): 14
LogDevObjectVersion:   Dev-Platform (6631380F-2D4D-43E0-8009-CF276956A95A): 0
LogDevObjectVersion:   Dev-Rendering (12F88B9F-8875-4AFC-A67C-D90C383ABD29): 45
LogDevObjectVersion:   Dev-Sequencer (7B5AE74C-D270-4C10-A958-57980B212A5A): 13
LogDevObjectVersion:   Dev-VR (D7296918-1DD6-4BDD-9DE2-64A83CC13884): 3
LogDevObjectVersion:   Dev-LoadTimes (C2A15278-BFE7-4AFE-6C17-90FF531DF755): 1
LogDevObjectVersion:   Private-Geometry (6EACA3D4-40EC-4CC1-B786-8BED09428FC5): 3
LogDevObjectVersion:   Dev-AnimPhys (29E575DD-E0A3-4627-9D10-D276232CDCEA): 17
LogDevObjectVersion:   Dev-Anim (AF43A65D-7FD3-4947-9873-3E8ED9C1BB05): 15
LogDevObjectVersion:   Dev-ReflectionCapture (6B266CEC-1EC7-4B8F-A30B-E4D90942FC07): 1
LogDevObjectVersion:   Dev-Automation (0DF73D61-A23F-47EA-B727-89E90C41499A): 1
LogDevObjectVersion:   FortniteMain (601D1886-AC64-4F84-AA16-D3DE0DEAC7D6): 47
LogDevObjectVersion:   FortniteRelease (E7086368-6B23-4C58-8439-1B7016265E91): 1
LogDevObjectVersion:   Dev-Enterprise (9DFFBCD6-494F-0158-E221-12823C92A888): 10
LogDevObjectVersion:   Dev-Niagara (F2AED0AC-9AFE-416F-8664-AA7FFA26D6FC): 1
LogDevObjectVersion:   Dev-Destruction (174F1F0B-B4C6-45A5-B13F-2EE8D0FB917D): 10
LogDevObjectVersion:   Dev-Physics-Ext (35F94A83-E258-406C-A318-09F59610247C): 41
LogDevObjectVersion:   Dev-PhysicsMaterial-Chaos (B68FC16E-8B1B-42E2-B453-215C058844FE): 1
LogDevObjectVersion:   Dev-CineCamera (B2E18506-4273-CFC2-A54E-F4BB758BBA07): 1
LogDevObjectVersion:   Dev-VirtualProduction (64F58936-FD1B-42BA-BA96-7289D5D0FA4E): 1
LogDevObjectVersion:   Dev-MediaFramework (6F0ED827-A609-4895-9C91-998D90180EA4): 2
LogInit: Presizing for max 25165824 objects, including 0 objects not considered by GC, pre-allocating 0 bytes for permanent pool.
LogConfig: Applying CVar settings from Section [/Script/Engine.StreamingSettings] File [F:/UpSkill/UpSkill_Prototype/Saved/Config/Windows/Engine.ini]
LogConfig: Setting CVar [[s.MinBulkDataSizeForAsyncLoading:131072]]
LogConfig: Setting CVar [[s.AsyncLoadingThreadEnabled:0]]
LogConfig: Setting CVar [[s.EventDrivenLoaderEnabled:1]]
LogConfig: Setting CVar [[s.WarnIfTimeLimitExceeded:0]]
LogConfig: Setting CVar [[s.TimeLimitExceededMultiplier:1.5]]
LogConfig: Setting CVar [[s.TimeLimitExceededMinTime:0.005]]
LogConfig: Setting CVar [[s.UseBackgroundLevelStreaming:1]]
LogConfig: Setting CVar [[s.PriorityAsyncLoadingExtraTime:15.0]]
LogConfig: Setting CVar [[s.LevelStreamingActorsUpdateTimeLimit:5.0]]
LogConfig: Setting CVar [[s.PriorityLevelStreamingActorsUpdateExtraTime:5.0]]
LogConfig: Setting CVar [[s.LevelStreamingComponentsRegistrationGranularity:10]]
LogConfig: Setting CVar [[s.UnregisterComponentsTimeLimit:1.0]]
LogConfig: Setting CVar [[s.LevelStreamingComponentsUnregistrationGranularity:5]]
LogConfig: Setting CVar [[s.FlushStreamingOnExit:1]]
LogInit: Object subsystem initialized
LogConfig: Setting CVar [[con.DebugEarlyDefault:1]]
LogConfig: Setting CVar [[r.setres:1280x720]]
[2022.11.04-20.00.17:623][  0]LogConfig: Setting CVar [[r.VSync:0]]
[2022.11.04-20.00.17:623][  0]LogConfig: Setting CVar [[r.RHICmdBypass:0]]
[2022.11.04-20.00.17:623][  0]LogConfig: Applying CVar settings from Section [/Script/Engine.RendererSettings] File [F:/UpSkill/UpSkill_Prototype/Saved/Config/Windows/Engine.ini]
[2022.11.04-20.00.17:623][  0]LogConfig: Setting CVar [[r.GPUCrashDebugging:0]]
[2022.11.04-20.00.17:623][  0]LogConfig: Applying CVar settings from Section [/Script/Engine.RendererOverrideSettings] File [F:/UpSkill/UpSkill_Prototype/Saved/Config/Windows/Engine.ini]
[2022.11.04-20.00.17:623][  0]LogConfig: Applying CVar settings from Section [/Script/Engine.StreamingSettings] File [F:/UpSkill/UpSkill_Prototype/Saved/Config/Windows/Engine.ini]
[2022.11.04-20.00.17:623][  0]LogConfig: Setting CVar [[s.MinBulkDataSizeForAsyncLoading:131072]]
[2022.11.04-20.00.17:623][  0]LogConfig: Setting CVar [[s.AsyncLoadingThreadEnabled:0]]
[2022.11.04-20.00.17:623][  0]LogConfig: Setting CVar [[s.EventDrivenLoaderEnabled:1]]
[2022.11.04-20.00.17:623][  0]LogConfig: Setting CVar [[s.WarnIfTimeLimitExceeded:0]]
[2022.11.04-20.00.17:623][  0]LogConfig: Setting CVar [[s.TimeLimitExceededMultiplier:1.5]]
[2022.11.04-20.00.17:623][  0]LogConfig: Setting CVar [[s.TimeLimitExceededMinTime:0.005]]
[2022.11.04-20.00.17:623][  0]LogConfig: Setting CVar [[s.UseBackgroundLevelStreaming:1]]
[2022.11.04-20.00.17:623][  0]LogConfig: Setting CVar [[s.PriorityAsyncLoadingExtraTime:15.0]]
[2022.11.04-20.00.17:623][  0]LogConfig: Setting CVar [[s.LevelStreamingActorsUpdateTimeLimit:5.0]]
[2022.11.04-20.00.17:623][  0]LogConfig: Setting CVar [[s.PriorityLevelStreamingActorsUpdateExtraTime:5.0]]
[2022.11.04-20.00.17:623][  0]LogConfig: Setting CVar [[s.LevelStreamingComponentsRegistrationGranularity:10]]
[2022.11.04-20.00.17:623][  0]LogConfig: Setting CVar [[s.UnregisterComponentsTimeLimit:1.0]]
[2022.11.04-20.00.17:623][  0]LogConfig: Setting CVar [[s.LevelStreamingComponentsUnregistrationGranularity:5]]
[2022.11.04-20.00.17:623][  0]LogConfig: Setting CVar [[s.FlushStreamingOnExit:1]]
[2022.11.04-20.00.17:623][  0]LogConfig: Applying CVar settings from Section [/Script/Engine.GarbageCollectionSettings] File [F:/UpSkill/UpSkill_Prototype/Saved/Config/Windows/Engine.ini]
[2022.11.04-20.00.17:623][  0]LogConfig: Setting CVar [[gc.MaxObjectsNotConsideredByGC:1]]
[2022.11.04-20.00.17:623][  0]LogConfig: Setting CVar [[gc.SizeOfPermanentObjectPool:0]]
[2022.11.04-20.00.17:623][  0]LogConfig: Setting CVar [[gc.FlushStreamingOnGC:0]]
[2022.11.04-20.00.17:623][  0]LogConfig: Setting CVar [[gc.NumRetriesBeforeForcingGC:10]]
[2022.11.04-20.00.17:623][  0]LogConfig: Setting CVar [[gc.AllowParallelGC:1]]
[2022.11.04-20.00.17:623][  0]LogConfig: Setting CVar [[gc.TimeBetweenPurgingPendingKillObjects:61.1]]
[2022.11.04-20.00.17:623][  0]LogConfig: Setting CVar [[gc.MaxObjectsInEditor:25165824]]
[2022.11.04-20.00.17:623][  0]LogConfig: Setting CVar [[gc.IncrementalBeginDestroyEnabled:1]]
[2022.11.04-20.00.17:623][  0]LogConfig: Setting CVar [[gc.CreateGCClusters:1]]
[2022.11.04-20.00.17:623][  0]LogConfig: Setting CVar [[gc.MinGCClusterSize:5]]
[2022.11.04-20.00.17:623][  0]LogConfig: Setting CVar [[gc.ActorClusteringEnabled:0]]
[2022.11.04-20.00.17:623][  0]LogConfig: Setting CVar [[gc.BlueprintClusteringEnabled:0]]
[2022.11.04-20.00.17:623][  0]LogConfig: Setting CVar [[gc.UseDisregardForGCOnDedicatedServers:0]]
[2022.11.04-20.00.17:623][  0]LogConfig: Setting CVar [[gc.MultithreadedDestructionEnabled:1]]
[2022.11.04-20.00.17:623][  0]LogConfig: Applying CVar settings from Section [/Script/Engine.NetworkSettings] File [F:/UpSkill/UpSkill_Prototype/Saved/Config/Windows/Engine.ini]
[2022.11.04-20.00.17:624][  0]LogConfig: Applying CVar settings from Section [/Script/UnrealEd.CookerSettings] File [F:/UpSkill/UpSkill_Prototype/Saved/Config/Windows/Engine.ini]
[2022.11.04-20.00.17:670][  0]LogConfig: Applying CVar settings from Section [ViewDistanceQuality@3] File [F:/UpSkill/UpSkill_Prototype/Saved/Config/Windows/Scalability.ini]
[2022.11.04-20.00.17:670][  0]LogConfig: Setting CVar [[r.SkeletalMeshLODBias:0]]
[2022.11.04-20.00.17:670][  0]LogConfig: Setting CVar [[r.ViewDistanceScale:1.0]]
[2022.11.04-20.00.17:670][  0]LogConfig: Applying CVar settings from Section [AntiAliasingQuality@3] File [F:/UpSkill/UpSkill_Prototype/Saved/Config/Windows/Scalability.ini]
[2022.11.04-20.00.17:670][  0]LogConfig: Setting CVar [[r.PostProcessAAQuality:4]]
[2022.11.04-20.00.17:670][  0]LogConfig: Applying CVar settings from Section [ShadowQuality@3] File [F:/UpSkill/UpSkill_Prototype/Saved/Config/Windows/Scalability.ini]
[2022.11.04-20.00.17:670][  0]LogConfig: Setting CVar [[r.LightFunctionQuality:1]]
[2022.11.04-20.00.17:670][  0]LogConfig: Setting CVar [[r.ShadowQuality:5]]
[2022.11.04-20.00.17:670][  0]LogConfig: Setting CVar [[r.Shadow.CSM.MaxCascades:10]]
[2022.11.04-20.00.17:670][  0]LogConfig: Setting CVar [[r.Shadow.MaxResolution:2048]]
[2022.11.04-20.00.17:670][  0]LogConfig: Setting CVar [[r.Shadow.MaxCSMResolution:2048]]
[2022.11.04-20.00.17:670][  0]LogConfig: Setting CVar [[r.Shadow.RadiusThreshold:0.01]]
[2022.11.04-20.00.17:670][  0]LogConfig: Setting CVar [[r.Shadow.DistanceScale:1.0]]
[2022.11.04-20.00.17:670][  0]LogConfig: Setting CVar [[r.Shadow.CSM.TransitionScale:1.0]]
[2022.11.04-20.00.17:670][  0]LogConfig: Setting CVar [[r.Shadow.PreShadowResolutionFactor:1.0]]
[2022.11.04-20.00.17:670][  0]LogConfig: Setting CVar [[r.DistanceFieldShadowing:1]]
[2022.11.04-20.00.17:670][  0]LogConfig: Setting CVar [[r.DistanceFieldAO:1]]
[2022.11.04-20.00.17:670][  0]LogConfig: Setting CVar [[r.AOQuality:2]]
[2022.11.04-20.00.17:670][  0]LogConfig: Setting CVar [[r.VolumetricFog:1]]
[2022.11.04-20.00.17:670][  0]LogConfig: Setting CVar [[r.VolumetricFog.GridPixelSize:8]]
[2022.11.04-20.00.17:671][  0]LogConfig: Setting CVar [[r.VolumetricFog.GridSizeZ:128]]
[2022.11.04-20.00.17:671][  0]LogConfig: Setting CVar [[r.VolumetricFog.HistoryMissSupersampleCount:4]]
[2022.11.04-20.00.17:671][  0]LogConfig: Setting CVar [[r.LightMaxDrawDistanceScale:1]]
[2022.11.04-20.00.17:671][  0]LogConfig: Setting CVar [[r.CapsuleShadows:1]]
[2022.11.04-20.00.17:671][  0]LogConfig: Applying CVar settings from Section [PostProcessQuality@3] File [F:/UpSkill/UpSkill_Prototype/Saved/Config/Windows/Scalability.ini]
[2022.11.04-20.00.17:671][  0]LogConfig: Setting CVar [[r.MotionBlurQuality:4]]
[2022.11.04-20.00.17:671][  0]LogConfig: Setting CVar [[r.AmbientOcclusionMipLevelFactor:0.4]]
[2022.11.04-20.00.17:671][  0]LogConfig: Setting CVar [[r.AmbientOcclusionMaxQuality:100]]
[2022.11.04-20.00.17:671][  0]LogConfig: Setting CVar [[r.AmbientOcclusionLevels:-1]]
[2022.11.04-20.00.17:671][  0]LogConfig: Setting CVar [[r.AmbientOcclusionRadiusScale:1.0]]
[2022.11.04-20.00.17:671][  0]LogConfig: Setting CVar [[r.DepthOfFieldQuality:2]]
[2022.11.04-20.00.17:671][  0]LogConfig: Setting CVar [[r.RenderTargetPoolMin:400]]
[2022.11.04-20.00.17:671][  0]LogConfig: Setting CVar [[r.LensFlareQuality:2]]
[2022.11.04-20.00.17:671][  0]LogConfig: Setting CVar [[r.SceneColorFringeQuality:1]]
[2022.11.04-20.00.17:671][  0]LogConfig: Setting CVar [[r.EyeAdaptationQuality:2]]
[2022.11.04-20.00.17:671][  0]LogConfig: Setting CVar [[r.BloomQuality:5]]
[2022.11.04-20.00.17:671][  0]LogConfig: Setting CVar [[r.FastBlurThreshold:100]]
[2022.11.04-20.00.17:671][  0]LogConfig: Setting CVar [[r.Upscale.Quality:3]]
[2022.11.04-20.00.17:671][  0]LogConfig: Setting CVar [[r.Tonemapper.GrainQuantization:1]]
[2022.11.04-20.00.17:671][  0]LogConfig: Setting CVar [[r.LightShaftQuality:1]]
[2022.11.04-20.00.17:671][  0]LogConfig: Setting CVar [[r.Filter.SizeScale:1]]
[2022.11.04-20.00.17:671][  0]LogConfig: Setting CVar [[r.Tonemapper.Quality:5]]
[2022.11.04-20.00.17:671][  0]LogConfig: Setting CVar [[r.DOF.Gather.AccumulatorQuality:1        ; higher gathering accumulator quality]]
[2022.11.04-20.00.17:671][  0]LogConfig: Setting CVar [[r.DOF.Gather.PostfilterMethod:1          ; Median3x3 postfilering method]]
[2022.11.04-20.00.17:671][  0]LogConfig: Setting CVar [[r.DOF.Gather.EnableBokehSettings:0       ; no bokeh simulation when gathering]]
[2022.11.04-20.00.17:671][  0]LogConfig: Setting CVar [[r.DOF.Gather.RingCount:4                 ; medium number of samples when gathering]]
[2022.11.04-20.00.17:671][  0]LogConfig: Setting CVar [[r.DOF.Scatter.ForegroundCompositing:1    ; additive foreground scattering]]
[2022.11.04-20.00.17:671][  0]LogConfig: Setting CVar [[r.DOF.Scatter.BackgroundCompositing:2    ; additive background scattering]]
[2022.11.04-20.00.17:671][  0]LogConfig: Setting CVar [[r.DOF.Scatter.EnableBokehSettings:1      ; bokeh simulation when scattering]]
[2022.11.04-20.00.17:671][  0]LogConfig: Setting CVar [[r.DOF.Scatter.MaxSpriteRatio:0.1         ; only a maximum of 10% of scattered bokeh]]
[2022.11.04-20.00.17:671][  0]LogConfig: Setting CVar [[r.DOF.Recombine.Quality:1                ; cheap slight out of focus]]
[2022.11.04-20.00.17:671][  0]LogConfig: Setting CVar [[r.DOF.Recombine.EnableBokehSettings:0    ; no bokeh simulation on slight out of focus]]
[2022.11.04-20.00.17:671][  0]LogConfig: Setting CVar [[r.DOF.TemporalAAQuality:1                ; more stable temporal accumulation]]
[2022.11.04-20.00.17:671][  0]LogConfig: Setting CVar [[r.DOF.Kernel.MaxForegroundRadius:0.025]]
[2022.11.04-20.00.17:671][  0]LogConfig: Setting CVar [[r.DOF.Kernel.MaxBackgroundRadius:0.025]]
[2022.11.04-20.00.17:671][  0]LogConfig: Applying CVar settings from Section [TextureQuality@3] File [F:/UpSkill/UpSkill_Prototype/Saved/Config/Windows/Scalability.ini]
[2022.11.04-20.00.17:671][  0]LogConfig: Setting CVar [[r.Streaming.MipBias:0]]
[2022.11.04-20.00.17:671][  0]LogConfig: Setting CVar [[r.Streaming.AmortizeCPUToGPUCopy:0]]
[2022.11.04-20.00.17:671][  0]LogConfig: Setting CVar [[r.Streaming.MaxNumTexturesToStreamPerFrame:0]]
[2022.11.04-20.00.17:671][  0]LogConfig: Setting CVar [[r.Streaming.Boost:1]]
[2022.11.04-20.00.17:671][  0]LogConfig: Setting CVar [[r.MaxAnisotropy:8]]
[2022.11.04-20.00.17:671][  0]LogConfig: Setting CVar [[r.VT.MaxAnisotropy:8]]
[2022.11.04-20.00.17:671][  0]LogConfig: Setting CVar [[r.Streaming.LimitPoolSizeToVRAM:0]]
[2022.11.04-20.00.17:671][  0]LogConfig: Setting CVar [[r.Streaming.PoolSize:1000]]
[2022.11.04-20.00.17:671][  0]LogConfig: Setting CVar [[r.Streaming.MaxEffectiveScreenSize:0]]
[2022.11.04-20.00.17:671][  0]LogConfig: Applying CVar settings from Section [EffectsQuality@3] File [F:/UpSkill/UpSkill_Prototype/Saved/Config/Windows/Scalability.ini]
[2022.11.04-20.00.17:671][  0]LogConfig: Setting CVar [[r.TranslucencyLightingVolumeDim:64]]
[2022.11.04-20.00.17:671][  0]LogConfig: Setting CVar [[r.RefractionQuality:2]]
[2022.11.04-20.00.17:671][  0]LogConfig: Setting CVar [[r.SSR.Quality:3]]
[2022.11.04-20.00.17:671][  0]LogConfig: Setting CVar [[r.SSR.HalfResSceneColor:0]]
[2022.11.04-20.00.17:671][  0]LogConfig: Setting CVar [[r.SceneColorFormat:4]]
[2022.11.04-20.00.17:671][  0]LogConfig: Setting CVar [[r.DetailMode:2]]
[2022.11.04-20.00.17:671][  0]LogConfig: Setting CVar [[r.TranslucencyVolumeBlur:1]]
[2022.11.04-20.00.17:671][  0]LogConfig: Setting CVar [[r.MaterialQualityLevel:1 ; High quality]]
[2022.11.04-20.00.17:671][  0]LogConfig: Setting CVar [[r.AnisotropicMaterials:1]]
[2022.11.04-20.00.17:671][  0]LogConfig: Setting CVar [[r.SSS.Scale:1]]
[2022.11.04-20.00.17:671][  0]LogConfig: Setting CVar [[r.SSS.SampleSet:2]]
[2022.11.04-20.00.17:671][  0]LogConfig: Setting CVar [[r.SSS.Quality:1]]
[2022.11.04-20.00.17:671][  0]LogConfig: Setting CVar [[r.SSS.HalfRes:0]]
[2022.11.04-20.00.17:671][  0]LogConfig: Setting CVar [[r.SSGI.Quality:3]]
[2022.11.04-20.00.17:671][  0]LogConfig: Setting CVar [[r.EmitterSpawnRateScale:1.0]]
[2022.11.04-20.00.17:671][  0]LogConfig: Setting CVar [[r.ParticleLightQuality:2]]
[2022.11.04-20.00.17:671][  0]LogConfig: Setting CVar [[r.SkyAtmosphere.AerialPerspectiveLUT.FastApplyOnOpaque:1 ; Always have FastSkyLUT 1 in this case to avoid wrong sky]]
[2022.11.04-20.00.17:671][  0]LogConfig: Setting CVar [[r.SkyAtmosphere.AerialPerspectiveLUT.SampleCountMaxPerSlice:4]]
[2022.11.04-20.00.17:671][  0]LogConfig: Setting CVar [[r.SkyAtmosphere.AerialPerspectiveLUT.DepthResolution:16.0]]
[2022.11.04-20.00.17:671][  0]LogConfig: Setting CVar [[r.SkyAtmosphere.FastSkyLUT:1]]
[2022.11.04-20.00.17:671][  0]LogConfig: Setting CVar [[r.SkyAtmosphere.FastSkyLUT.SampleCountMin:4.0]]
[2022.11.04-20.00.17:671][  0]LogConfig: Setting CVar [[r.SkyAtmosphere.FastSkyLUT.SampleCountMax:128.0]]
[2022.11.04-20.00.17:671][  0]LogConfig: Setting CVar [[r.SkyAtmosphere.SampleCountMin:4.0]]
[2022.11.04-20.00.17:671][  0]LogConfig: Setting CVar [[r.SkyAtmosphere.SampleCountMax:128.0]]
[2022.11.04-20.00.17:671][  0]LogConfig: Setting CVar [[r.SkyAtmosphere.TransmittanceLUT.UseSmallFormat:0]]
[2022.11.04-20.00.17:671][  0]LogConfig: Setting CVar [[r.SkyAtmosphere.TransmittanceLUT.SampleCount:10.0]]
[2022.11.04-20.00.17:671][  0]LogConfig: Setting CVar [[r.SkyAtmosphere.MultiScatteringLUT.SampleCount:15.0]]
[2022.11.04-20.00.17:671][  0]LogConfig: Setting CVar [[r.SkyLight.RealTimeReflectionCapture:1]]
[2022.11.04-20.00.17:671][  0]LogConfig: Applying CVar settings from Section [FoliageQuality@3] File [F:/UpSkill/UpSkill_Prototype/Saved/Config/Windows/Scalability.ini]
[2022.11.04-20.00.17:671][  0]LogConfig: Setting CVar [[foliage.DensityScale:1.0]]
[2022.11.04-20.00.17:671][  0]LogConfig: Setting CVar [[grass.DensityScale:1.0]]
[2022.11.04-20.00.17:671][  0]LogConfig: Applying CVar settings from Section [ShadingQuality@3] File [F:/UpSkill/UpSkill_Prototype/Saved/Config/Windows/Scalability.ini]
[2022.11.04-20.00.17:671][  0]LogConfig: Setting CVar [[r.HairStrands.SkyLighting.IntegrationType:2]]
[2022.11.04-20.00.17:671][  0]LogConfig: Setting CVar [[r.HairStrands.SkyAO.SampleCount:4]]
[2022.11.04-20.00.17:672][  0]LogConfig: Setting CVar [[r.HairStrands.Visibility.MSAA.SamplePerPixel:4]]
[2022.11.04-20.00.17:672][  0]LogInit: Selected Device Profile: [Windows]
[2022.11.04-20.00.17:672][  0]LogInit: Applying CVar settings loaded from the selected device profile: [Windows]
[2022.11.04-20.00.17:672][  0]LogHAL: Display: Platform has ~ 16 GB [17105715200 / 17179869184 / 16], which maps to Larger [LargestMinGB=32, LargerMinGB=12, DefaultMinGB=8, SmallerMinGB=6, SmallestMinGB=0)
[2022.11.04-20.00.17:672][  0]LogInit: Going up to parent DeviceProfile []
[2022.11.04-20.00.17:672][  0]LogConfig: Applying CVar settings from Section [ViewDistanceQuality@3] File [F:/UpSkill/UpSkill_Prototype/Saved/Config/Windows/Scalability.ini]
[2022.11.04-20.00.17:672][  0]LogConfig: Setting CVar [[r.SkeletalMeshLODBias:0]]
[2022.11.04-20.00.17:672][  0]LogConfig: Setting CVar [[r.ViewDistanceScale:1.0]]
[2022.11.04-20.00.17:672][  0]LogConfig: Applying CVar settings from Section [AntiAliasingQuality@3] File [F:/UpSkill/UpSkill_Prototype/Saved/Config/Windows/Scalability.ini]
[2022.11.04-20.00.17:672][  0]LogConfig: Setting CVar [[r.PostProcessAAQuality:4]]
[2022.11.04-20.00.17:672][  0]LogConfig: Applying CVar settings from Section [ShadowQuality@3] File [F:/UpSkill/UpSkill_Prototype/Saved/Config/Windows/Scalability.ini]
[2022.11.04-20.00.17:672][  0]LogConfig: Setting CVar [[r.LightFunctionQuality:1]]
[2022.11.04-20.00.17:672][  0]LogConfig: Setting CVar [[r.ShadowQuality:5]]
[2022.11.04-20.00.17:672][  0]LogConfig: Setting CVar [[r.Shadow.CSM.MaxCascades:10]]
[2022.11.04-20.00.17:672][  0]LogConfig: Setting CVar [[r.Shadow.MaxResolution:2048]]
[2022.11.04-20.00.17:672][  0]LogConfig: Setting CVar [[r.Shadow.MaxCSMResolution:2048]]
[2022.11.04-20.00.17:672][  0]LogConfig: Setting CVar [[r.Shadow.RadiusThreshold:0.01]]
[2022.11.04-20.00.17:672][  0]LogConfig: Setting CVar [[r.Shadow.DistanceScale:1.0]]
[2022.11.04-20.00.17:672][  0]LogConfig: Setting CVar [[r.Shadow.CSM.TransitionScale:1.0]]
[2022.11.04-20.00.17:672][  0]LogConfig: Setting CVar [[r.Shadow.PreShadowResolutionFactor:1.0]]
[2022.11.04-20.00.17:672][  0]LogConfig: Setting CVar [[r.DistanceFieldShadowing:1]]
[2022.11.04-20.00.17:672][  0]LogConfig: Setting CVar [[r.DistanceFieldAO:1]]
[2022.11.04-20.00.17:672][  0]LogConfig: Setting CVar [[r.AOQuality:2]]
[2022.11.04-20.00.17:672][  0]LogConfig: Setting CVar [[r.VolumetricFog:1]]
[2022.11.04-20.00.17:672][  0]LogConfig: Setting CVar [[r.VolumetricFog.GridPixelSize:8]]
[2022.11.04-20.00.17:672][  0]LogConfig: Setting CVar [[r.VolumetricFog.GridSizeZ:128]]
[2022.11.04-20.00.17:672][  0]LogConfig: Setting CVar [[r.VolumetricFog.HistoryMissSupersampleCount:4]]
[2022.11.04-20.00.17:672][  0]LogConfig: Setting CVar [[r.LightMaxDrawDistanceScale:1]]
[2022.11.04-20.00.17:672][  0]LogConfig: Setting CVar [[r.CapsuleShadows:1]]
[2022.11.04-20.00.17:672][  0]LogConfig: Applying CVar settings from Section [PostProcessQuality@3] File [F:/UpSkill/UpSkill_Prototype/Saved/Config/Windows/Scalability.ini]
[2022.11.04-20.00.17:672][  0]LogConfig: Setting CVar [[r.MotionBlurQuality:4]]
[2022.11.04-20.00.17:672][  0]LogConfig: Setting CVar [[r.AmbientOcclusionMipLevelFactor:0.4]]
[2022.11.04-20.00.17:672][  0]LogConfig: Setting CVar [[r.AmbientOcclusionMaxQuality:100]]
[2022.11.04-20.00.17:672][  0]LogConfig: Setting CVar [[r.AmbientOcclusionLevels:-1]]
[2022.11.04-20.00.17:672][  0]LogConfig: Setting CVar [[r.AmbientOcclusionRadiusScale:1.0]]
[2022.11.04-20.00.17:672][  0]LogConfig: Setting CVar [[r.DepthOfFieldQuality:2]]
[2022.11.04-20.00.17:672][  0]LogConfig: Setting CVar [[r.RenderTargetPoolMin:400]]
[2022.11.04-20.00.17:672][  0]LogConfig: Setting CVar [[r.LensFlareQuality:2]]
[2022.11.04-20.00.17:672][  0]LogConfig: Setting CVar [[r.SceneColorFringeQuality:1]]
[2022.11.04-20.00.17:672][  0]LogConfig: Setting CVar [[r.EyeAdaptationQuality:2]]
[2022.11.04-20.00.17:672][  0]LogConfig: Setting CVar [[r.BloomQuality:5]]
[2022.11.04-20.00.17:672][  0]LogConfig: Setting CVar [[r.FastBlurThreshold:100]]
[2022.11.04-20.00.17:672][  0]LogConfig: Setting CVar [[r.Upscale.Quality:3]]
[2022.11.04-20.00.17:672][  0]LogConfig: Setting CVar [[r.Tonemapper.GrainQuantization:1]]
[2022.11.04-20.00.17:672][  0]LogConfig: Setting CVar [[r.LightShaftQuality:1]]
[2022.11.04-20.00.17:672][  0]LogConfig: Setting CVar [[r.Filter.SizeScale:1]]
[2022.11.04-20.00.17:672][  0]LogConfig: Setting CVar [[r.Tonemapper.Quality:5]]
[2022.11.04-20.00.17:672][  0]LogConfig: Setting CVar [[r.DOF.Gather.AccumulatorQuality:1        ; higher gathering accumulator quality]]
[2022.11.04-20.00.17:672][  0]LogConfig: Setting CVar [[r.DOF.Gather.PostfilterMethod:1          ; Median3x3 postfilering method]]
[2022.11.04-20.00.17:672][  0]LogConfig: Setting CVar [[r.DOF.Gather.EnableBokehSettings:0       ; no bokeh simulation when gathering]]
[2022.11.04-20.00.17:672][  0]LogConfig: Setting CVar [[r.DOF.Gather.RingCount:4                 ; medium number of samples when gathering]]
[2022.11.04-20.00.17:672][  0]LogConfig: Setting CVar [[r.DOF.Scatter.ForegroundCompositing:1    ; additive foreground scattering]]
[2022.11.04-20.00.17:672][  0]LogConfig: Setting CVar [[r.DOF.Scatter.BackgroundCompositing:2    ; additive background scattering]]
[2022.11.04-20.00.17:672][  0]LogConfig: Setting CVar [[r.DOF.Scatter.EnableBokehSettings:1      ; bokeh simulation when scattering]]
[2022.11.04-20.00.17:672][  0]LogConfig: Setting CVar [[r.DOF.Scatter.MaxSpriteRatio:0.1         ; only a maximum of 10% of scattered bokeh]]
[2022.11.04-20.00.17:672][  0]LogConfig: Setting CVar [[r.DOF.Recombine.Quality:1                ; cheap slight out of focus]]
[2022.11.04-20.00.17:672][  0]LogConfig: Setting CVar [[r.DOF.Recombine.EnableBokehSettings:0    ; no bokeh simulation on slight out of focus]]
[2022.11.04-20.00.17:672][  0]LogConfig: Setting CVar [[r.DOF.TemporalAAQuality:1                ; more stable temporal accumulation]]
[2022.11.04-20.00.17:672][  0]LogConfig: Setting CVar [[r.DOF.Kernel.MaxForegroundRadius:0.025]]
[2022.11.04-20.00.17:672][  0]LogConfig: Setting CVar [[r.DOF.Kernel.MaxBackgroundRadius:0.025]]
[2022.11.04-20.00.17:672][  0]LogConfig: Applying CVar settings from Section [TextureQuality@3] File [F:/UpSkill/UpSkill_Prototype/Saved/Config/Windows/Scalability.ini]
[2022.11.04-20.00.17:672][  0]LogConfig: Setting CVar [[r.Streaming.MipBias:0]]
[2022.11.04-20.00.17:672][  0]LogConfig: Setting CVar [[r.Streaming.AmortizeCPUToGPUCopy:0]]
[2022.11.04-20.00.17:672][  0]LogConfig: Setting CVar [[r.Streaming.MaxNumTexturesToStreamPerFrame:0]]
[2022.11.04-20.00.17:672][  0]LogConfig: Setting CVar [[r.Streaming.Boost:1]]
[2022.11.04-20.00.17:672][  0]LogConfig: Setting CVar [[r.MaxAnisotropy:8]]
[2022.11.04-20.00.17:672][  0]LogConfig: Setting CVar [[r.VT.MaxAnisotropy:8]]
[2022.11.04-20.00.17:672][  0]LogConfig: Setting CVar [[r.Streaming.LimitPoolSizeToVRAM:0]]
[2022.11.04-20.00.17:672][  0]LogConfig: Setting CVar [[r.Streaming.PoolSize:1000]]
[2022.11.04-20.00.17:672][  0]LogConfig: Setting CVar [[r.Streaming.MaxEffectiveScreenSize:0]]
[2022.11.04-20.00.17:672][  0]LogConfig: Applying CVar settings from Section [EffectsQuality@3] File [F:/UpSkill/UpSkill_Prototype/Saved/Config/Windows/Scalability.ini]
[2022.11.04-20.00.17:672][  0]LogConfig: Setting CVar [[r.TranslucencyLightingVolumeDim:64]]
[2022.11.04-20.00.17:672][  0]LogConfig: Setting CVar [[r.RefractionQuality:2]]
[2022.11.04-20.00.17:672][  0]LogConfig: Setting CVar [[r.SSR.Quality:3]]
[2022.11.04-20.00.17:673][  0]LogConfig: Setting CVar [[r.SSR.HalfResSceneColor:0]]
[2022.11.04-20.00.17:673][  0]LogConfig: Setting CVar [[r.SceneColorFormat:4]]
[2022.11.04-20.00.17:673][  0]LogConfig: Setting CVar [[r.DetailMode:2]]
[2022.11.04-20.00.17:673][  0]LogConfig: Setting CVar [[r.TranslucencyVolumeBlur:1]]
[2022.11.04-20.00.17:673][  0]LogConfig: Setting CVar [[r.MaterialQualityLevel:1 ; High quality]]
[2022.11.04-20.00.17:673][  0]LogConfig: Setting CVar [[r.AnisotropicMaterials:1]]
[2022.11.04-20.00.17:673][  0]LogConfig: Setting CVar [[r.SSS.Scale:1]]
[2022.11.04-20.00.17:673][  0]LogConfig: Setting CVar [[r.SSS.SampleSet:2]]
[2022.11.04-20.00.17:673][  0]LogConfig: Setting CVar [[r.SSS.Quality:1]]
[2022.11.04-20.00.17:673][  0]LogConfig: Setting CVar [[r.SSS.HalfRes:0]]
[2022.11.04-20.00.17:673][  0]LogConfig: Setting CVar [[r.SSGI.Quality:3]]
[2022.11.04-20.00.17:673][  0]LogConfig: Setting CVar [[r.EmitterSpawnRateScale:1.0]]
[2022.11.04-20.00.17:673][  0]LogConfig: Setting CVar [[r.ParticleLightQuality:2]]
[2022.11.04-20.00.17:673][  0]LogConfig: Setting CVar [[r.SkyAtmosphere.AerialPerspectiveLUT.FastApplyOnOpaque:1 ; Always have FastSkyLUT 1 in this case to avoid wrong sky]]
[2022.11.04-20.00.17:673][  0]LogConfig: Setting CVar [[r.SkyAtmosphere.AerialPerspectiveLUT.SampleCountMaxPerSlice:4]]
[2022.11.04-20.00.17:673][  0]LogConfig: Setting CVar [[r.SkyAtmosphere.AerialPerspectiveLUT.DepthResolution:16.0]]
[2022.11.04-20.00.17:673][  0]LogConfig: Setting CVar [[r.SkyAtmosphere.FastSkyLUT:1]]
[2022.11.04-20.00.17:673][  0]LogConfig: Setting CVar [[r.SkyAtmosphere.FastSkyLUT.SampleCountMin:4.0]]
[2022.11.04-20.00.17:673][  0]LogConfig: Setting CVar [[r.SkyAtmosphere.FastSkyLUT.SampleCountMax:128.0]]
[2022.11.04-20.00.17:673][  0]LogConfig: Setting CVar [[r.SkyAtmosphere.SampleCountMin:4.0]]
[2022.11.04-20.00.17:673][  0]LogConfig: Setting CVar [[r.SkyAtmosphere.SampleCountMax:128.0]]
[2022.11.04-20.00.17:673][  0]LogConfig: Setting CVar [[r.SkyAtmosphere.TransmittanceLUT.UseSmallFormat:0]]
[2022.11.04-20.00.17:673][  0]LogConfig: Setting CVar [[r.SkyAtmosphere.TransmittanceLUT.SampleCount:10.0]]
[2022.11.04-20.00.17:673][  0]LogConfig: Setting CVar [[r.SkyAtmosphere.MultiScatteringLUT.SampleCount:15.0]]
[2022.11.04-20.00.17:673][  0]LogConfig: Setting CVar [[r.SkyLight.RealTimeReflectionCapture:1]]
[2022.11.04-20.00.17:673][  0]LogConfig: Applying CVar settings from Section [FoliageQuality@3] File [F:/UpSkill/UpSkill_Prototype/Saved/Config/Windows/Scalability.ini]
[2022.11.04-20.00.17:673][  0]LogConfig: Setting CVar [[foliage.DensityScale:1.0]]
[2022.11.04-20.00.17:673][  0]LogConfig: Setting CVar [[grass.DensityScale:1.0]]
[2022.11.04-20.00.17:673][  0]LogConfig: Applying CVar settings from Section [ShadingQuality@3] File [F:/UpSkill/UpSkill_Prototype/Saved/Config/Windows/Scalability.ini]
[2022.11.04-20.00.17:673][  0]LogConfig: Setting CVar [[r.HairStrands.SkyLighting.IntegrationType:2]]
[2022.11.04-20.00.17:673][  0]LogConfig: Setting CVar [[r.HairStrands.SkyAO.SampleCount:4]]
[2022.11.04-20.00.17:673][  0]LogConfig: Setting CVar [[r.HairStrands.Visibility.MSAA.SamplePerPixel:4]]
[2022.11.04-20.00.17:673][  0]LogConfig: Applying CVar settings from Section [Startup] File [../../../Engine/Config/ConsoleVariables.ini]
[2022.11.04-20.00.17:674][  0]LogConfig: Setting CVar [[net.UseAdaptiveNetUpdateFrequency:0]]
[2022.11.04-20.00.17:674][  0]LogConfig: Setting CVar [[p.chaos.AllowCreatePhysxBodies:1]]
[2022.11.04-20.00.17:674][  0]LogConfig: Setting CVar [[fx.SkipVectorVMBackendOptimizations:1]]
[2022.11.04-20.00.17:674][  0]LogConfig: Applying CVar settings from Section [ConsoleVariables] File [F:/UpSkill/UpSkill_Prototype/Saved/Config/Windows/Engine.ini]
[2022.11.04-20.00.17:674][  0]LogConfig: Applying CVar settings from Section [ConsoleVariables] File [F:/UpSkill/UpSkill_Prototype/Saved/Config/Windows/Editor.ini]
[2022.11.04-20.00.17:674][  0]LogInit: Computer: DESKTOP-4AROMCF
[2022.11.04-20.00.17:674][  0]LogInit: User: Nathan
[2022.11.04-20.00.17:674][  0]LogInit: CPU Page size=4096, Cores=4
[2022.11.04-20.00.17:674][  0]LogInit: High frequency timer resolution =10.000000 MHz
[2022.11.04-20.00.17:674][  0]LogMemory: Memory total: Physical=15.9GB (16GB approx)
[2022.11.04-20.00.17:674][  0]LogMemory: Platform Memory Stats for Windows
[2022.11.04-20.00.17:674][  0]LogMemory: Process Physical Memory: 143.35 MB used, 145.71 MB peak
[2022.11.04-20.00.17:674][  0]LogMemory: Process Virtual Memory: 113.16 MB used, 113.16 MB peak
[2022.11.04-20.00.17:674][  0]LogMemory: Physical Memory: 6899.37 MB used,  9413.91 MB free, 16313.28 MB total
[2022.11.04-20.00.17:674][  0]LogMemory: Virtual Memory: 134210872.00 MB used,  6854.99 MB free, 134217728.00 MB total
[2022.11.04-20.00.17:679][  0]LogWindows: WindowsPlatformFeatures enabled
[2022.11.04-20.00.17:725][  0]LogInit: Physics initialised using underlying interface: PhysX
[2022.11.04-20.00.17:726][  0]LogInit: Using OS detected language (en-GB).
[2022.11.04-20.00.17:726][  0]LogInit: Using OS detected locale (en-GB).
[2022.11.04-20.00.17:735][  0]LogTextLocalizationManager: No specific localization for 'en-GB' exists, so the 'en' localization will be used.
[2022.11.04-20.00.17:957][  0]LogInit: Setting process to per monitor DPI aware
[2022.11.04-20.00.22:596][  0]LogWindowsTextInputMethodSystem: Display: IME system deactivated.
[2022.11.04-20.00.22:612][  0]LogSlate: New Slate User Created.  User Index 0, Is Virtual User: 0
[2022.11.04-20.00.22:612][  0]LogSlate: Slate User Registered.  User Index 0, Is Virtual User: 0
[2022.11.04-20.00.22:765][  0]LogD3D11RHI: Loaded GFSDK_Aftermath_Lib.x64.dll
[2022.11.04-20.00.22:768][  0]LogHMD: Failed to initialize OpenVR with code 102
[2022.11.04-20.00.22:768][  0]LogD3D11RHI: D3D11 min allowed feature level: 11_0
[2022.11.04-20.00.22:768][  0]LogD3D11RHI: D3D11 max allowed feature level: 11_0
[2022.11.04-20.00.22:768][  0]LogD3D11RHI: D3D11 adapters:
[2022.11.04-20.00.22:873][  0]LogD3D11RHI:    0. 'NVIDIA GeForce GTX 1060 3GB' (Feature Level 11_0)
[2022.11.04-20.00.22:873][  0]LogD3D11RHI:       2988/0/8156 MB DedicatedVideo/DedicatedSystem/SharedSystem, Outputs:2, VendorId:0x10de
[2022.11.04-20.00.22:875][  0]LogD3D11RHI:    1. 'Microsoft Basic Render Driver' (Feature Level 11_0)
[2022.11.04-20.00.22:875][  0]LogD3D11RHI:       0/0/8156 MB DedicatedVideo/DedicatedSystem/SharedSystem, Outputs:0, VendorId:0x1414
[2022.11.04-20.00.22:875][  0]LogD3D11RHI: Chosen D3D11 Adapter:
[2022.11.04-20.00.22:875][  0]LogD3D11RHI:     Description : NVIDIA GeForce GTX 1060 3GB
[2022.11.04-20.00.22:875][  0]LogD3D11RHI:     VendorId    : 10de
[2022.11.04-20.00.22:875][  0]LogD3D11RHI:     DeviceId    : 1c02
[2022.11.04-20.00.22:875][  0]LogD3D11RHI:     SubSysId    : 61623842
[2022.11.04-20.00.22:875][  0]LogD3D11RHI:     Revision    : 00a1
[2022.11.04-20.00.22:875][  0]LogD3D11RHI:     DedicatedVideoMemory : 3133145088 bytes
[2022.11.04-20.00.22:875][  0]LogD3D11RHI:     DedicatedSystemMemory : 0 bytes
[2022.11.04-20.00.22:875][  0]LogD3D11RHI:     SharedSystemMemory : 8552857600 bytes
[2022.11.04-20.00.22:875][  0]LogD3D11RHI:     AdapterLuid : 0 60607
[2022.11.04-20.00.22:881][  0]LogD3D11RHI: Creating new Direct3DDevice
[2022.11.04-20.00.22:881][  0]LogD3D11RHI:     GPU DeviceId: 0x1c02 (for the marketing name, search the web for "GPU Device Id")
[2022.11.04-20.00.22:881][  0]LogWindows: EnumDisplayDevices:
[2022.11.04-20.00.22:881][  0]LogWindows:    0. 'NVIDIA GeForce GTX 1060 3GB' (P:1 D:1)
[2022.11.04-20.00.22:881][  0]LogWindows:    1. 'NVIDIA GeForce GTX 1060 3GB' (P:0 D:1)
[2022.11.04-20.00.22:881][  0]LogWindows:    2. 'NVIDIA GeForce GTX 1060 3GB' (P:0 D:0)
[2022.11.04-20.00.22:882][  0]LogWindows:    3. 'NVIDIA GeForce GTX 1060 3GB' (P:0 D:0)
[2022.11.04-20.00.22:882][  0]LogWindows: DebugString: FoundDriverCount:4 
[2022.11.04-20.00.22:882][  0]LogD3D11RHI:     Adapter Name: NVIDIA GeForce GTX 1060 3GB
[2022.11.04-20.00.22:882][  0]LogD3D11RHI:   Driver Version: 522.25 (internal:31.0.15.2225, unified:522.25)
[2022.11.04-20.00.22:882][  0]LogD3D11RHI:      Driver Date: 10-6-2022
[2022.11.04-20.00.22:882][  0]LogRHI: Texture pool is 2091 MB (70% of 2988 MB)
[2022.11.04-20.00.22:882][  0]LogD3D11RHI: Creating D3DDevice using adapter:
[2022.11.04-20.00.22:882][  0]LogD3D11RHI:     Description : NVIDIA GeForce GTX 1060 3GB
[2022.11.04-20.00.22:882][  0]LogD3D11RHI:     VendorId    : 10de
[2022.11.04-20.00.22:882][  0]LogD3D11RHI:     DeviceId    : 1c02
[2022.11.04-20.00.22:882][  0]LogD3D11RHI:     SubSysId    : 61623842
[2022.11.04-20.00.22:882][  0]LogD3D11RHI:     Revision    : 00a1
[2022.11.04-20.00.22:882][  0]LogD3D11RHI:     DedicatedVideoMemory : 3133145088 bytes
[2022.11.04-20.00.22:882][  0]LogD3D11RHI:     DedicatedSystemMemory : 0 bytes
[2022.11.04-20.00.22:882][  0]LogD3D11RHI:     SharedSystemMemory : 8552857600 bytes
[2022.11.04-20.00.22:882][  0]LogD3D11RHI:     AdapterLuid : 0 60607
[2022.11.04-20.00.22:956][  0]LogD3D11RHI: RHI has support for 64 bit atomics
[2022.11.04-20.00.22:956][  0]LogD3D11RHI: Async texture creation enabled
[2022.11.04-20.00.22:956][  0]LogD3D11RHI: Array index from any shader is supported
[2022.11.04-20.00.22:988][  0]LogD3D11RHI: GPU Timing Frequency: 1000.000000 (Debug: 2 1)
[2022.11.04-20.00.23:006][  0]LogRHI: GeForceNow SDK initialized: 1
[2022.11.04-20.00.23:375][  0]LogTargetPlatformManager: Display: Loaded TargetPlatform 'AllDesktop'
[2022.11.04-20.00.23:399][  0]LogTargetPlatformManager: Display: Loaded TargetPlatform 'Android'
[2022.11.04-20.00.23:399][  0]LogTargetPlatformManager: Display: Loaded TargetPlatform 'Android_ASTC'
[2022.11.04-20.00.23:400][  0]LogTargetPlatformManager: Display: Loaded TargetPlatform 'Android_DXT'
[2022.11.04-20.00.23:400][  0]LogTargetPlatformManager: Display: Loaded TargetPlatform 'Android_ETC2'
[2022.11.04-20.00.23:400][  0]LogTargetPlatformManager: Display: Loaded TargetPlatform 'AndroidClient'
[2022.11.04-20.00.23:400][  0]LogTargetPlatformManager: Display: Loaded TargetPlatform 'Android_ASTCClient'
[2022.11.04-20.00.23:400][  0]LogTargetPlatformManager: Display: Loaded TargetPlatform 'Android_DXTClient'
[2022.11.04-20.00.23:400][  0]LogTargetPlatformManager: Display: Loaded TargetPlatform 'Android_ETC2Client'
[2022.11.04-20.00.23:400][  0]LogTargetPlatformManager: Display: Loaded TargetPlatform 'Android_Multi'
[2022.11.04-20.00.23:400][  0]LogTargetPlatformManager: Display: Loaded TargetPlatform 'Android_MultiClient'
[2022.11.04-20.00.23:419][  0]LogTargetPlatformManager: Display: Loaded TargetPlatform 'IOSClient'
[2022.11.04-20.00.23:419][  0]LogTargetPlatformManager: Display: Loaded TargetPlatform 'IOS'
[2022.11.04-20.00.23:430][  0]LogTargetPlatformManager: Display: Loaded TargetPlatform 'Linux'
[2022.11.04-20.00.23:434][  0]LogTargetPlatformManager: Display: Loaded TargetPlatform 'LinuxNoEditor'
[2022.11.04-20.00.23:439][  0]LogTargetPlatformManager: Display: Loaded TargetPlatform 'LinuxClient'
[2022.11.04-20.00.23:443][  0]LogTargetPlatformManager: Display: Loaded TargetPlatform 'LinuxServer'
[2022.11.04-20.00.23:454][  0]LogTargetPlatformManager: Display: Loaded TargetPlatform 'LinuxAArch64NoEditor'
[2022.11.04-20.00.23:458][  0]LogTargetPlatformManager: Display: Loaded TargetPlatform 'LinuxAArch64Client'
[2022.11.04-20.00.23:463][  0]LogTargetPlatformManager: Display: Loaded TargetPlatform 'LinuxAArch64Server'
[2022.11.04-20.00.23:492][  0]LogTargetPlatformManager: Display: Loaded TargetPlatform 'Lumin'
[2022.11.04-20.00.23:492][  0]LogTargetPlatformManager: Display: Loaded TargetPlatform 'LuminClient'
[2022.11.04-20.00.23:503][  0]LogTargetPlatformManager: Display: Loaded TargetPlatform 'MacNoEditor'
[2022.11.04-20.00.23:507][  0]LogTargetPlatformManager: Display: Loaded TargetPlatform 'Mac'
[2022.11.04-20.00.23:512][  0]LogTargetPlatformManager: Display: Loaded TargetPlatform 'MacClient'
[2022.11.04-20.00.23:516][  0]LogTargetPlatformManager: Display: Loaded TargetPlatform 'MacServer'
[2022.11.04-20.00.23:528][  0]LogTargetPlatformManager: Display: Loaded TargetPlatform 'TVOSClient'
[2022.11.04-20.00.23:528][  0]LogTargetPlatformManager: Display: Loaded TargetPlatform 'TVOS'
[2022.11.04-20.00.23:539][  0]LogTargetPlatformManager: Display: Loaded TargetPlatform 'WindowsNoEditor'
[2022.11.04-20.00.23:544][  0]LogTargetPlatformManager: Display: Loaded TargetPlatform 'Windows'
[2022.11.04-20.00.23:549][  0]LogTargetPlatformManager: Display: Loaded TargetPlatform 'WindowsClient'
[2022.11.04-20.00.23:554][  0]LogTargetPlatformManager: Display: Loaded TargetPlatform 'WindowsServer'
[2022.11.04-20.00.23:554][  0]LogTargetPlatformManager: Display: Building Assets For Windows
[2022.11.04-20.00.23:562][  0]LogAudioDebug: Display: Lib vorbis DLL was dynamically loaded.
[2022.11.04-20.00.23:596][  0]LogTextureFormatOodle: Display: Oodle Texture 2.9.0 init RDO Off
[2022.11.04-20.00.23:628][  0]LogRendererCore: Ray tracing is disabled. Reason: r.RayTracing=0.
[2022.11.04-20.00.23:628][  0]LogShaderCompilers: Guid format shader working directory is 18 characters bigger than the processId version (F:/UpSkill/UpSkill_Prototype/Intermediate/Shaders/WorkingDirectory/10752/).
[2022.11.04-20.00.23:628][  0]LogShaderCompilers: Cleaned the shader compiler working directory 'C:/Users/Nathan/AppData/Local/Temp/UnrealShaderWorkingDir/523442774202DB2EF03874A4821EA3F7/'.
[2022.11.04-20.00.23:628][  0]LogXGEController: Cannot use XGE Controller as Incredibuild is not installed on this machine.
[2022.11.04-20.00.23:629][  0]LogShaderCompilers: Cannot use XGE Shader Compiler as Incredibuild is not installed on this machine.
[2022.11.04-20.00.23:629][  0]LogShaderCompilers: Display: Using Local Shader Compiler.
[2022.11.04-20.00.24:408][  0]LogDerivedDataCache: Display: Max Cache Size: 512 MB
[2022.11.04-20.00.24:466][  0]LogDerivedDataCache: Loaded boot cache 0.06s 94MB C:/Users/Nathan/AppData/Local/UnrealEngine/4.27/DerivedDataCache/Boot.ddc.
[2022.11.04-20.00.24:466][  0]LogDerivedDataCache: Display: Loaded Boot cache: C:/Users/Nathan/AppData/Local/UnrealEngine/4.27/DerivedDataCache/Boot.ddc
[2022.11.04-20.00.24:467][  0]LogDerivedDataCache: FDerivedDataBackendGraph:  Pak pak cache file F:/UpSkill/UpSkill_Prototype/DerivedDataCache/DDC.ddp not found, will not use a pak cache.
[2022.11.04-20.00.24:467][  0]LogDerivedDataCache: Unable to find inner node Pak for hierarchical cache Hierarchy.
[2022.11.04-20.00.24:467][  0]LogDerivedDataCache: FDerivedDataBackendGraph:  CompressedPak pak cache file F:/UpSkill/UpSkill_Prototype/DerivedDataCache/Compressed.ddp not found, will not use a pak cache.
[2022.11.04-20.00.24:467][  0]LogDerivedDataCache: Unable to find inner node CompressedPak for hierarchical cache Hierarchy.
[2022.11.04-20.00.24:485][  0]LogDerivedDataCache: Display: Pak cache opened for reading ../../../Engine/DerivedDataCache/Compressed.ddp.
[2022.11.04-20.00.24:485][  0]LogDerivedDataCache: FDerivedDataBackendGraph:  EnterprisePak pak cache file ../../../Enterprise/DerivedDataCache/Compressed.ddp not found, will not use a pak cache.
[2022.11.04-20.00.24:485][  0]LogDerivedDataCache: Unable to find inner node EnterprisePak for hierarchical cache Hierarchy.
[2022.11.04-20.00.24:508][  0]LogDerivedDataCache: Speed tests for C:/Users/Nathan/AppData/Local/UnrealEngine/Common/DerivedDataCache took 0.02 seconds
[2022.11.04-20.00.24:508][  0]LogDerivedDataCache: Display: Performance to C:/Users/Nathan/AppData/Local/UnrealEngine/Common/DerivedDataCache: Latency=0.04ms. RandomReadSpeed=297.03MBs, RandomWriteSpeed=48.74MBs. Assigned SpeedClass 'Local'
[2022.11.04-20.00.24:508][  0]LogDerivedDataCache: Using Local data cache path C:/Users/Nathan/AppData/Local/UnrealEngine/Common/DerivedDataCache: Writable
[2022.11.04-20.00.24:509][  0]LogDerivedDataCache: Shared data cache path not found in *engine.ini, will not use an Shared cache.
[2022.11.04-20.00.24:509][  0]LogDerivedDataCache: Unable to find inner node Shared for hierarchical cache Hierarchy.
[2022.11.04-20.00.24:556][  0]LogSlate: Using FreeType 2.10.0
[2022.11.04-20.00.24:556][  0]LogSlate: SlateFontServices - WITH_FREETYPE: 1, WITH_HARFBUZZ: 1
[2022.11.04-20.00.24:583][  0]LogAssetRegistry: FAssetRegistry took 0.0032 seconds to start up
[2022.11.04-20.00.24:830][  0]LogAssetRegistry: Error: Package F:/UpSkill/UpSkill_Prototype/Content/BluePrints/AI/Enemy_Prefab/Base_Enemy.uasset has malformed tag
[2022.11.04-20.00.24:830][  0]LogAssetRegistry: Error: Package F:/UpSkill/UpSkill_Prototype/Content/BluePrints/AI/Enemy_Prefab/Linetrace_Enemy.uasset has malformed tag
[2022.11.04-20.00.24:830][  0]LogAssetRegistry: Error: Package F:/UpSkill/UpSkill_Prototype/Content/BluePrints/FirstPersonBP/Maps/FirstPersonExampleMap_BuiltData.uasset has malformed tag
[2022.11.04-20.00.24:830][  0]AssetRegistry: Warning: Cannot read AssetRegistry Data in F:/UpSkill/UpSkill_Prototype/Content/BluePrints/FirstPersonBP/Maps/FirstPersonExampleMap.umap, skipping it. Error: EReadPackageDataMainErrorCode::InvalidObjectCount.
[2022.11.04-20.00.24:831][  0]AssetRegistry: Warning: Cannot read AssetRegistry Data in F:/UpSkill/UpSkill_Prototype/Content/BluePrints/FirstPersonBP/Maps/FirstPersonExampleMap.umap, skipping it. Error: ReadAssetDataFromThumbnailCacheInvalidObjectCount.
[2022.11.04-20.00.24:831][  0]LogAssetRegistry: Warning: Bad name index -1445510440/100 when reading package F:/UpSkill/UpSkill_Prototype/Content/BluePrints/FirstPersonBP/Maps/FirstPersonExampleMap.umap
[2022.11.04-20.00.24:831][  0]AssetRegistry: Warning: Cannot read AssetRegistry Data in F:/UpSkill/UpSkill_Prototype/Content/BluePrints/FirstPersonBP/Maps/FirstPersonExampleMap.umap, skipping it. Error: SerializeSoftPackageReferenceListInvalidReference.
[2022.11.04-20.00.24:831][  0]LogInit: Selected Device Profile: [Windows]
[2022.11.04-20.00.24:831][  0]LogInit: Active device profile: [0000019145337A00][000001914612ED00 49] Windows
[2022.11.04-20.00.24:831][  0]LogInit: Profiles: [0000019145337A00][000001914612ED00 49] Windows, [00000191452FC800][0000019146136E80 49] WindowsNoEditor, [0000019145334700][000001914613B000 49] WindowsServer, [00000191452FF900][000001914613F180 49] WindowsClient, [0000019145337800][0000019146143300 49] IOS, [00000191452FCB00][0000019146147480 49] iPadAir, [0000019145334A00][000001914614B600 49] iPadAir2, [00000191452C8A00][00000191461538C0 49] IPadPro, [00000191452C8B00][000001914614F900 49] iPadAir3, [0000019145337500][0000019146157A80 49] iPadAir4, [00000191452CBE00][000001914615BC00 49] iPadMini2, [0000019145334B00][000001914615E200 49] iPadMini3, [00000191452C9600][0000019146162380 49] iPadMini4, [0000019145336F00][0000019146166500 49] iPadMini5, [00000191452FEF00][0000019146132780 49] iPhone6, [00000191452FEE00][000001914616A7C0 49] iPodTouch6, [00000191452C9500][0000019146172A00 49] iPhone7, [00000191452CB300][000001914616EA40 49] iPodTouch7, [00000191452FFE00][0000019146176B80 49] iPhone5S, [00000191452CAE00][000001913C9FAD00 49] iPhone6Plus, [00000191452FE600][000001913C9FEE80 49] iPhone6S, [00000191452CAB00][000001913CA03000 49] iPhone6SPlus, [00000191452FCF00][000001913CA07180 49] iPhone7Plus, [00000191452CA300][000001913CA0B300 49] iPhoneSE, [00000191452FE100][000001913CA0F480 49] iPhone8, [00000191452CA600][000001913CA13600 49] iPhone8Plus, [00000191452FCD00][000001913CA17780 49] iPhoneX, [00000191452C9800][000001913CA1B900 49] iPhoneXS, [00000191452FDE00][000001913CA1FA80 49] iPhoneXSMax, [00000191452CBA00][000001913CA23C00 49] iPhoneXR, [00000191452FD700][000001913CA26200 49] iPhone11, [00000191452C8600][000001913CA2A380 49] iPhone11Pro, [00000191452FD000][000001913CA2E500 49] iPhone11ProMax, [00000191452CB900][000001913CA32680 49] iPhoneSE2, [00000191452FEA00][000001913CA36800 49] iPhone12Mini, [00000191452C8E00][000001914617A940 49] iPhone12, [00000191452FF500][000001913CA3AA80 49] iPhone12Pro, [00000191452CA700][000001913CA3EBC0 49] iPhone12ProMax, [00000191452FCC00][000001913CA42D00 49] iPadPro105, [00000191452C9B00][000001913CA4AE80 49] iPadPro129, [00000191452FF400][0000019144AFB000 49] iPadPro97, [00000191452CB200][0000019144AFF180 49] iPadPro2_129, [00000191452FE700][0000019144B03300 49] iPad5, [00000191452CB800][0000019144B07480 49] iPad6, [00000191452FF200][0000019144B0B600 49] iPad7, [00000191452C9400][0000019144B0F780 49] iPad8, [00000191452FE300][0000019144B13900 49] iPadPro11, [00000191452CA100][0000019144B17A80 49] iPadPro2_11, [00000191452FC200][0000019144B1BC00 49] iPadPro3_129, [00000191452C9100][0000019144B1E200 49] iPadPro4_129, [00000191452FFF00][0000019144B22380 49] AppleTV, [00000191452CB000][0000019144B26500 49] AppleTV4K, [00000191452FF600][0000019144B2A680 49] TVOS, [00000191452C8500][0000019144B2E800 49] Mac, [00000191452FE200][0000019144B32980 49] MacClient, [00000191452C8900][0000019144B36B00 49] MacNoEditor, [00000191452FC100][000001913CA46C40 49] MacServer, [00000191452CB100][0000019144B3AD80 49] Linux, [00000191452FD800][0000019144B3EEC0 49] LinuxAArch64, [00000191452C8800][0000019144B47040 49] LinuxNoEditor, [00000191452FE900][0000019144B4B1C0 49] LinuxAArch64NoEditor, [00000191452C9700][000001913C1CD340 49] LinuxClient, [00000191452FDB00][000001913C1D14C0 49] LinuxAArch64Client, [00000191452CA800][000001913C1D5640 49] LinuxServer, [00000191452FD100][000001913C1D97C0 49] LinuxAArch64Server, [0000019145335300][000001913C1DD940 49] Android, [0000019145386400][000001913C1E1AC0 49] Android_Low, [0000019145337C00][000001913C1E40C0 49] Android_Mid, [0000019145385E00][000001913C1E8240 49] Android_High, [0000019145335E00][000001913C1EC3C0 49] Android_Default, [0000019145386900][000001913C1F0540 49] Android_Adreno4xx, [0000019145336700][000001913C1F46C0 49] Android_Adreno5xx_Low, [0000019145385500][000001913C1F8840 49] Android_Adreno5xx, [0000019145335D00][000001913C1FC9C0 49] Android_Adreno6xx, [0000019145384D00][000001913C200B40 49] Android_Adreno6xx_Vulkan, [0000019145335500][000001913C204CC0 49] Android_Mali_T6xx, [0000019145385900][0000019144B42E00 49] Android_Mali_T7xx, [0000019145335C00][000001913C208F40 49] Android_Mali_T8xx, [0000019145385400][000001913C20D080 49] Android_Mali_G71, [0000019145334500][000001913C2111C0 49] Android_Mali_G72, [0000019145384400][000001913C219340 49] Android_Mali_G72_Vulkan, [0000019145334D00][000001913C21D4C0 49] Android_Mali_G76, [0000019145386000][000001913C221640 49] Android_Mali_G76_Vulkan, [0000019145336200][00000191449717C0 49] Android_Mali_G77, [0000019145385C00][0000019144975940 49] Android_Mali_G77_Vulkan, [00000191452FDF00][0000019144979AC0 49] Android_Mali_G78, [00000191452C9900][000001914497C0C0 49] Android_Mali_G78_Vulkan, [00000191452FFC00][0000019144980240 49] Android_Mali_G710, [00000191452C8400][00000191449843C0 49] Android_Mali_G710_Vulkan, [00000191452FD300][0000019144988540 49] Android_Vulkan_SM5, [0000019145384300][000001914498C6C0 49] Android_PowerVR_G6xxx, [00000191452FED00][0000019144990840 49] Android_PowerVR_GT7xxx, [0000019145385600][00000191449949C0 49] Android_PowerVR_GE8xxx, [00000191452FCE00][0000019144998B40 49] Android_PowerVR_GM9xxx, [0000019145386200][000001914499CCC0 49] Android_PowerVR_GM9xxx_Vulkan, [00000191452FFA00][00000191449A0E40 49] Android_TegraK1, [0000019145384B00][000001913C214F80 49] Android_Unknown_Vulkan, [00000191452FD500][00000191449A50C0 49] Lumin, [0000019145384100][00000191449A9200 49] Lumin_Desktop, [00000191452FC500][00000191449AD340 49] HoloLens, 
[2022.11.04-20.00.24:963][  0]LogMeshReduction: Using QuadricMeshReduction for automatic static mesh reduction
[2022.11.04-20.00.24:963][  0]LogMeshReduction: Using SimplygonMeshReduction for automatic skeletal mesh reduction
[2022.11.04-20.00.24:963][  0]LogMeshReduction: Using ProxyLODMeshReduction for automatic mesh merging
[2022.11.04-20.00.24:963][  0]LogMeshReduction: No distributed automatic mesh merging module available
[2022.11.04-20.00.24:963][  0]LogMeshMerging: No distributed automatic mesh merging module available
[2022.11.04-20.00.24:981][  0]LogNetVersion: UpSkill_Prototype 1.0.0, NetCL: 17155196, EngineNetVer: 17, GameNetVer: 0 (Checksum: 2614896545)
[2022.11.04-20.00.25:440][  0]LogTexture: Default maximum texture size for cubemaps generated from long-lat sources has been changed from 512 to unlimited. In order to preserve old behaiour for '/Engine/MapTemplates/Sky/DaylightAmbientCubemap.DaylightAmbientCubemap', its maximum texture size has been explicitly set to 512.
[2022.11.04-20.00.25:498][  0]LogHMD: PokeAHoleMaterial loaded successfully
[2022.11.04-20.00.25:504][  0]LogUObjectArray: 17178 objects as part of root set at end of initial load.
[2022.11.04-20.00.25:504][  0]LogUObjectAllocator: 4302048 out of 0 bytes used by permanent object pool.
[2022.11.04-20.00.25:504][  0]LogUObjectArray: CloseDisregardForGC: 0/0 objects in disregard for GC pool
[2022.11.04-20.00.25:680][  0]LogNiagaraDebuggerClient: Niagara Debugger Client Initialized | Session: 791BBFD545338DCFD201AB8336542B00 | Instance: F0FE82AE45B9D9121FA5B28EA0EF0D12 (DESKTOP-4AROMCF-10752).
[2022.11.04-20.00.25:722][  0]LogPython: Using Python 3.7.7
[2022.11.04-20.00.26:349][  0]LogTcpMessaging: Initializing TcpMessaging bridge
[2022.11.04-20.00.26:354][  0]LogUdpMessaging: Initializing bridge on interface 0.0.0.0:0 to multicast group 230.0.0.1:6666.
[2022.11.04-20.00.26:634][  0]SourceControl: Source control is disabled
[2022.11.04-20.00.26:634][  0]SourceControl: Source control is disabled
[2022.11.04-20.00.26:638][  0]SourceControl: Source control is disabled
[2022.11.04-20.00.26:641][  0]SourceControl: Source control is disabled
[2022.11.04-20.00.26:650][  0]SourceControl: Source control is disabled
[2022.11.04-20.00.26:656][  0]LogUProjectInfo: Found projects:
[2022.11.04-20.00.26:809][  0]LogOpenImageDenoise: OIDN starting up
[2022.11.04-20.00.26:854][  0]LogAndroidPermission: UAndroidPermissionCallbackProxy::GetInstance
[2022.11.04-20.00.26:877][  0]LogAudioCaptureCore: Display: No Audio Capture implementations found. Audio input will be silent.
[2022.11.04-20.00.26:878][  0]LogAudioCaptureCore: Display: No Audio Capture implementations found. Audio input will be silent.
[2022.11.04-20.00.27:075][  0]LogOcInput: OculusInput pre-init called
[2022.11.04-20.00.27:274][  0]LogCollectionManager: Loaded 0 collections in 0.003021 seconds
[2022.11.04-20.00.27:335][  0]LogFileCache: Scanning file cache for directory 'F:/UpSkill/UpSkill_Prototype/Saved/Collections/' took 0.00s
[2022.11.04-20.00.27:335][  0]LogFileCache: Scanning file cache for directory 'F:/UpSkill/UpSkill_Prototype/Content/Developers/Nathan/Collections/' took 0.00s
[2022.11.04-20.00.27:335][  0]LogFileCache: Scanning file cache for directory 'F:/UpSkill/UpSkill_Prototype/Content/Collections/' took 0.00s
[2022.11.04-20.00.27:335][  0]LogEngine: Initializing Engine...
[2022.11.04-20.07.27:030][  0]LogHMD: Optional extension XR_VARJO_quad_views is not available
[2022.11.04-20.07.27:030][  0]LogHMD: Warning: Required extension XR_EXT_hand_tracking is not available
[2022.11.04-20.07.27:031][  0]LogHMD: Could not enable all required OpenXR extensions for OpenXRHandTracking on current system. This plugin will be loaded but ignored, but will be enabled on a target platform that supports the required extension.
[2022.11.04-20.07.27:031][  0]LogHMD: Warning: Required extension XR_EXT_eye_gaze_interaction is not available
[2022.11.04-20.07.27:031][  0]LogHMD: Could not enable all required OpenXR extensions for OpenXREyeTracker on current system. This plugin will be loaded but ignored, but will be enabled on a target platform that supports the required extension.
[2022.11.04-20.08.13:706][  0]LogHMD: Failed to create an OpenXR instance, result is XR_ERROR_RUNTIME_UNAVAILABLE. Please check if you have an OpenXR runtime installed. The following extensions were enabled:
[2022.11.04-20.08.13:706][  0]LogHMD: - XR_KHR_D3D11_enable
[2022.11.04-20.08.13:706][  0]LogHMD: - XR_KHR_D3D12_enable
[2022.11.04-20.08.13:706][  0]LogHMD: - XR_KHR_opengl_enable
[2022.11.04-20.08.13:706][  0]LogHMD: - XR_KHR_vulkan_enable
[2022.11.04-20.08.13:706][  0]LogHMD: - XR_KHR_composition_layer_depth
[2022.11.04-20.08.13:706][  0]LogHMD: - XR_KHR_visibility_mask
[2022.11.04-20.08.13:706][  0]LogHMD: Failed to initialize OpenVR with code 102
[2022.11.04-20.08.13:706][  0]LogMagicLeap: Warning: VR disabled because ZI is not enabled.  To enable, in the editor, Edit -> Project Settings -> Plugins -> Magic Leap Plugin -> Enable Zero Iteration
[2022.11.04-20.08.13:707][  0]LogStats: UGameplayTagsManager::InitializeManager -  0.000 s
[2022.11.04-20.08.13:833][  0]LogInit: Initializing FReadOnlyCVARCache
[2022.11.04-20.08.13:842][  0]LogAIModule: Creating AISystem for world Untitled
[2022.11.04-20.08.13:842][  0]LogAudio: Display: Initializing Audio Device Manager...
[2022.11.04-20.08.13:846][  0]LogAudio: Display: Loading Default Audio Settings Objects...
[2022.11.04-20.08.13:846][  0]LogAudio: Display: No default SoundConcurrencyObject specified (or failed to load).
[2022.11.04-20.08.13:847][  0]LogAudio: Display: Audio Device Manager Initialized
[2022.11.04-20.08.13:847][  0]LogAudio: Display: Creating Audio Device:                 Id: 1, Scope: Shared, Realtime: True
[2022.11.04-20.08.13:847][  0]LogAudioMixer: Display: Audio Mixer Platform Settings:
[2022.11.04-20.08.13:847][  0]LogAudioMixer: Display: 	Sample Rate:						  48000
[2022.11.04-20.08.13:847][  0]LogAudioMixer: Display: 	Callback Buffer Frame Size Requested: 1024
[2022.11.04-20.08.13:847][  0]LogAudioMixer: Display: 	Callback Buffer Frame Size To Use:	  1024
[2022.11.04-20.08.13:847][  0]LogAudioMixer: Display: 	Number of buffers to queue:			  2
[2022.11.04-20.08.13:847][  0]LogAudioMixer: Display: 	Max Channels (voices):				  32
[2022.11.04-20.08.13:847][  0]LogAudioMixer: Display: 	Number of Async Source Workers:		  0
[2022.11.04-20.08.13:847][  0]LogAudio: Display: AudioDevice MaxSources: 32
[2022.11.04-20.08.13:847][  0]LogAudio: Display: Audio Spatialization Plugin: None (built-in).
[2022.11.04-20.08.13:847][  0]LogAudio: Display: Audio Reverb Plugin: None (built-in).
[2022.11.04-20.08.13:847][  0]LogAudio: Display: Audio Occlusion Plugin: None (built-in).
[2022.11.04-20.08.13:847][  0]LogAudioMixer: Display: Initializing audio mixer.
[2022.11.04-20.08.13:861][  0]LogAudioMixer: Display: 0: FrontLeft
[2022.11.04-20.08.13:861][  0]LogAudioMixer: Display: 1: FrontRight
[2022.11.04-20.08.13:904][  0]LogAudioMixer: Display: Using Audio Device Speakers (Realtek(R) Audio)
[2022.11.04-20.08.13:905][  0]LogAudioMixer: Display: Initializing Sound Submixes...
[2022.11.04-20.08.13:907][  0]LogAudioMixer: Display: Creating Master Submix 'MasterSubmixDefault'
[2022.11.04-20.08.13:907][  0]LogAudioMixer: Display: Creating Master Submix 'MasterReverbSubmixDefault'
[2022.11.04-20.08.13:908][  0]LogAudioMixer: Display: Creating Master Submix 'MasterEQSubmixDefault'
[2022.11.04-20.08.13:908][  0]LogAudioMixer: FMixerPlatformXAudio2::StartAudioStream() called
[2022.11.04-20.08.13:908][  0]LogAudioMixer: Display: Output buffers initialized: Frames=1024, Channels=2, Samples=2048
[2022.11.04-20.08.13:909][  0]LogAudioMixer: Display: Starting AudioMixerPlatformInterface::RunInternal()
[2022.11.04-20.08.13:909][  0]LogAudioMixer: Display: FMixerPlatformXAudio2::SubmitBuffer() called for the first time
[2022.11.04-20.08.13:909][  0]LogInit: FAudioDevice initialized.
[2022.11.04-20.08.13:909][  0]LogAudio: Display: Audio Device (ID: 1) registered with world 'Untitled'.
[2022.11.04-20.08.13:909][  0]LogNetVersion: Set ProjectVersion to 1.0.0.0. Version Checksum will be recalculated on next use.
[2022.11.04-20.08.14:090][  0]LogDerivedDataCache: Saved boot cache 0.18s 94MB C:/Users/Nathan/AppData/Local/UnrealEngine/4.27/DerivedDataCache/Boot.ddc.
[2022.11.04-20.08.14:091][  0]LogInit: Texture streaming: Enabled
[2022.11.04-20.08.14:104][  0]LogAnalytics: Display: [UEEditor.Rocket.Release] APIServer = https://datarouter.ol.epicgames.com/. AppVersion = 4.27.2-18319896+++UE4+Release-4.27
[2022.11.04-20.08.14:107][  0]LogEngineSessionManager: EngineSessionManager initialized
[2022.11.04-20.08.14:107][  0]LogEditorSessionSummary: Verbose: Initializing EditorSessionSummaryWriter for editor session tracking
[2022.11.04-20.08.14:190][  0]LogEditorSessionSummary: EditorSessionSummaryWriter initialized
[2022.11.04-20.08.14:233][  0]LogInit: Transaction tracking system initialized
[2022.11.04-20.08.14:256][  0]BlueprintLog: New page: Editor Load
[2022.11.04-20.08.14:323][  0]LocalizationService: Localization service is disabled
[2022.11.04-20.08.14:349][  0]TimingProfiler: Initialize
[2022.11.04-20.08.14:349][  0]TimingProfiler: OnSessionChanged
[2022.11.04-20.08.14:349][  0]LoadingProfiler: Initialize
[2022.11.04-20.08.14:349][  0]LoadingProfiler: OnSessionChanged
[2022.11.04-20.08.14:349][  0]NetworkingProfiler: Initialize
[2022.11.04-20.08.14:349][  0]NetworkingProfiler: OnSessionChanged
[2022.11.04-20.08.14:349][  0]MemoryProfiler: Initialize
[2022.11.04-20.08.14:349][  0]MemoryProfiler: OnSessionChanged
[2022.11.04-20.08.14:500][  0]LogCook: Display: CookSettings for Memory: MemoryMaxUsedVirtual 0MiB, MemoryMaxUsedPhysical 16384MiB, MemoryMinFreeVirtual 0MiB, MemoryMinFreePhysical 1024MiB
[2022.11.04-20.08.14:500][  0]LogCook: Display: Mobile HDR setting 1
[2022.11.04-20.08.14:685][  0]LogFileCache: Scanning file cache for directory 'F:/UpSkill/UpSkill_Prototype/Content/' took 0.01s
[2022.11.04-20.08.14:897][  0]LogInit: Display: Engine is initialized. Leaving FEngineLoop::Init()
[2022.11.04-20.08.14:900][  0]SourceControl: Source control is disabled
[2022.11.04-20.08.14:900][  0]LogUnrealEdMisc: Loading editor; pre map load, took 479.583
[2022.11.04-20.08.14:901][  0]Cmd: MAP LOAD FILE="../../../Engine/Content/Maps/Templates/Template_Default.umap" TEMPLATE=1 SHOWPROGRESS=1 FEATURELEVEL=3
[2022.11.04-20.08.14:901][  0]LightingResults: New page: Lighting Build
[2022.11.04-20.08.14:902][  0]LogWorld: UWorld::CleanupWorld for Untitled, bSessionEnded=true, bCleanupResources=true
[2022.11.04-20.08.14:902][  0]LogSlate: InvalidateAllWidgets triggered.  All widgets were invalidated
[2022.11.04-20.08.14:902][  0]MapCheck: New page: Map Check
[2022.11.04-20.08.14:902][  0]LightingResults: New page: Lighting Build
[2022.11.04-20.08.14:909][  0]LogAudio: Display: Audio Device unregistered from world 'None'.
[2022.11.04-20.08.14:911][  0]LogUObjectHash: Compacting FUObjectHashTables data took   0.86ms
[2022.11.04-20.08.14:987][  0]LogTexture: Display: Building textures: DeprecatedTextureEB9CBE3C423008B5E8E130901E171C89 (BGRA8, 128X128)
[2022.11.04-20.08.14:998][  0]LogAudio: Display: Audio Device (ID: 1) registered with world 'Untitled_1'.
[2022.11.04-20.08.14:999][  0]LogAIModule: Creating AISystem for world Untitled_1
[2022.11.04-20.08.15:003][  0]LogEditorServer: Finished looking for orphan Actors (0.000 secs)
[2022.11.04-20.08.15:016][  0]LogUObjectHash: Compacting FUObjectHashTables data took   1.41ms
[2022.11.04-20.08.15:017][  0]Cmd: MAP CHECKDEP NOCLEARLOG
[2022.11.04-20.08.15:017][  0]MapCheck: Map check complete: 0 Error(s), 0 Warning(s), took 0.116ms to complete.
[2022.11.04-20.08.15:017][  0]LogFileHelpers: Loading map 'Template_Default' took 0.116
[2022.11.04-20.08.15:019][  0]LogUnrealEdMisc: Total Editor Startup Time, took 479.701
[2022.11.04-20.08.15:140][  0]LogSlate: Updating window title bar state: overlay mode, drag disabled, window buttons hidden, title bar hidden
[2022.11.04-20.08.15:147][  0]LogSlate: Updating window title bar state: overlay mode, drag disabled, window buttons hidden, title bar hidden
[2022.11.04-20.08.15:154][  0]LogSlate: Updating window title bar state: overlay mode, drag disabled, window buttons hidden, title bar hidden
[2022.11.04-20.08.15:161][  0]LogSlate: Updating window title bar state: overlay mode, drag disabled, window buttons hidden, title bar hidden
[2022.11.04-20.08.15:176][  0]LogNativeClassHierarchy: Verbose: Native class hierarchy populated in 0.0113 seconds. Added 3822 classes and 928 folders.
[2022.11.04-20.08.15:181][  0]LogNativeClassHierarchy: Verbose: Native class hierarchy updated for 'WidgetCarousel' in 0.0003 seconds. Added 0 classes and 0 folders.
[2022.11.04-20.08.15:183][  0]LogPakFile: PakFile PrimaryIndexSize=187
[2022.11.04-20.08.15:183][  0]LogPakFile: PakFile PathHashIndexSize=101
[2022.11.04-20.08.15:183][  0]LogPakFile: PakFile FullDirectoryIndexSize=148
[2022.11.04-20.08.15:183][  0]LogShaderLibrary: Display: ShaderCodeLibraryPakFileMountedCallback: PakFile 'C:/Program Files/Epic Games/UE_4.27/FeaturePacks/FP_FirstPerson.upack' (chunk index -1, root 'root:/') mounted
[2022.11.04-20.08.15:183][  0]LogShaderLibrary: Display: ShaderCodeLibraryPakFileMountedCallback: pending pak file info (ChunkID:-1 Root:root:/ File:C:/Program Files/Epic Games/UE_4.27/FeaturePacks/FP_FirstPerson.upack)
[2022.11.04-20.08.15:183][  0]LogPakFile: OnPakFileMounted2Time == 0.000064
[2022.11.04-20.08.15:184][  0]LogPakFile: PakFile PrimaryIndexSize=189
[2022.11.04-20.08.15:184][  0]LogPakFile: PakFile PathHashIndexSize=101
[2022.11.04-20.08.15:184][  0]LogPakFile: PakFile FullDirectoryIndexSize=152
[2022.11.04-20.08.15:184][  0]LogShaderLibrary: Display: ShaderCodeLibraryPakFileMountedCallback: PakFile 'C:/Program Files/Epic Games/UE_4.27/FeaturePacks/FP_FirstPersonBP.upack' (chunk index -1, root 'root:/') mounted
[2022.11.04-20.08.15:184][  0]LogShaderLibrary: Display: ShaderCodeLibraryPakFileMountedCallback: pending pak file info (ChunkID:-1 Root:root:/ File:C:/Program Files/Epic Games/UE_4.27/FeaturePacks/FP_FirstPersonBP.upack)
[2022.11.04-20.08.15:184][  0]LogPakFile: OnPakFileMounted2Time == 0.000038
[2022.11.04-20.08.15:184][  0]LogPakFile: PakFile PrimaryIndexSize=191
[2022.11.04-20.08.15:184][  0]LogPakFile: PakFile PathHashIndexSize=101
[2022.11.04-20.08.15:184][  0]LogPakFile: PakFile FullDirectoryIndexSize=160
[2022.11.04-20.08.15:184][  0]LogShaderLibrary: Display: ShaderCodeLibraryPakFileMountedCallback: PakFile 'C:/Program Files/Epic Games/UE_4.27/FeaturePacks/MobileStarterContent.upack' (chunk index -1, root 'root:/') mounted
[2022.11.04-20.08.15:184][  0]LogShaderLibrary: Display: ShaderCodeLibraryPakFileMountedCallback: pending pak file info (ChunkID:-1 Root:root:/ File:C:/Program Files/Epic Games/UE_4.27/FeaturePacks/MobileStarterContent.upack)
[2022.11.04-20.08.15:184][  0]LogPakFile: OnPakFileMounted2Time == 0.000039
[2022.11.04-20.08.15:185][  0]LogPakFile: PakFile PrimaryIndexSize=185
[2022.11.04-20.08.15:185][  0]LogPakFile: PakFile PathHashIndexSize=101
[2022.11.04-20.08.15:185][  0]LogPakFile: PakFile FullDirectoryIndexSize=148
[2022.11.04-20.08.15:185][  0]LogShaderLibrary: Display: ShaderCodeLibraryPakFileMountedCallback: PakFile 'C:/Program Files/Epic Games/UE_4.27/FeaturePacks/StarterContent.upack' (chunk index -1, root 'root:/') mounted
[2022.11.04-20.08.15:185][  0]LogShaderLibrary: Display: ShaderCodeLibraryPakFileMountedCallback: pending pak file info (ChunkID:-1 Root:root:/ File:C:/Program Files/Epic Games/UE_4.27/FeaturePacks/StarterContent.upack)
[2022.11.04-20.08.15:185][  0]LogPakFile: OnPakFileMounted2Time == 0.000044
[2022.11.04-20.08.15:185][  0]LogPakFile: PakFile PrimaryIndexSize=190
[2022.11.04-20.08.15:185][  0]LogPakFile: PakFile PathHashIndexSize=101
[2022.11.04-20.08.15:185][  0]LogPakFile: PakFile FullDirectoryIndexSize=154
[2022.11.04-20.08.15:185][  0]LogShaderLibrary: Display: ShaderCodeLibraryPakFileMountedCallback: PakFile 'C:/Program Files/Epic Games/UE_4.27/FeaturePacks/TP_2DSideScroller.upack' (chunk index -1, root 'root:/') mounted
[2022.11.04-20.08.15:185][  0]LogShaderLibrary: Display: ShaderCodeLibraryPakFileMountedCallback: pending pak file info (ChunkID:-1 Root:root:/ File:C:/Program Files/Epic Games/UE_4.27/FeaturePacks/TP_2DSideScroller.upack)
[2022.11.04-20.08.15:185][  0]LogPakFile: OnPakFileMounted2Time == 0.000033
[2022.11.04-20.08.15:186][  0]LogPakFile: PakFile PrimaryIndexSize=192
[2022.11.04-20.08.15:186][  0]LogPakFile: PakFile PathHashIndexSize=101
[2022.11.04-20.08.15:186][  0]LogPakFile: PakFile FullDirectoryIndexSize=158
[2022.11.04-20.08.15:186][  0]LogShaderLibrary: Display: ShaderCodeLibraryPakFileMountedCallback: PakFile 'C:/Program Files/Epic Games/UE_4.27/FeaturePacks/TP_2DSideScrollerBP.upack' (chunk index -1, root 'root:/') mounted
[2022.11.04-20.08.15:186][  0]LogShaderLibrary: Display: ShaderCodeLibraryPakFileMountedCallback: pending pak file info (ChunkID:-1 Root:root:/ File:C:/Program Files/Epic Games/UE_4.27/FeaturePacks/TP_2DSideScrollerBP.upack)
[2022.11.04-20.08.15:186][  0]LogPakFile: OnPakFileMounted2Time == 0.000035
[2022.11.04-20.08.15:187][  0]LogPakFile: PakFile PrimaryIndexSize=182
[2022.11.04-20.08.15:187][  0]LogPakFile: PakFile PathHashIndexSize=101
[2022.11.04-20.08.15:187][  0]LogPakFile: PakFile FullDirectoryIndexSize=138
[2022.11.04-20.08.15:187][  0]LogShaderLibrary: Display: ShaderCodeLibraryPakFileMountedCallback: PakFile 'C:/Program Files/Epic Games/UE_4.27/FeaturePacks/TP_Flying.upack' (chunk index -1, root 'root:/') mounted
[2022.11.04-20.08.15:187][  0]LogShaderLibrary: Display: ShaderCodeLibraryPakFileMountedCallback: pending pak file info (ChunkID:-1 Root:root:/ File:C:/Program Files/Epic Games/UE_4.27/FeaturePacks/TP_Flying.upack)
[2022.11.04-20.08.15:187][  0]LogPakFile: OnPakFileMounted2Time == 0.000034
[2022.11.04-20.08.15:187][  0]LogPakFile: PakFile PrimaryIndexSize=184
[2022.11.04-20.08.15:187][  0]LogPakFile: PakFile PathHashIndexSize=101
[2022.11.04-20.08.15:187][  0]LogPakFile: PakFile FullDirectoryIndexSize=142
[2022.11.04-20.08.15:187][  0]LogShaderLibrary: Display: ShaderCodeLibraryPakFileMountedCallback: PakFile 'C:/Program Files/Epic Games/UE_4.27/FeaturePacks/TP_FlyingBP.upack' (chunk index -1, root 'root:/') mounted
[2022.11.04-20.08.15:187][  0]LogShaderLibrary: Display: ShaderCodeLibraryPakFileMountedCallback: pending pak file info (ChunkID:-1 Root:root:/ File:C:/Program Files/Epic Games/UE_4.27/FeaturePacks/TP_FlyingBP.upack)
[2022.11.04-20.08.15:187][  0]LogPakFile: OnPakFileMounted2Time == 0.000034
[2022.11.04-20.08.15:188][  0]LogPakFile: PakFile PrimaryIndexSize=188
[2022.11.04-20.08.15:188][  0]LogPakFile: PakFile PathHashIndexSize=101
[2022.11.04-20.08.15:188][  0]LogPakFile: PakFile FullDirectoryIndexSize=150
[2022.11.04-20.08.15:188][  0]LogShaderLibrary: Display: ShaderCodeLibraryPakFileMountedCallback: PakFile 'C:/Program Files/Epic Games/UE_4.27/FeaturePacks/TP_HandheldARBP.upack' (chunk index -1, root 'root:/') mounted
[2022.11.04-20.08.15:188][  0]LogShaderLibrary: Display: ShaderCodeLibraryPakFileMountedCallback: pending pak file info (ChunkID:-1 Root:root:/ File:C:/Program Files/Epic Games/UE_4.27/FeaturePacks/TP_HandheldARBP.upack)
[2022.11.04-20.08.15:188][  0]LogPakFile: OnPakFileMounted2Time == 0.000036
[2022.11.04-20.08.15:189][  0]LogPakFile: PakFile PrimaryIndexSize=182
[2022.11.04-20.08.15:189][  0]LogPakFile: PakFile PathHashIndexSize=101
[2022.11.04-20.08.15:189][  0]LogPakFile: PakFile FullDirectoryIndexSize=138
[2022.11.04-20.08.15:189][  0]LogShaderLibrary: Display: ShaderCodeLibraryPakFileMountedCallback: PakFile 'C:/Program Files/Epic Games/UE_4.27/FeaturePacks/TP_Puzzle.upack' (chunk index -1, root 'root:/') mounted
[2022.11.04-20.08.15:189][  0]LogShaderLibrary: Display: ShaderCodeLibraryPakFileMountedCallback: pending pak file info (ChunkID:-1 Root:root:/ File:C:/Program Files/Epic Games/UE_4.27/FeaturePacks/TP_Puzzle.upack)
[2022.11.04-20.08.15:189][  0]LogPakFile: OnPakFileMounted2Time == 0.000035
[2022.11.04-20.08.15:189][  0]LogPakFile: PakFile PrimaryIndexSize=184
[2022.11.04-20.08.15:189][  0]LogPakFile: PakFile PathHashIndexSize=101
[2022.11.04-20.08.15:189][  0]LogPakFile: PakFile FullDirectoryIndexSize=142
[2022.11.04-20.08.15:189][  0]LogShaderLibrary: Display: ShaderCodeLibraryPakFileMountedCallback: PakFile 'C:/Program Files/Epic Games/UE_4.27/FeaturePacks/TP_PuzzleBP.upack' (chunk index -1, root 'root:/') mounted
[2022.11.04-20.08.15:189][  0]LogShaderLibrary: Display: ShaderCodeLibraryPakFileMountedCallback: pending pak file info (ChunkID:-1 Root:root:/ File:C:/Program Files/Epic Games/UE_4.27/FeaturePacks/TP_PuzzleBP.upack)
[2022.11.04-20.08.15:189][  0]LogPakFile: OnPakFileMounted2Time == 0.000033
[2022.11.04-20.08.15:190][  0]LogPakFile: PakFile PrimaryIndexSize=183
[2022.11.04-20.08.15:190][  0]LogPakFile: PakFile PathHashIndexSize=101
[2022.11.04-20.08.15:190][  0]LogPakFile: PakFile FullDirectoryIndexSize=140
[2022.11.04-20.08.15:190][  0]LogShaderLibrary: Display: ShaderCodeLibraryPakFileMountedCallback: PakFile 'C:/Program Files/Epic Games/UE_4.27/FeaturePacks/TP_Rolling.upack' (chunk index -1, root 'root:/') mounted
[2022.11.04-20.08.15:190][  0]LogShaderLibrary: Display: ShaderCodeLibraryPakFileMountedCallback: pending pak file info (ChunkID:-1 Root:root:/ File:C:/Program Files/Epic Games/UE_4.27/FeaturePacks/TP_Rolling.upack)
[2022.11.04-20.08.15:190][  0]LogPakFile: OnPakFileMounted2Time == 0.000034
[2022.11.04-20.08.15:190][  0]LogPakFile: PakFile PrimaryIndexSize=185
[2022.11.04-20.08.15:190][  0]LogPakFile: PakFile PathHashIndexSize=101
[2022.11.04-20.08.15:190][  0]LogPakFile: PakFile FullDirectoryIndexSize=144
[2022.11.04-20.08.15:190][  0]LogShaderLibrary: Display: ShaderCodeLibraryPakFileMountedCallback: PakFile 'C:/Program Files/Epic Games/UE_4.27/FeaturePacks/TP_RollingBP.upack' (chunk index -1, root 'root:/') mounted
[2022.11.04-20.08.15:190][  0]LogShaderLibrary: Display: ShaderCodeLibraryPakFileMountedCallback: pending pak file info (ChunkID:-1 Root:root:/ File:C:/Program Files/Epic Games/UE_4.27/FeaturePacks/TP_RollingBP.upack)
[2022.11.04-20.08.15:190][  0]LogPakFile: OnPakFileMounted2Time == 0.000033
[2022.11.04-20.08.15:191][  0]LogPakFile: PakFile PrimaryIndexSize=188
[2022.11.04-20.08.15:191][  0]LogPakFile: PakFile PathHashIndexSize=101
[2022.11.04-20.08.15:191][  0]LogPakFile: PakFile FullDirectoryIndexSize=150
[2022.11.04-20.08.15:191][  0]LogShaderLibrary: Display: ShaderCodeLibraryPakFileMountedCallback: PakFile 'C:/Program Files/Epic Games/UE_4.27/FeaturePacks/TP_SideScroller.upack' (chunk index -1, root 'root:/') mounted
[2022.11.04-20.08.15:191][  0]LogShaderLibrary: Display: ShaderCodeLibraryPakFileMountedCallback: pending pak file info (ChunkID:-1 Root:root:/ File:C:/Program Files/Epic Games/UE_4.27/FeaturePacks/TP_SideScroller.upack)
[2022.11.04-20.08.15:191][  0]LogPakFile: OnPakFileMounted2Time == 0.000042
[2022.11.04-20.08.15:192][  0]LogPakFile: PakFile PrimaryIndexSize=190
[2022.11.04-20.08.15:192][  0]LogPakFile: PakFile PathHashIndexSize=101
[2022.11.04-20.08.15:192][  0]LogPakFile: PakFile FullDirectoryIndexSize=154
[2022.11.04-20.08.15:192][  0]LogShaderLibrary: Display: ShaderCodeLibraryPakFileMountedCallback: PakFile 'C:/Program Files/Epic Games/UE_4.27/FeaturePacks/TP_SideScrollerBP.upack' (chunk index -1, root 'root:/') mounted
[2022.11.04-20.08.15:192][  0]LogShaderLibrary: Display: ShaderCodeLibraryPakFileMountedCallback: pending pak file info (ChunkID:-1 Root:root:/ File:C:/Program Files/Epic Games/UE_4.27/FeaturePacks/TP_SideScrollerBP.upack)
[2022.11.04-20.08.15:192][  0]LogPakFile: OnPakFileMounted2Time == 0.000038
[2022.11.04-20.08.15:192][  0]LogPakFile: PakFile PrimaryIndexSize=187
[2022.11.04-20.08.15:192][  0]LogPakFile: PakFile PathHashIndexSize=101
[2022.11.04-20.08.15:192][  0]LogPakFile: PakFile FullDirectoryIndexSize=148
[2022.11.04-20.08.15:192][  0]LogShaderLibrary: Display: ShaderCodeLibraryPakFileMountedCallback: PakFile 'C:/Program Files/Epic Games/UE_4.27/FeaturePacks/TP_ThirdPerson.upack' (chunk index -1, root 'root:/') mounted
[2022.11.04-20.08.15:192][  0]LogShaderLibrary: Display: ShaderCodeLibraryPakFileMountedCallback: pending pak file info (ChunkID:-1 Root:root:/ File:C:/Program Files/Epic Games/UE_4.27/FeaturePacks/TP_ThirdPerson.upack)
[2022.11.04-20.08.15:192][  0]LogPakFile: OnPakFileMounted2Time == 0.000034
[2022.11.04-20.08.15:193][  0]LogPakFile: PakFile PrimaryIndexSize=189
[2022.11.04-20.08.15:193][  0]LogPakFile: PakFile PathHashIndexSize=101
[2022.11.04-20.08.15:193][  0]LogPakFile: PakFile FullDirectoryIndexSize=152
[2022.11.04-20.08.15:193][  0]LogShaderLibrary: Display: ShaderCodeLibraryPakFileMountedCallback: PakFile 'C:/Program Files/Epic Games/UE_4.27/FeaturePacks/TP_ThirdPersonBP.upack' (chunk index -1, root 'root:/') mounted
[2022.11.04-20.08.15:193][  0]LogShaderLibrary: Display: ShaderCodeLibraryPakFileMountedCallback: pending pak file info (ChunkID:-1 Root:root:/ File:C:/Program Files/Epic Games/UE_4.27/FeaturePacks/TP_ThirdPersonBP.upack)
[2022.11.04-20.08.15:193][  0]LogPakFile: OnPakFileMounted2Time == 0.000034
[2022.11.04-20.08.15:193][  0]LogPakFile: PakFile PrimaryIndexSize=183
[2022.11.04-20.08.15:193][  0]LogPakFile: PakFile PathHashIndexSize=101
[2022.11.04-20.08.15:193][  0]LogPakFile: PakFile FullDirectoryIndexSize=140
[2022.11.04-20.08.15:193][  0]LogShaderLibrary: Display: ShaderCodeLibraryPakFileMountedCallback: PakFile 'C:/Program Files/Epic Games/UE_4.27/FeaturePacks/TP_TopDown.upack' (chunk index -1, root 'root:/') mounted
[2022.11.04-20.08.15:193][  0]LogShaderLibrary: Display: ShaderCodeLibraryPakFileMountedCallback: pending pak file info (ChunkID:-1 Root:root:/ File:C:/Program Files/Epic Games/UE_4.27/FeaturePacks/TP_TopDown.upack)
[2022.11.04-20.08.15:193][  0]LogPakFile: OnPakFileMounted2Time == 0.000043
[2022.11.04-20.08.15:194][  0]LogPakFile: PakFile PrimaryIndexSize=185
[2022.11.04-20.08.15:194][  0]LogPakFile: PakFile PathHashIndexSize=101
[2022.11.04-20.08.15:194][  0]LogPakFile: PakFile FullDirectoryIndexSize=144
[2022.11.04-20.08.15:194][  0]LogShaderLibrary: Display: ShaderCodeLibraryPakFileMountedCallback: PakFile 'C:/Program Files/Epic Games/UE_4.27/FeaturePacks/TP_TopDownBP.upack' (chunk index -1, root 'root:/') mounted
[2022.11.04-20.08.15:194][  0]LogShaderLibrary: Display: ShaderCodeLibraryPakFileMountedCallback: pending pak file info (ChunkID:-1 Root:root:/ File:C:/Program Files/Epic Games/UE_4.27/FeaturePacks/TP_TopDownBP.upack)
[2022.11.04-20.08.15:194][  0]LogPakFile: OnPakFileMounted2Time == 0.000034
[2022.11.04-20.08.15:195][  0]LogPakFile: PakFile PrimaryIndexSize=185
[2022.11.04-20.08.15:195][  0]LogPakFile: PakFile PathHashIndexSize=101
[2022.11.04-20.08.15:195][  0]LogPakFile: PakFile FullDirectoryIndexSize=144
[2022.11.04-20.08.15:195][  0]LogShaderLibrary: Display: ShaderCodeLibraryPakFileMountedCallback: PakFile 'C:/Program Files/Epic Games/UE_4.27/FeaturePacks/TP_TwinStick.upack' (chunk index -1, root 'root:/') mounted
[2022.11.04-20.08.15:195][  0]LogShaderLibrary: Display: ShaderCodeLibraryPakFileMountedCallback: pending pak file info (ChunkID:-1 Root:root:/ File:C:/Program Files/Epic Games/UE_4.27/FeaturePacks/TP_TwinStick.upack)
[2022.11.04-20.08.15:195][  0]LogPakFile: OnPakFileMounted2Time == 0.000034
[2022.11.04-20.08.15:195][  0]LogPakFile: PakFile PrimaryIndexSize=187
[2022.11.04-20.08.15:195][  0]LogPakFile: PakFile PathHashIndexSize=101
[2022.11.04-20.08.15:195][  0]LogPakFile: PakFile FullDirectoryIndexSize=148
[2022.11.04-20.08.15:195][  0]LogShaderLibrary: Display: ShaderCodeLibraryPakFileMountedCallback: PakFile 'C:/Program Files/Epic Games/UE_4.27/FeaturePacks/TP_TwinStickBP.upack' (chunk index -1, root 'root:/') mounted
[2022.11.04-20.08.15:195][  0]LogShaderLibrary: Display: ShaderCodeLibraryPakFileMountedCallback: pending pak file info (ChunkID:-1 Root:root:/ File:C:/Program Files/Epic Games/UE_4.27/FeaturePacks/TP_TwinStickBP.upack)
[2022.11.04-20.08.15:195][  0]LogPakFile: OnPakFileMounted2Time == 0.000038
[2022.11.04-20.08.15:196][  0]LogPakFile: PakFile PrimaryIndexSize=183
[2022.11.04-20.08.15:196][  0]LogPakFile: PakFile PathHashIndexSize=101
[2022.11.04-20.08.15:196][  0]LogPakFile: PakFile FullDirectoryIndexSize=140
[2022.11.04-20.08.15:196][  0]LogShaderLibrary: Display: ShaderCodeLibraryPakFileMountedCallback: PakFile 'C:/Program Files/Epic Games/UE_4.27/FeaturePacks/TP_Vehicle.upack' (chunk index -1, root 'root:/') mounted
[2022.11.04-20.08.15:196][  0]LogShaderLibrary: Display: ShaderCodeLibraryPakFileMountedCallback: pending pak file info (ChunkID:-1 Root:root:/ File:C:/Program Files/Epic Games/UE_4.27/FeaturePacks/TP_Vehicle.upack)
[2022.11.04-20.08.15:196][  0]LogPakFile: OnPakFileMounted2Time == 0.000036
[2022.11.04-20.08.15:196][  0]LogPakFile: PakFile PrimaryIndexSize=186
[2022.11.04-20.08.15:196][  0]LogPakFile: PakFile PathHashIndexSize=101
[2022.11.04-20.08.15:196][  0]LogPakFile: PakFile FullDirectoryIndexSize=146
[2022.11.04-20.08.15:196][  0]LogShaderLibrary: Display: ShaderCodeLibraryPakFileMountedCallback: PakFile 'C:/Program Files/Epic Games/UE_4.27/FeaturePacks/TP_VehicleAdv.upack' (chunk index -1, root 'root:/') mounted
[2022.11.04-20.08.15:196][  0]LogShaderLibrary: Display: ShaderCodeLibraryPakFileMountedCallback: pending pak file info (ChunkID:-1 Root:root:/ File:C:/Program Files/Epic Games/UE_4.27/FeaturePacks/TP_VehicleAdv.upack)
[2022.11.04-20.08.15:196][  0]LogPakFile: OnPakFileMounted2Time == 0.000034
[2022.11.04-20.08.15:197][  0]LogPakFile: PakFile PrimaryIndexSize=188
[2022.11.04-20.08.15:197][  0]LogPakFile: PakFile PathHashIndexSize=101
[2022.11.04-20.08.15:197][  0]LogPakFile: PakFile FullDirectoryIndexSize=150
[2022.11.04-20.08.15:197][  0]LogShaderLibrary: Display: ShaderCodeLibraryPakFileMountedCallback: PakFile 'C:/Program Files/Epic Games/UE_4.27/FeaturePacks/TP_VehicleAdvBP.upack' (chunk index -1, root 'root:/') mounted
[2022.11.04-20.08.15:197][  0]LogShaderLibrary: Display: ShaderCodeLibraryPakFileMountedCallback: pending pak file info (ChunkID:-1 Root:root:/ File:C:/Program Files/Epic Games/UE_4.27/FeaturePacks/TP_VehicleAdvBP.upack)
[2022.11.04-20.08.15:197][  0]LogPakFile: OnPakFileMounted2Time == 0.000038
[2022.11.04-20.08.15:197][  0]LogPakFile: PakFile PrimaryIndexSize=185
[2022.11.04-20.08.15:197][  0]LogPakFile: PakFile PathHashIndexSize=101
[2022.11.04-20.08.15:198][  0]LogPakFile: PakFile FullDirectoryIndexSize=144
[2022.11.04-20.08.15:198][  0]LogShaderLibrary: Display: ShaderCodeLibraryPakFileMountedCallback: PakFile 'C:/Program Files/Epic Games/UE_4.27/FeaturePacks/TP_VehicleBP.upack' (chunk index -1, root 'root:/') mounted
[2022.11.04-20.08.15:198][  0]LogShaderLibrary: Display: ShaderCodeLibraryPakFileMountedCallback: pending pak file info (ChunkID:-1 Root:root:/ File:C:/Program Files/Epic Games/UE_4.27/FeaturePacks/TP_VehicleBP.upack)
[2022.11.04-20.08.15:198][  0]LogPakFile: OnPakFileMounted2Time == 0.000033
[2022.11.04-20.08.15:198][  0]LogPakFile: PakFile PrimaryIndexSize=192
[2022.11.04-20.08.15:198][  0]LogPakFile: PakFile PathHashIndexSize=101
[2022.11.04-20.08.15:198][  0]LogPakFile: PakFile FullDirectoryIndexSize=158
[2022.11.04-20.08.15:198][  0]LogShaderLibrary: Display: ShaderCodeLibraryPakFileMountedCallback: PakFile 'C:/Program Files/Epic Games/UE_4.27/FeaturePacks/TP_VirtualRealityBP.upack' (chunk index -1, root 'root:/') mounted
[2022.11.04-20.08.15:198][  0]LogShaderLibrary: Display: ShaderCodeLibraryPakFileMountedCallback: pending pak file info (ChunkID:-1 Root:root:/ File:C:/Program Files/Epic Games/UE_4.27/FeaturePacks/TP_VirtualRealityBP.upack)
[2022.11.04-20.08.15:198][  0]LogPakFile: OnPakFileMounted2Time == 0.000036
[2022.11.04-20.08.15:264][  0]LogNativeClassHierarchy: Verbose: Native class hierarchy updated for 'AddContentDialog' in 0.0003 seconds. Added 0 classes and 0 folders.
[2022.11.04-20.08.15:265][  0]LogNativeClassHierarchy: Verbose: Native class hierarchy updated for 'SceneOutliner' in 0.0002 seconds. Added 2 classes and 0 folders.
[2022.11.04-20.08.15:359][  0]LogSlate: Took 0.000204 seconds to synchronously load lazily loaded font '../../../Engine/Content/Slate/Fonts/Roboto-Regular.ttf' (155K)
[2022.11.04-20.08.15:360][  0]LogSlate: Took 0.000159 seconds to synchronously load lazily loaded font '../../../Engine/Content/Editor/Slate/Fonts/FontAwesome.ttf' (139K)
[2022.11.04-20.08.15:362][  0]LogSlate: Took 0.000115 seconds to synchronously load lazily loaded font '../../../Engine/Content/Slate/Fonts/Roboto-Bold.ttf' (160K)
[2022.11.04-20.08.15:454][  0]LogRenderer: Reallocating scene render targets to support 1100x632 Format 10 NumSamples 1 (Frame:1).
[2022.11.04-20.08.15:911][  0]LogSlate: Took 0.000239 seconds to synchronously load lazily loaded font '../../../Engine/Content/Slate/Fonts/Roboto-Light.ttf' (167K)
[2022.11.04-20.08.16:009][  0]LogNativeClassHierarchy: Verbose: Native class hierarchy updated for 'HierarchicalLODOutliner' in 0.0003 seconds. Added 0 classes and 0 folders.
[2022.11.04-20.08.16:009][  0]LogLoad: (Engine Initialization) Total time: 480.69 seconds
[2022.11.04-20.08.16:009][  0]LogLoad: (Engine Initialization) Total Blueprint compile time: 0.00 seconds
[2022.11.04-20.08.16:065][  0]LogAssetRegistry: Asset discovery search completed in 471.4829 seconds
[2022.11.04-20.08.16:071][  0]LogCollectionManager: Fixed up redirectors for 0 collections in 0.000003 seconds (updated 0 objects)
[2022.11.04-20.08.16:077][  0]LogContentStreaming: Texture pool size now 1000 MB
[2022.11.04-20.08.16:236][  0]LogRenderer: Reallocating scene render targets to support 1100x648 Format 10 NumSamples 1 (Frame:3).
[2022.11.04-20.10.49:306][302]LogUObjectHash: Compacting FUObjectHashTables data took   0.75ms
[2022.11.04-20.10.49:639][302]LogSlate: Window 'UpSkill_Prototype - Unreal Editor' being destroyed
[2022.11.04-20.10.49:743][303]Cmd: QUIT_EDITOR
[2022.11.04-20.10.49:744][303]LogCore: Engine exit requested (reason: UUnrealEdEngine::CloseEditor())
[2022.11.04-20.10.49:778][303]LogCore: Engine exit requested (reason: EngineExit() was called; note: exit was already requested)
[2022.11.04-20.10.49:779][303]LogAudio: Display: Beginning Audio Device Manager Shutdown (Module: AudioMixerXAudio2)...
[2022.11.04-20.10.49:779][303]LogAudio: Display: Destroying 1 Remaining Audio Device(s)...
[2022.11.04-20.10.49:780][303]LogAudio: Display: Audio Device unregistered from world 'Untitled_1'.
[2022.11.04-20.10.49:780][303]LogAudioMixer: FMixerPlatformXAudio2::StopAudioStream() called
[2022.11.04-20.10.49:781][303]LogAudioMixer: FMixerPlatformXAudio2::StopAudioStream() called
[2022.11.04-20.10.49:790][303]LogAudio: Display: Audio Device Manager Shutdown
[2022.11.04-20.10.49:790][303]LogWindowsTextInputMethodSystem: Display: IME system deactivated.
[2022.11.04-20.10.49:813][303]LogExit: Preparing to exit.
[2022.11.04-20.10.50:648][303]LogUObjectHash: Compacting FUObjectHashTables data took   0.89ms
[2022.11.04-20.10.50:769][303]LogDemo: Cleaned up 0 splitscreen connections with owner deletion
[2022.11.04-20.10.50:777][303]LogWorld: UWorld::CleanupWorld for None, bSessionEnded=true, bCleanupResources=true
[2022.11.04-20.10.50:777][303]LogExit: Editor shut down
[2022.11.04-20.10.50:777][303]LogExit: Transaction tracking system shut down
