"../../../Engine/Content/EngineMaterials/T_Default_Material_Grid_M.uasset" 0
"../../../Engine/Content/EngineMaterials/T_Default_Material_Grid_M.uexp" 1
"../../../Engine/Content/EngineMaterials/T_Default_Material_Grid_M.ubulk" 2
"../../../Engine/Content/EngineMaterials/T_Default_Material_Grid_N.uasset" 3
"../../../Engine/Content/EngineMaterials/T_Default_Material_Grid_N.uexp" 4
"../../../Engine/Content/EngineMaterials/T_Default_Material_Grid_N.ubulk" 5
"../../../Engine/Content/Functions/Engine_MaterialFunctions01/Opacity/CameraDepthFade.uasset" 6
"../../../Engine/Content/Functions/Engine_MaterialFunctions01/Opacity/CameraDepthFade.uexp" 7
"../../../Engine/Content/EngineMaterials/WorldGridMaterial.uasset" 8
"../../../Engine/Content/EngineMaterials/WorldGridMaterial.uexp" 9
"../../../Engine/Content/ArtTools/RenderToTexture/Meshes/S_1_Unit_Plane.uasset" 10
"../../../Engine/Content/ArtTools/RenderToTexture/Meshes/S_1_Unit_Plane.uexp" 11
"../../../Engine/Content/EngineMaterials/DefaultMaterial.uasset" 12
"../../../Engine/Content/EngineMaterials/DefaultMaterial.uexp" 13
"../../../Engine/Content/BasicShapes/Cone.uasset" 14
"../../../Engine/Content/BasicShapes/Cone.uexp" 15
"../../../Engine/Content/BasicShapes/Plane.uasset" 16
"../../../Engine/Content/BasicShapes/Plane.uexp" 17
"../../../Engine/Content/BasicShapes/Sphere.uasset" 18
"../../../Engine/Content/BasicShapes/Sphere.uexp" 19
"../../../Engine/Content/EditorLandscapeResources/DataLayer.uasset" 20
"../../../Engine/Content/EditorLandscapeResources/DataLayer.uexp" 21
"../../../Engine/Content/EditorLandscapeResources/DefaultAlphaTexture.uasset" 22
"../../../Engine/Content/EditorLandscapeResources/DefaultAlphaTexture.uexp" 23
"../../../Engine/Content/EditorMaterials/MAT_Groups_Toggle.uasset" 24
"../../../Engine/Content/EditorMaterials/MAT_Groups_Toggle.uexp" 25
"../../../Engine/Content/EditorMaterials/MAT_Groups_Visibility.uasset" 26
"../../../Engine/Content/EditorMaterials/MAT_Groups_Visibility.uexp" 27
"../../../Engine/Content/EditorMaterials/PreviewShadowIndicator.uasset" 28
"../../../Engine/Content/EditorMaterials/PreviewShadowIndicator.uexp" 29
"../../../Engine/Content/EditorMaterials/PreviewShadowIndicator.ubulk" 30
"../../../Engine/Content/EditorMaterials/PreviewShadowIndicatorMaterial.uasset" 31
"../../../Engine/Content/EditorMaterials/PreviewShadowIndicatorMaterial.uexp" 32
"../../../Engine/Content/EditorMaterials/MatineeGroups/MAT_ColorTrack.uasset" 33
"../../../Engine/Content/EditorMaterials/MatineeGroups/MAT_ColorTrack.uexp" 34
"../../../Engine/Content/EditorMaterials/MatineeGroups/MAT_Groups_Anim.uasset" 35
"../../../Engine/Content/EditorMaterials/MatineeGroups/MAT_Groups_Anim.uexp" 36
"../../../Engine/Content/EditorMaterials/MatineeGroups/MAT_Groups_AudioMaster.uasset" 37
"../../../Engine/Content/EditorMaterials/MatineeGroups/MAT_Groups_AudioMaster.uexp" 38
"../../../Engine/Content/EditorMaterials/MatineeGroups/MAT_Groups_Director.uasset" 39
"../../../Engine/Content/EditorMaterials/MatineeGroups/MAT_Groups_Director.uexp" 40
"../../../Engine/Content/EditorMaterials/MatineeGroups/MAT_Groups_Event.uasset" 41
"../../../Engine/Content/EditorMaterials/MatineeGroups/MAT_Groups_Event.uexp" 42
"../../../Engine/Content/EditorMaterials/MatineeGroups/MAT_Groups_Fade.uasset" 43
"../../../Engine/Content/EditorMaterials/MatineeGroups/MAT_Groups_Fade.uexp" 44
"../../../Engine/Content/EditorMaterials/MatineeGroups/MAT_Groups_Float.uasset" 45
"../../../Engine/Content/EditorMaterials/MatineeGroups/MAT_Groups_Float.uexp" 46
"../../../Engine/Content/EditorMaterials/MatineeGroups/MAT_Groups_Move.uasset" 47
"../../../Engine/Content/EditorMaterials/MatineeGroups/MAT_Groups_Move.uexp" 48
"../../../Engine/Content/EditorMaterials/MatineeGroups/MAT_Groups_Slomo.uasset" 49
"../../../Engine/Content/EditorMaterials/MatineeGroups/MAT_Groups_Slomo.uexp" 50
"../../../Engine/Content/EditorMaterials/MatineeGroups/MAT_Groups_Sound.uasset" 51
"../../../Engine/Content/EditorMaterials/MatineeGroups/MAT_Groups_Sound.uexp" 52
"../../../Engine/Content/EditorMaterials/MatineeGroups/MAT_Groups_Vector.uasset" 53
"../../../Engine/Content/EditorMaterials/MatineeGroups/MAT_Groups_Vector.uexp" 54
"../../../Engine/Content/EditorMaterials/ParticleSystems/PSysThumbnail_NoImage.uasset" 55
"../../../Engine/Content/EditorMaterials/ParticleSystems/PSysThumbnail_NoImage.uexp" 56
"../../../Engine/Content/EditorMaterials/ParticleSystems/PSysThumbnail_NoImage.ubulk" 57
"../../../Engine/Content/EditorMaterials/ParticleSystems/PSysThumbnail_OOD.uasset" 58
"../../../Engine/Content/EditorMaterials/ParticleSystems/PSysThumbnail_OOD.uexp" 59
"../../../Engine/Content/EditorMaterials/ParticleSystems/PSysThumbnail_OOD.ubulk" 60
"../../../Engine/Content/EditorMaterials/Camera/CineMat.uasset" 61
"../../../Engine/Content/EditorMaterials/Camera/CineMat.uexp" 62
"../../../Engine/Content/EditorMaterials/Camera/MI_CineMat_Rig.uasset" 63
"../../../Engine/Content/EditorMaterials/Camera/MI_CineMat_Rig.uexp" 64
"../../../Engine/Content/EditorMeshes/Camera/SM_CraneRig_Arm.uasset" 65
"../../../Engine/Content/EditorMeshes/Camera/SM_CraneRig_Arm.uexp" 66
"../../../Engine/Content/EditorMeshes/Camera/SM_CraneRig_Base.uasset" 67
"../../../Engine/Content/EditorMeshes/Camera/SM_CraneRig_Base.uexp" 68
"../../../Engine/Content/EditorMeshes/Camera/SM_CraneRig_Body.uasset" 69
"../../../Engine/Content/EditorMeshes/Camera/SM_CraneRig_Body.uexp" 70
"../../../Engine/Content/EditorMeshes/Camera/SM_CraneRig_Mount.uasset" 71
"../../../Engine/Content/EditorMeshes/Camera/SM_CraneRig_Mount.uexp" 72
"../../../Engine/Content/EditorMeshes/Camera/SM_RailRig_Mount.uasset" 73
"../../../Engine/Content/EditorMeshes/Camera/SM_RailRig_Mount.uexp" 74
"../../../Engine/Content/EditorMeshes/Camera/SM_RailRig_Track.uasset" 75
"../../../Engine/Content/EditorMeshes/Camera/SM_RailRig_Track.uexp" 76
"../../../Engine/Content/EditorResources/BSPVertex.uasset" 77
"../../../Engine/Content/EditorResources/BSPVertex.uexp" 78
"../../../Engine/Content/EditorResources/EmptyActor.uasset" 79
"../../../Engine/Content/EditorResources/EmptyActor.uexp" 80
"../../../Engine/Content/EditorResources/S_Actor.uasset" 81
"../../../Engine/Content/EditorResources/S_Actor.uexp" 82
"../../../Engine/Content/EditorResources/S_Actor.ubulk" 83
"../../../Engine/Content/EditorResources/S_Note.uasset" 84
"../../../Engine/Content/EditorResources/S_Note.uexp" 85
"../../../Engine/Content/EditorResources/S_Note.ubulk" 86
"../../../Engine/Content/EditorResources/S_Solver.uasset" 87
"../../../Engine/Content/EditorResources/S_Solver.uexp" 88
"../../../Engine/Content/EditorResources/S_Solver.ubulk" 89
"../../../Engine/Content/EditorResources/S_Terrain.uasset" 90
"../../../Engine/Content/EditorResources/S_Terrain.uexp" 91
"../../../Engine/Content/EditorResources/S_Terrain.ubulk" 92
"../../../Engine/Content/EditorResources/S_Trigger.uasset" 93
"../../../Engine/Content/EditorResources/S_Trigger.uexp" 94
"../../../Engine/Content/EditorResources/S_Trigger.ubulk" 95
"../../../Engine/Content/EditorResources/LightIcons/S_LightError.uasset" 96
"../../../Engine/Content/EditorResources/LightIcons/S_LightError.uexp" 97
"../../../Engine/Content/EditorResources/SequenceRecorder/Countdown.uasset" 98
"../../../Engine/Content/EditorResources/SequenceRecorder/Countdown.uexp" 99
"../../../Engine/Content/EditorResources/SequenceRecorder/RecordingIndicator.uasset" 100
"../../../Engine/Content/EditorResources/SequenceRecorder/RecordingIndicator.uexp" 101
"../../../Engine/Content/EngineDamageTypes/DmgTypeBP_Environmental.uasset" 102
"../../../Engine/Content/EngineDamageTypes/DmgTypeBP_Environmental.uexp" 103
"../../../Engine/Content/EngineDebugMaterials/DebugEditorMaterial.uasset" 104
"../../../Engine/Content/EngineDebugMaterials/DebugEditorMaterial.uexp" 105
"../../../Engine/Content/EngineDebugMaterials/DebugMeshMaterial.uasset" 106
"../../../Engine/Content/EngineDebugMaterials/DebugMeshMaterial.uexp" 107
"../../../Engine/Content/EngineDebugMaterials/M_SimpleUnlitTranslucent.uasset" 108
"../../../Engine/Content/EngineDebugMaterials/M_SimpleUnlitTranslucent.uexp" 109
"../../../Engine/Content/EngineDebugMaterials/VolumeToRender.uasset" 110
"../../../Engine/Content/EngineDebugMaterials/VolumeToRender.uexp" 111
"../../../Engine/Content/Functions/Engine_MaterialFunctions02/Utility/CameraDirectionVector.uasset" 112
"../../../Engine/Content/Functions/Engine_MaterialFunctions02/Utility/CameraDirectionVector.uexp" 113
"../../../Engine/Content/EngineDebugMaterials/M_VolumeRenderSphereTracePP.uasset" 114
"../../../Engine/Content/EngineDebugMaterials/M_VolumeRenderSphereTracePP.uexp" 115
"../../../Engine/Content/Functions/Engine_MaterialFunctions01/Shading/ConvertFromDiffSpec.uasset" 116
"../../../Engine/Content/Functions/Engine_MaterialFunctions01/Shading/ConvertFromDiffSpec.uexp" 117
"../../../Engine/Content/EngineDebugMaterials/VertexColorMaterial.uasset" 118
"../../../Engine/Content/EngineDebugMaterials/VertexColorMaterial.uexp" 119
"../../../Engine/Content/EngineDebugMaterials/WireframeMaterial.uasset" 120
"../../../Engine/Content/EngineDebugMaterials/WireframeMaterial.uexp" 121
"../../../Engine/Content/EngineFonts/Faces/RobotoRegular.uasset" 122
"../../../Engine/Content/EngineFonts/Faces/RobotoRegular.uexp" 123
"../../../Engine/Content/EngineFonts/Faces/RobotoRegular.ufont" 124
"../../../Engine/Content/EngineFonts/Faces/RobotoLight.uasset" 125
"../../../Engine/Content/EngineFonts/Faces/RobotoLight.uexp" 126
"../../../Engine/Content/EngineFonts/Faces/RobotoLight.ufont" 127
"../../../Engine/Content/EngineFonts/Faces/RobotoItalic.uasset" 128
"../../../Engine/Content/EngineFonts/Faces/RobotoItalic.uexp" 129
"../../../Engine/Content/EngineFonts/Faces/RobotoItalic.ufont" 130
"../../../Engine/Content/EngineFonts/Faces/RobotoBoldItalic.uasset" 131
"../../../Engine/Content/EngineFonts/Faces/RobotoBoldItalic.uexp" 132
"../../../Engine/Content/EngineFonts/Faces/RobotoBoldItalic.ufont" 133
"../../../Engine/Content/EngineFonts/Faces/RobotoBold.uasset" 134
"../../../Engine/Content/EngineFonts/Faces/RobotoBold.uexp" 135
"../../../Engine/Content/EngineFonts/Faces/RobotoBold.ufont" 136
"../../../Engine/Content/EngineFonts/Faces/DroidSansFallback.uasset" 137
"../../../Engine/Content/EngineFonts/Faces/DroidSansFallback.uexp" 138
"../../../Engine/Content/EngineFonts/Faces/DroidSansFallback.ufont" 139
"../../../Engine/Content/EngineFonts/Roboto.uasset" 140
"../../../Engine/Content/EngineFonts/Roboto.uexp" 141
"../../../Engine/Content/EngineMaterials/BaseFlattenNormalMap.uasset" 142
"../../../Engine/Content/EngineMaterials/BaseFlattenNormalMap.uexp" 143
"../../../Engine/Content/EngineMaterials/BaseFlattenGrayscaleMap.uasset" 144
"../../../Engine/Content/EngineMaterials/BaseFlattenGrayscaleMap.uexp" 145
"../../../Engine/Content/EngineMaterials/BaseFlattenEmissiveMap.uasset" 146
"../../../Engine/Content/EngineMaterials/BaseFlattenEmissiveMap.uexp" 147
"../../../Engine/Content/EngineMaterials/BaseFlattenDiffuseMap.uasset" 148
"../../../Engine/Content/EngineMaterials/BaseFlattenDiffuseMap.uexp" 149
"../../../Engine/Content/EngineMaterials/BaseFlattenMaterial.uasset" 150
"../../../Engine/Content/EngineMaterials/BaseFlattenMaterial.uexp" 151
"../../../Engine/Content/EngineMaterials/BlueNoise.uasset" 152
"../../../Engine/Content/EngineMaterials/BlueNoise.uexp" 153
"../../../Engine/Content/EngineMaterials/DefaultBloomKernel.uasset" 154
"../../../Engine/Content/EngineMaterials/DefaultBloomKernel.uexp" 155
"../../../Engine/Content/EngineMaterials/DefaultBokeh.uasset" 156
"../../../Engine/Content/EngineMaterials/DefaultBokeh.uexp" 157
"../../../Engine/Content/EngineMaterials/DefaultDiffuse.uasset" 158
"../../../Engine/Content/EngineMaterials/DefaultDiffuse.uexp" 159
"../../../Engine/Content/EngineMaterials/DefaultDiffuse.ubulk" 160
"../../../Engine/Content/EngineMaterials/DefaultDeferredDecalMaterial.uasset" 161
"../../../Engine/Content/EngineMaterials/DefaultDeferredDecalMaterial.uexp" 162
"../../../Engine/Content/EngineMaterials/DefaultLightFunctionMaterial.uasset" 163
"../../../Engine/Content/EngineMaterials/DefaultLightFunctionMaterial.uexp" 164
"../../../Engine/Content/EngineMaterials/DefaultPhysicalMaterial.uasset" 165
"../../../Engine/Content/EngineMaterials/DefaultPhysicalMaterial.uexp" 166
"../../../Engine/Content/Functions/Engine_MaterialFunctions02/Utility/BreakOutFloat2Components.uasset" 167
"../../../Engine/Content/Functions/Engine_MaterialFunctions02/Utility/BreakOutFloat2Components.uexp" 168
"../../../Engine/Content/EngineMaterials/DefaultPostProcessMaterial.uasset" 169
"../../../Engine/Content/EngineMaterials/DefaultPostProcessMaterial.uexp" 170
"../../../Engine/Content/EngineFonts/RobotoDistanceField.uasset" 171
"../../../Engine/Content/EngineFonts/RobotoDistanceField.uexp" 172
"../../../Engine/Content/EngineMaterials/DefaultTextMaterialOpaque.uasset" 173
"../../../Engine/Content/EngineMaterials/DefaultTextMaterialOpaque.uexp" 174
"../../../Engine/Content/EngineMaterials/DefaultWhiteGrid.uasset" 175
"../../../Engine/Content/EngineMaterials/DefaultWhiteGrid.uexp" 176
"../../../Engine/Content/EngineMaterials/DefaultWhiteGrid.ubulk" 177
"../../../Engine/Content/EngineMaterials/DefaultWhiteGrid_Low.uasset" 178
"../../../Engine/Content/EngineMaterials/DefaultWhiteGrid_Low.uexp" 179
"../../../Engine/Content/EngineMaterials/EmissiveMeshMaterial.uasset" 180
"../../../Engine/Content/EngineMaterials/EmissiveMeshMaterial.uexp" 181
"../../../Engine/Content/EngineMaterials/GizmoMaterial.uasset" 182
"../../../Engine/Content/EngineMaterials/GizmoMaterial.uexp" 183
"../../../Engine/Content/EngineMaterials/Good64x64TilingNoiseHighFreq.uasset" 184
"../../../Engine/Content/EngineMaterials/Good64x64TilingNoiseHighFreq.uexp" 185
"../../../Engine/Content/EngineMaterials/MiniFont.uasset" 186
"../../../Engine/Content/EngineMaterials/MiniFont.uexp" 187
"../../../Engine/Content/EngineMaterials/InvalidLightmapSettings.uasset" 188
"../../../Engine/Content/EngineMaterials/InvalidLightmapSettings.uexp" 189
"../../../Engine/Content/EngineMaterials/InvalidLightmapSettings.ubulk" 190
"../../../Engine/Content/EngineMaterials/M_InvalidLightmapSettings.uasset" 191
"../../../Engine/Content/EngineMaterials/M_InvalidLightmapSettings.uexp" 192
"../../../Engine/Content/Functions/Engine_MaterialFunctions02/WorldPositionOffset/CameraOffset.uasset" 193
"../../../Engine/Content/Functions/Engine_MaterialFunctions02/WorldPositionOffset/CameraOffset.uexp" 194
"../../../Engine/Content/EngineMaterials/PhAT_JointLimitMaterial.uasset" 195
"../../../Engine/Content/EngineMaterials/PhAT_JointLimitMaterial.uexp" 196
"../../../Engine/Content/EngineMaterials/DefaultCalibrationColor.uasset" 197
"../../../Engine/Content/EngineMaterials/DefaultCalibrationColor.uexp" 198
"../../../Engine/Content/EngineMaterials/PPM_DefaultCalibrationColor.uasset" 199
"../../../Engine/Content/EngineMaterials/PPM_DefaultCalibrationColor.uexp" 200
"../../../Engine/Content/EngineMaterials/DefaultCalibrationGrayscale.uasset" 201
"../../../Engine/Content/EngineMaterials/DefaultCalibrationGrayscale.uexp" 202
"../../../Engine/Content/EngineMaterials/PPM_DefaultCalibrationGrayscale.uasset" 203
"../../../Engine/Content/EngineMaterials/PPM_DefaultCalibrationGrayscale.uexp" 204
"../../../Engine/Content/EngineMaterials/PreintegratedSkinBRDF.uasset" 205
"../../../Engine/Content/EngineMaterials/PreintegratedSkinBRDF.uexp" 206
"../../../Engine/Content/EngineMaterials/RemoveSurfaceMaterial.uasset" 207
"../../../Engine/Content/EngineMaterials/RemoveSurfaceMaterial.uexp" 208
"../../../Engine/Content/EngineMaterials/WeightMapPlaceholderTexture.uasset" 209
"../../../Engine/Content/EngineMaterials/WeightMapPlaceholderTexture.uexp" 210
"../../../Engine/Content/EngineResources/WhiteSquareTexture.uasset" 211
"../../../Engine/Content/EngineResources/WhiteSquareTexture.uexp" 212
"../../../Engine/Content/EngineMaterials/Widget3DPassThrough.uasset" 213
"../../../Engine/Content/EngineMaterials/Widget3DPassThrough.uexp" 214
"../../../Engine/Content/EngineMaterials/Widget3DPassThrough_Masked.uasset" 215
"../../../Engine/Content/EngineMaterials/Widget3DPassThrough_Masked.uexp" 216
"../../../Engine/Content/EngineMaterials/Widget3DPassThrough_Opaque.uasset" 217
"../../../Engine/Content/EngineMaterials/Widget3DPassThrough_Opaque.uexp" 218
"../../../Engine/Content/EngineMaterials/Widget3DPassThrough_Masked_OneSided.uasset" 219
"../../../Engine/Content/EngineMaterials/Widget3DPassThrough_Masked_OneSided.uexp" 220
"../../../Engine/Content/EngineMaterials/Widget3DPassThrough_Opaque_OneSided.uasset" 221
"../../../Engine/Content/EngineMaterials/Widget3DPassThrough_Opaque_OneSided.uexp" 222
"../../../Engine/Content/EngineMaterials/Widget3DPassThrough_Translucent.uasset" 223
"../../../Engine/Content/EngineMaterials/Widget3DPassThrough_Translucent.uexp" 224
"../../../Engine/Content/EngineMaterials/Widget3DPassThrough_Translucent_OneSided.uasset" 225
"../../../Engine/Content/EngineMaterials/Widget3DPassThrough_Translucent_OneSided.uexp" 226
"../../../Engine/Content/EngineMeshes/Cylinder.uasset" 227
"../../../Engine/Content/EngineMeshes/Cylinder.uexp" 228
"../../../Engine/Content/EngineMeshes/Sphere.uasset" 229
"../../../Engine/Content/EngineMeshes/Sphere.uexp" 230
"../../../Engine/Content/EngineResources/DefaultTexture.uasset" 231
"../../../Engine/Content/EngineResources/DefaultTexture.uexp" 232
"../../../Engine/Content/EngineResources/DefaultTexture.ubulk" 233
"../../../Engine/Content/EngineResources/DefaultTextureCube.uasset" 234
"../../../Engine/Content/EngineResources/DefaultTextureCube.uexp" 235
"../../../Engine/Content/EngineResources/DefaultVolumeTexture2D.uasset" 236
"../../../Engine/Content/EngineResources/DefaultVolumeTexture2D.uexp" 237
"../../../Engine/Content/EngineResources/DefaultVolumeTexture.uasset" 238
"../../../Engine/Content/EngineResources/DefaultVolumeTexture.uexp" 239
"../../../Engine/Content/EngineResources/GradientTexture0.uasset" 240
"../../../Engine/Content/EngineResources/GradientTexture0.uexp" 241
"../../../Engine/Content/EngineSky/VolumetricClouds/T_NoiseShape64.uasset" 242
"../../../Engine/Content/EngineSky/VolumetricClouds/T_NoiseShape64.uexp" 243
"../../../Engine/Content/EngineSky/VolumetricClouds/T_NoiseShape64.ubulk" 244
"../../../Engine/Content/EngineSky/VolumetricClouds/T_VolumeNoiseShape64.uasset" 245
"../../../Engine/Content/EngineSky/VolumetricClouds/T_VolumeNoiseShape64.uexp" 246
"../../../Engine/Content/EngineSky/VolumetricClouds/T_NoiseErosion.uasset" 247
"../../../Engine/Content/EngineSky/VolumetricClouds/T_NoiseErosion.uexp" 248
"../../../Engine/Content/EngineSky/VolumetricClouds/T_NoiseErosion.ubulk" 249
"../../../Engine/Content/EngineSky/VolumetricClouds/T_VolumeNoiseErosion32.uasset" 250
"../../../Engine/Content/EngineSky/VolumetricClouds/T_VolumeNoiseErosion32.uexp" 251
"../../../Engine/Content/EngineSky/VolumetricClouds/CloudWeatherTexture.uasset" 252
"../../../Engine/Content/EngineSky/VolumetricClouds/CloudWeatherTexture.uexp" 253
"../../../Engine/Content/EngineSky/VolumetricClouds/CloudGradientTexture.uasset" 254
"../../../Engine/Content/EngineSky/VolumetricClouds/CloudGradientTexture.uexp" 255
"../../../Engine/Content/Functions/Engine_MaterialFunctions02/Utility/MakeFloat2.uasset" 256
"../../../Engine/Content/Functions/Engine_MaterialFunctions02/Utility/MakeFloat2.uexp" 257
"../../../Engine/Content/EngineSky/VolumetricClouds/m_SimpleVolumetricCloud.uasset" 258
"../../../Engine/Content/EngineSky/VolumetricClouds/m_SimpleVolumetricCloud.uexp" 259
"../../../Engine/Content/EngineSky/VolumetricClouds/m_SimpleVolumetricCloud_Inst.uasset" 260
"../../../Engine/Content/EngineSky/VolumetricClouds/m_SimpleVolumetricCloud_Inst.uexp" 261
"../../../Engine/Content/EngineSounds/Master.uasset" 262
"../../../Engine/Content/EngineSounds/Master.uexp" 263
"../../../Engine/Content/Functions/Engine_MaterialFunctions01/Shading/PowerToRoughness.uasset" 264
"../../../Engine/Content/Functions/Engine_MaterialFunctions01/Shading/PowerToRoughness.uexp" 265
"../../../Engine/Content/Maps/Templates/Thumbnails/Default.uasset" 266
"../../../Engine/Content/Maps/Templates/Thumbnails/Default.uexp" 267
"../../../Engine/Content/Maps/Templates/Thumbnails/TimeOfDay.uasset" 268
"../../../Engine/Content/Maps/Templates/Thumbnails/TimeOfDay.uexp" 269
"../../../Engine/Content/Maps/Templates/Thumbnails/VR-Basic.uasset" 270
"../../../Engine/Content/Maps/Templates/Thumbnails/VR-Basic.uexp" 271
"../../../Engine/Content/MobileResources/T_MobileControls_texture.uasset" 272
"../../../Engine/Content/MobileResources/T_MobileControls_texture.uexp" 273
"../../../Engine/Content/MobileResources/T_MobileMenu2.uasset" 274
"../../../Engine/Content/MobileResources/T_MobileMenu2.uexp" 275
"../../../Engine/Content/MobileResources/HUD/AnalogHat.uasset" 276
"../../../Engine/Content/MobileResources/HUD/AnalogHat.uexp" 277
"../../../Engine/Content/MobileResources/HUD/VirtualJoystick_Thumb.uasset" 278
"../../../Engine/Content/MobileResources/HUD/VirtualJoystick_Thumb.uexp" 279
"../../../Engine/Content/MobileResources/HUD/VirtualJoystick_Background.uasset" 280
"../../../Engine/Content/MobileResources/HUD/VirtualJoystick_Background.uexp" 281
"../../../Engine/Content/MobileResources/HUD/DefaultVirtualJoysticks.uasset" 282
"../../../Engine/Content/MobileResources/HUD/DefaultVirtualJoysticks.uexp" 283
"../../../Engine/Content/MobileResources/HUD/LeftVirtualJoystickOnly.uasset" 284
"../../../Engine/Content/MobileResources/HUD/LeftVirtualJoystickOnly.uexp" 285
"../../../Engine/Content/MobileResources/HUD/MobileHUDButton1_off.uasset" 286
"../../../Engine/Content/MobileResources/HUD/MobileHUDButton1_off.uexp" 287
"../../../Engine/Content/MobileResources/HUD/MobileHUDButton1_on.uasset" 288
"../../../Engine/Content/MobileResources/HUD/MobileHUDButton1_on.uexp" 289
"../../../Engine/Content/MobileResources/HUD/MobileHUDButton2_off.uasset" 290
"../../../Engine/Content/MobileResources/HUD/MobileHUDButton2_off.uexp" 291
"../../../Engine/Content/MobileResources/HUD/MobileHUDButton2_on.uasset" 292
"../../../Engine/Content/MobileResources/HUD/MobileHUDButton2_on.uexp" 293
"../../../Engine/Content/MobileResources/HUD/MobileHUDButton3.uasset" 294
"../../../Engine/Content/MobileResources/HUD/MobileHUDButton3.uexp" 295
"../../../Engine/Content/MobileResources/HUD/MobileHUDButtonFire.uasset" 296
"../../../Engine/Content/MobileResources/HUD/MobileHUDButtonFire.uexp" 297
"../../../Engine/Content/MobileResources/HUD/MobileHUDDirectionPad.uasset" 298
"../../../Engine/Content/MobileResources/HUD/MobileHUDDirectionPad.uexp" 299
"../../../Engine/Content/MobileResources/HUD/MobileHUDDirectionPad2.uasset" 300
"../../../Engine/Content/MobileResources/HUD/MobileHUDDirectionPad2.uexp" 301
"../../../Engine/Content/MobileResources/HUD/MobileHUDDirectionPad3.uasset" 302
"../../../Engine/Content/MobileResources/HUD/MobileHUDDirectionPad3.uexp" 303
"../../../Engine/Content/MobileResources/HUD/MobileHUDDirectionStick.uasset" 304
"../../../Engine/Content/MobileResources/HUD/MobileHUDDirectionStick.uexp" 305
"../../../Engine/Content/MobileResources/HUD/T_Castle_ThumbstickInner.uasset" 306
"../../../Engine/Content/MobileResources/HUD/T_Castle_ThumbstickInner.uexp" 307
"../../../Engine/Content/MobileResources/HUD/T_Castle_ThumbstickOutter.uasset" 308
"../../../Engine/Content/MobileResources/HUD/T_Castle_ThumbstickOutter.uexp" 309
"../../../Engine/Content/Tutorial/ContentIntroCurve.uasset" 310
"../../../Engine/Content/Tutorial/ContentIntroCurve.uexp" 311
"../../../Engine/Content/VREditor/TransformGizmo/TranslucentTransformGizmoMaterial.uasset" 312
"../../../Engine/Content/VREditor/TransformGizmo/TranslucentTransformGizmoMaterial.uexp" 313
"../../../Engine/Content/VREditor/LaserPointer/VR_LaserPower_01.uasset" 314
"../../../Engine/Content/VREditor/LaserPointer/VR_LaserPower_01.uexp" 315
"../../../Engine/Content/VREditor/LaserPointer/VR_LaserPower_01.ubulk" 316
"../../../Engine/Content/VREditor/TransformGizmo/TransformGizmoMaterial.uasset" 317
"../../../Engine/Content/VREditor/TransformGizmo/TransformGizmoMaterial.uexp" 318
"../../../Engine/Content/VREditor/TransformGizmo/BoundingBoxCorner.uasset" 319
"../../../Engine/Content/VREditor/TransformGizmo/BoundingBoxCorner.uexp" 320
"../../../Engine/Content/VREditor/TransformGizmo/BoundingBoxEdge.uasset" 321
"../../../Engine/Content/VREditor/TransformGizmo/BoundingBoxEdge.uexp" 322
"../../../Engine/Content/VREditor/TransformGizmo/PlaneTranslationHandle.uasset" 323
"../../../Engine/Content/VREditor/TransformGizmo/PlaneTranslationHandle.uexp" 324
"../../../Engine/Content/VREditor/TransformGizmo/Xray.uasset" 325
"../../../Engine/Content/VREditor/TransformGizmo/Xray.uexp" 326
"../../../Engine/Content/VREditor/TransformGizmo/Main.uasset" 327
"../../../Engine/Content/VREditor/TransformGizmo/Main.uexp" 328
"../../../Engine/Content/VREditor/TransformGizmo/SM_Sequencer_Key.uasset" 329
"../../../Engine/Content/VREditor/TransformGizmo/SM_Sequencer_Key.uexp" 330
"../../../Engine/Content/VREditor/TransformGizmo/SM_Sequencer_Node.uasset" 331
"../../../Engine/Content/VREditor/TransformGizmo/SM_Sequencer_Node.uexp" 332
"../../../Engine/Plugins/2D/Paper2D/Content/PlaceholderTextures/DummySpriteTexture.uasset" 333
"../../../Engine/Plugins/2D/Paper2D/Content/PlaceholderTextures/DummySpriteTexture.uexp" 334
"../../../Engine/Plugins/2D/Paper2D/Content/PlaceholderTextures/DummySpriteTexture.ubulk" 335
"../../../Engine/Plugins/2D/Paper2D/Content/DummySprite.uasset" 336
"../../../Engine/Plugins/2D/Paper2D/Content/DummySprite.uexp" 337
"../../../Engine/Plugins/2D/Paper2D/Content/DefaultPaperTerrainMaterial.uasset" 338
"../../../Engine/Plugins/2D/Paper2D/Content/DefaultPaperTerrainMaterial.uexp" 339
"../../../Engine/Plugins/2D/Paper2D/Content/DefaultSpriteMaterial.uasset" 340
"../../../Engine/Plugins/2D/Paper2D/Content/DefaultSpriteMaterial.uexp" 341
"../../../Engine/Plugins/2D/Paper2D/Content/MaskedUnlitSpriteMaterial.uasset" 342
"../../../Engine/Plugins/2D/Paper2D/Content/MaskedUnlitSpriteMaterial.uexp" 343
"../../../Engine/Plugins/2D/Paper2D/Content/OpaqueUnlitSpriteMaterial.uasset" 344
"../../../Engine/Plugins/2D/Paper2D/Content/OpaqueUnlitSpriteMaterial.uexp" 345
"../../../Engine/Content/Functions/Engine_MaterialFunctions02/Utility/BreakOutFloat3Components.uasset" 346
"../../../Engine/Content/Functions/Engine_MaterialFunctions02/Utility/BreakOutFloat3Components.uexp" 347
"../../../Engine/Plugins/Editor/SpeedTreeImporter/Content/SpeedTree9/UnpackInteger3.uasset" 348
"../../../Engine/Plugins/Editor/SpeedTreeImporter/Content/SpeedTree9/UnpackInteger3.uexp" 349
"../../../Engine/Plugins/Editor/SpeedTreeImporter/Content/SpeedTree9/UnpackDirection.uasset" 350
"../../../Engine/Plugins/Editor/SpeedTreeImporter/Content/SpeedTree9/UnpackDirection.uexp" 351
"../../../Engine/Plugins/Editor/SpeedTreeImporter/Content/SpeedTree9/game_wind_noise.uasset" 352
"../../../Engine/Plugins/Editor/SpeedTreeImporter/Content/SpeedTree9/game_wind_noise.uexp" 353
"../../../Engine/Plugins/Editor/SpeedTreeImporter/Content/SpeedTree9/game_wind_noise.ubulk" 354
"../../../Engine/Content/Functions/Engine_MaterialFunctions02/SafeNormalize.uasset" 355
"../../../Engine/Content/Functions/Engine_MaterialFunctions02/SafeNormalize.uexp" 356
"../../../Engine/Plugins/Editor/SpeedTreeImporter/Content/SpeedTree9/SpeedTreeWindMotion.uasset" 357
"../../../Engine/Plugins/Editor/SpeedTreeImporter/Content/SpeedTree9/SpeedTreeWindMotion.uexp" 358
"../../../Engine/Plugins/Editor/SpeedTreeImporter/Content/SpeedTree9/SpeedTreeBranchMotion.uasset" 359
"../../../Engine/Plugins/Editor/SpeedTreeImporter/Content/SpeedTree9/SpeedTreeBranchMotion.uexp" 360
"../../../Engine/Content/Functions/Engine_MaterialFunctions02/ObjectLocalBounds.uasset" 361
"../../../Engine/Content/Functions/Engine_MaterialFunctions02/ObjectLocalBounds.uexp" 362
"../../../Engine/Content/Functions/Engine_MaterialFunctions02/UVs/BoundingBoxBased_0-1_UVW.uasset" 363
"../../../Engine/Content/Functions/Engine_MaterialFunctions02/UVs/BoundingBoxBased_0-1_UVW.uexp" 364
"../../../Engine/Content/Functions/Engine_MaterialFunctions02/Utility/VectorLength.uasset" 365
"../../../Engine/Content/Functions/Engine_MaterialFunctions02/Utility/VectorLength.uexp" 366
"../../../Engine/Content/Functions/Engine_MaterialFunctions02/WorldPositionOffset/ObjectScale.uasset" 367
"../../../Engine/Content/Functions/Engine_MaterialFunctions02/WorldPositionOffset/ObjectScale.uexp" 368
"../../../Engine/Plugins/Editor/SpeedTreeImporter/Content/SpeedTree9/SpeedTreeWind.uasset" 369
"../../../Engine/Plugins/Editor/SpeedTreeImporter/Content/SpeedTree9/SpeedTreeWind.uexp" 370
"../../../Engine/Plugins/Editor/SpeedTreeImporter/Content/SpeedTree9/SpeedTreeBillboard.uasset" 371
"../../../Engine/Plugins/Editor/SpeedTreeImporter/Content/SpeedTree9/SpeedTreeBillboard.uexp" 372
"../../../Engine/Plugins/Editor/SpeedTreeImporter/Content/SpeedTree9/EmptyNormal.uasset" 373
"../../../Engine/Plugins/Editor/SpeedTreeImporter/Content/SpeedTree9/EmptyNormal.uexp" 374
"../../../Engine/Plugins/Editor/SpeedTreeImporter/Content/SpeedTree9/Empty.uasset" 375
"../../../Engine/Plugins/Editor/SpeedTreeImporter/Content/SpeedTree9/Empty.uexp" 376
"../../../Engine/Plugins/Editor/SpeedTreeImporter/Content/SpeedTree9/SpeedTreeBillboardMaster.uasset" 377
"../../../Engine/Plugins/Editor/SpeedTreeImporter/Content/SpeedTree9/SpeedTreeBillboardMaster.uexp" 378
"../../../Engine/Plugins/Editor/SpeedTreeImporter/Content/SpeedTree9/SpeedTreeCameraFacing.uasset" 379
"../../../Engine/Plugins/Editor/SpeedTreeImporter/Content/SpeedTree9/SpeedTreeCameraFacing.uexp" 380
"../../../Engine/Plugins/Editor/SpeedTreeImporter/Content/SpeedTree9/SpeedTreeMaster.uasset" 381
"../../../Engine/Plugins/Editor/SpeedTreeImporter/Content/SpeedTree9/SpeedTreeMaster.uexp" 382
"../../../Engine/Content/BasicShapes/Cylinder.uasset" 383
"../../../Engine/Content/BasicShapes/Cylinder.uexp" 384
"../../../Engine/Content/ArtTools/RenderToTexture/Materials/Debug/M_Emissive_Color.uasset" 385
"../../../Engine/Content/ArtTools/RenderToTexture/Materials/Debug/M_Emissive_Color.uexp" 386
"../../../Engine/Plugins/Lumin/MagicLeapPassableWorld/Content/MagicLeapARPinInfoActor.uasset" 387
"../../../Engine/Plugins/Lumin/MagicLeapPassableWorld/Content/MagicLeapARPinInfoActor.uexp" 388
"../../../Engine/Plugins/Runtime/OpenXR/Content/Devices/GoogleDaydream/MRTexture.uasset" 389
"../../../Engine/Plugins/Runtime/OpenXR/Content/Devices/GoogleDaydream/MRTexture.uexp" 390
"../../../Engine/Plugins/Runtime/OpenXR/Content/Devices/GoogleDaydream/MRTexture.ubulk" 391
"../../../Engine/Plugins/Runtime/OpenXR/Content/Devices/GoogleDaydream/BaseTexture.uasset" 392
"../../../Engine/Plugins/Runtime/OpenXR/Content/Devices/GoogleDaydream/BaseTexture.uexp" 393
"../../../Engine/Plugins/Runtime/OpenXR/Content/Devices/GoogleDaydream/BaseTexture.ubulk" 394
"../../../Engine/Content/EngineResources/Black.uasset" 395
"../../../Engine/Content/EngineResources/Black.uexp" 396
"../../../Engine/Plugins/Runtime/OpenXR/Content/Devices/M_XRController.uasset" 397
"../../../Engine/Plugins/Runtime/OpenXR/Content/Devices/M_XRController.uexp" 398
"../../../Engine/Plugins/Runtime/OpenXR/Content/Devices/GoogleDaydream/MI_GoogleDaydream.uasset" 399
"../../../Engine/Plugins/Runtime/OpenXR/Content/Devices/GoogleDaydream/MI_GoogleDaydream.uexp" 400
"../../../Engine/Plugins/Runtime/OpenXR/Content/Devices/GoogleDaydream/GoogleDaydreamController.uasset" 401
"../../../Engine/Plugins/Runtime/OpenXR/Content/Devices/GoogleDaydream/GoogleDaydreamController.uexp" 402
"../../../Engine/Plugins/Runtime/OpenXR/Content/Devices/HTCVive/BaseTexture.uasset" 403
"../../../Engine/Plugins/Runtime/OpenXR/Content/Devices/HTCVive/BaseTexture.uexp" 404
"../../../Engine/Plugins/Runtime/OpenXR/Content/Devices/HTCVive/BaseTexture.ubulk" 405
"../../../Engine/Plugins/Runtime/OpenXR/Content/Devices/HTCVive/MI_HTCVive.uasset" 406
"../../../Engine/Plugins/Runtime/OpenXR/Content/Devices/HTCVive/MI_HTCVive.uexp" 407
"../../../Engine/Plugins/Runtime/OpenXR/Content/Devices/HTCVive/HTCViveController.uasset" 408
"../../../Engine/Plugins/Runtime/OpenXR/Content/Devices/HTCVive/HTCViveController.uexp" 409
"../../../Engine/Plugins/Runtime/OpenXR/Content/Devices/MicrosoftMixedReality/NormalTexture.uasset" 410
"../../../Engine/Plugins/Runtime/OpenXR/Content/Devices/MicrosoftMixedReality/NormalTexture.uexp" 411
"../../../Engine/Plugins/Runtime/OpenXR/Content/Devices/MicrosoftMixedReality/NormalTexture.ubulk" 412
"../../../Engine/Plugins/Runtime/OpenXR/Content/Devices/MicrosoftMixedReality/MRTexture.uasset" 413
"../../../Engine/Plugins/Runtime/OpenXR/Content/Devices/MicrosoftMixedReality/MRTexture.uexp" 414
"../../../Engine/Plugins/Runtime/OpenXR/Content/Devices/MicrosoftMixedReality/MRTexture.ubulk" 415
"../../../Engine/Plugins/Runtime/OpenXR/Content/Devices/MicrosoftMixedReality/EmissiveTexture.uasset" 416
"../../../Engine/Plugins/Runtime/OpenXR/Content/Devices/MicrosoftMixedReality/EmissiveTexture.uexp" 417
"../../../Engine/Plugins/Runtime/OpenXR/Content/Devices/MicrosoftMixedReality/EmissiveTexture.ubulk" 418
"../../../Engine/Plugins/Runtime/OpenXR/Content/Devices/MicrosoftMixedReality/BaseTexture.uasset" 419
"../../../Engine/Plugins/Runtime/OpenXR/Content/Devices/MicrosoftMixedReality/BaseTexture.uexp" 420
"../../../Engine/Plugins/Runtime/OpenXR/Content/Devices/MicrosoftMixedReality/BaseTexture.ubulk" 421
"../../../Engine/Plugins/Runtime/OpenXR/Content/Devices/MicrosoftMixedReality/MI_MicrosoftMixedReality.uasset" 422
"../../../Engine/Plugins/Runtime/OpenXR/Content/Devices/MicrosoftMixedReality/MI_MicrosoftMixedReality.uexp" 423
"../../../Engine/Plugins/Runtime/OpenXR/Content/Devices/MicrosoftMixedReality/Left/left_MicrosoftMixedRealityController.uasset" 424
"../../../Engine/Plugins/Runtime/OpenXR/Content/Devices/MicrosoftMixedReality/Left/left_MicrosoftMixedRealityController.uexp" 425
"../../../Engine/Plugins/Runtime/OpenXR/Content/Devices/MicrosoftMixedReality/Right/right_MicrosoftMixedRealityController.uasset" 426
"../../../Engine/Plugins/Runtime/OpenXR/Content/Devices/MicrosoftMixedReality/Right/right_MicrosoftMixedRealityController.uexp" 427
"../../../Engine/Plugins/Runtime/OpenXR/Content/Devices/OculusGo/BaseTexture.uasset" 428
"../../../Engine/Plugins/Runtime/OpenXR/Content/Devices/OculusGo/BaseTexture.uexp" 429
"../../../Engine/Plugins/Runtime/OpenXR/Content/Devices/OculusGo/BaseTexture.ubulk" 430
"../../../Engine/Plugins/Runtime/OpenXR/Content/Devices/OculusGo/MI_OculusGo.uasset" 431
"../../../Engine/Plugins/Runtime/OpenXR/Content/Devices/OculusGo/MI_OculusGo.uexp" 432
"../../../Engine/Plugins/Runtime/OpenXR/Content/Devices/OculusGo/OculusGoController.uasset" 433
"../../../Engine/Plugins/Runtime/OpenXR/Content/Devices/OculusGo/OculusGoController.uexp" 434
"../../../Engine/Plugins/Runtime/OpenXR/Content/Devices/OculusTouch/MRTexture.uasset" 435
"../../../Engine/Plugins/Runtime/OpenXR/Content/Devices/OculusTouch/MRTexture.uexp" 436
"../../../Engine/Plugins/Runtime/OpenXR/Content/Devices/OculusTouch/MRTexture.ubulk" 437
"../../../Engine/Plugins/Runtime/OpenXR/Content/Devices/OculusTouch/BaseTexture.uasset" 438
"../../../Engine/Plugins/Runtime/OpenXR/Content/Devices/OculusTouch/BaseTexture.uexp" 439
"../../../Engine/Plugins/Runtime/OpenXR/Content/Devices/OculusTouch/BaseTexture.ubulk" 440
"../../../Engine/Plugins/Runtime/OpenXR/Content/Devices/OculusTouch/MI_OculusTouch.uasset" 441
"../../../Engine/Plugins/Runtime/OpenXR/Content/Devices/OculusTouch/MI_OculusTouch.uexp" 442
"../../../Engine/Plugins/Runtime/OpenXR/Content/Devices/OculusTouch/Left/left_OculusTouchController.uasset" 443
"../../../Engine/Plugins/Runtime/OpenXR/Content/Devices/OculusTouch/Left/left_OculusTouchController.uexp" 444
"../../../Engine/Plugins/Runtime/OpenXR/Content/Devices/OculusTouch/Right/right_OculusTouchController.uasset" 445
"../../../Engine/Plugins/Runtime/OpenXR/Content/Devices/OculusTouch/Right/right_OculusTouchController.uexp" 446
"../../../Engine/Plugins/Runtime/OpenXR/Content/Devices/OculusTouch_v2/MRTexture.uasset" 447
"../../../Engine/Plugins/Runtime/OpenXR/Content/Devices/OculusTouch_v2/MRTexture.uexp" 448
"../../../Engine/Plugins/Runtime/OpenXR/Content/Devices/OculusTouch_v2/MRTexture.ubulk" 449
"../../../Engine/Plugins/Runtime/OpenXR/Content/Devices/OculusTouch_v2/BaseTexture.uasset" 450
"../../../Engine/Plugins/Runtime/OpenXR/Content/Devices/OculusTouch_v2/BaseTexture.uexp" 451
"../../../Engine/Plugins/Runtime/OpenXR/Content/Devices/OculusTouch_v2/BaseTexture.ubulk" 452
"../../../Engine/Plugins/Runtime/OpenXR/Content/Devices/OculusTouch_v2/MI_OculusTouch_v2.uasset" 453
"../../../Engine/Plugins/Runtime/OpenXR/Content/Devices/OculusTouch_v2/MI_OculusTouch_v2.uexp" 454
"../../../Engine/Plugins/Runtime/OpenXR/Content/Devices/OculusTouch_v2/Left/left_OculusTouch_v2Controller.uasset" 455
"../../../Engine/Plugins/Runtime/OpenXR/Content/Devices/OculusTouch_v2/Left/left_OculusTouch_v2Controller.uexp" 456
"../../../Engine/Plugins/Runtime/OpenXR/Content/Devices/OculusTouch_v2/Right/right_OculusTouch_v2Controller.uasset" 457
"../../../Engine/Plugins/Runtime/OpenXR/Content/Devices/OculusTouch_v2/Right/right_OculusTouch_v2Controller.uexp" 458
"../../../Engine/Plugins/Runtime/OpenXR/Content/Devices/OculusTouch_v3/MRTexture.uasset" 459
"../../../Engine/Plugins/Runtime/OpenXR/Content/Devices/OculusTouch_v3/MRTexture.uexp" 460
"../../../Engine/Plugins/Runtime/OpenXR/Content/Devices/OculusTouch_v3/MRTexture.ubulk" 461
"../../../Engine/Plugins/Runtime/OpenXR/Content/Devices/OculusTouch_v3/BaseTexture.uasset" 462
"../../../Engine/Plugins/Runtime/OpenXR/Content/Devices/OculusTouch_v3/BaseTexture.uexp" 463
"../../../Engine/Plugins/Runtime/OpenXR/Content/Devices/OculusTouch_v3/BaseTexture.ubulk" 464
"../../../Engine/Plugins/Runtime/OpenXR/Content/Devices/OculusTouch_v3/MI_OculusTouch_v3.uasset" 465
"../../../Engine/Plugins/Runtime/OpenXR/Content/Devices/OculusTouch_v3/MI_OculusTouch_v3.uexp" 466
"../../../Engine/Plugins/Runtime/OpenXR/Content/Devices/OculusTouch_v3/Left/left_OculusTouch_v3Controller.uasset" 467
"../../../Engine/Plugins/Runtime/OpenXR/Content/Devices/OculusTouch_v3/Left/left_OculusTouch_v3Controller.uexp" 468
"../../../Engine/Plugins/Runtime/OpenXR/Content/Devices/OculusTouch_v3/Right/right_OculusTouch_v3Controller.uasset" 469
"../../../Engine/Plugins/Runtime/OpenXR/Content/Devices/OculusTouch_v3/Right/right_OculusTouch_v3Controller.uexp" 470
"../../../Engine/Plugins/Runtime/OpenXR/Content/Devices/ValveIndex/MRTexture.uasset" 471
"../../../Engine/Plugins/Runtime/OpenXR/Content/Devices/ValveIndex/MRTexture.uexp" 472
"../../../Engine/Plugins/Runtime/OpenXR/Content/Devices/ValveIndex/MRTexture.ubulk" 473
"../../../Engine/Plugins/Runtime/OpenXR/Content/Devices/ValveIndex/BaseTexture.uasset" 474
"../../../Engine/Plugins/Runtime/OpenXR/Content/Devices/ValveIndex/BaseTexture.uexp" 475
"../../../Engine/Plugins/Runtime/OpenXR/Content/Devices/ValveIndex/BaseTexture.ubulk" 476
"../../../Engine/Plugins/Runtime/OpenXR/Content/Devices/ValveIndex/Left/MI_left_ValveIndex.uasset" 477
"../../../Engine/Plugins/Runtime/OpenXR/Content/Devices/ValveIndex/Left/MI_left_ValveIndex.uexp" 478
"../../../Engine/Plugins/Runtime/OpenXR/Content/Devices/ValveIndex/Left/left_ValveIndexController.uasset" 479
"../../../Engine/Plugins/Runtime/OpenXR/Content/Devices/ValveIndex/Left/left_ValveIndexController.uexp" 480
"../../../Engine/Plugins/Runtime/OpenXR/Content/Devices/ValveIndex/Right/MI_right_ValveIndex.uasset" 481
"../../../Engine/Plugins/Runtime/OpenXR/Content/Devices/ValveIndex/Right/MI_right_ValveIndex.uexp" 482
"../../../Engine/Plugins/Runtime/OpenXR/Content/Devices/ValveIndex/Right/right_ValveIndexController.uasset" 483
"../../../Engine/Plugins/Runtime/OpenXR/Content/Devices/ValveIndex/Right/right_ValveIndexController.uexp" 484
"../../../Engine/Content/Functions/Engine_MaterialFunctions02/Utility/BreakOutFloat4Components.uasset" 485
"../../../Engine/Content/Functions/Engine_MaterialFunctions02/Utility/BreakOutFloat4Components.uexp" 486
"../../../Engine/Content/Functions/Engine_MaterialFunctions02/Utility/MakeFloat3.uasset" 487
"../../../Engine/Content/Functions/Engine_MaterialFunctions02/Utility/MakeFloat3.uexp" 488
"../../../Engine/Plugins/Runtime/Oculus/OculusVR/Content/Materials/OculusMR_ChromaKey.uasset" 489
"../../../Engine/Plugins/Runtime/Oculus/OculusVR/Content/Materials/OculusMR_ChromaKey.uexp" 490
"../../../Engine/Plugins/Runtime/Oculus/OculusVR/Content/Materials/OculusMR_OpaqueColoredMaterial.uasset" 491
"../../../Engine/Plugins/Runtime/Oculus/OculusVR/Content/Materials/OculusMR_OpaqueColoredMaterial.uexp" 492
"../../../Engine/Plugins/Runtime/Oculus/OculusVR/Content/Materials/PokeAHoleMaterial.uasset" 493
"../../../Engine/Plugins/Runtime/Oculus/OculusVR/Content/Materials/PokeAHoleMaterial.uexp" 494
"../../../Engine/Plugins/Runtime/Oculus/OculusVR/Content/Textures/touchController_controlmap.uasset" 495
"../../../Engine/Plugins/Runtime/Oculus/OculusVR/Content/Textures/touchController_controlmap.uexp" 496
"../../../Engine/Plugins/Runtime/Oculus/OculusVR/Content/Textures/touchController_controlmap.ubulk" 497
"../../../Engine/Plugins/Runtime/Oculus/OculusVR/Content/Textures/touchController_albedo.uasset" 498
"../../../Engine/Plugins/Runtime/Oculus/OculusVR/Content/Textures/touchController_albedo.uexp" 499
"../../../Engine/Plugins/Runtime/Oculus/OculusVR/Content/Textures/touchController_albedo.ubulk" 500
"../../../Engine/Plugins/Runtime/Oculus/OculusVR/Content/Materials/touchController_mat.uasset" 501
"../../../Engine/Plugins/Runtime/Oculus/OculusVR/Content/Materials/touchController_mat.uexp" 502
"../../../Engine/Plugins/Runtime/Oculus/OculusVR/Content/Meshes/LeftTouchController.uasset" 503
"../../../Engine/Plugins/Runtime/Oculus/OculusVR/Content/Meshes/LeftTouchController.uexp" 504
"../../../Engine/Plugins/Runtime/Oculus/OculusVR/Content/Textures/TouchForQuestRiftSController_albedo.uasset" 505
"../../../Engine/Plugins/Runtime/Oculus/OculusVR/Content/Textures/TouchForQuestRiftSController_albedo.uexp" 506
"../../../Engine/Plugins/Runtime/Oculus/OculusVR/Content/Textures/TouchForQuestRiftSController_albedo.ubulk" 507
"../../../Engine/Plugins/Runtime/Oculus/OculusVR/Content/Materials/TouchForQuestRiftSControllerMaterial.uasset" 508
"../../../Engine/Plugins/Runtime/Oculus/OculusVR/Content/Materials/TouchForQuestRiftSControllerMaterial.uexp" 509
"../../../Engine/Plugins/Runtime/Oculus/OculusVR/Content/Meshes/LeftTouchForQuestRiftSController.uasset" 510
"../../../Engine/Plugins/Runtime/Oculus/OculusVR/Content/Meshes/LeftTouchForQuestRiftSController.uexp" 511
"../../../Engine/Plugins/Runtime/Oculus/OculusVR/Content/Meshes/RiftHMD.uasset" 512
"../../../Engine/Plugins/Runtime/Oculus/OculusVR/Content/Meshes/RiftHMD.uexp" 513
"../../../Engine/Plugins/Runtime/Oculus/OculusVR/Content/Meshes/RightTouchController.uasset" 514
"../../../Engine/Plugins/Runtime/Oculus/OculusVR/Content/Meshes/RightTouchController.uexp" 515
"../../../Engine/Plugins/Runtime/Oculus/OculusVR/Content/Meshes/RightTouchForQuestRiftSController.uasset" 516
"../../../Engine/Plugins/Runtime/Oculus/OculusVR/Content/Meshes/RightTouchForQuestRiftSController.uexp" 517
"F:/UpSkill/Upskill/Horde_Mode/Content/Meshes/phong1.uasset" 518
"F:/UpSkill/Upskill/Horde_Mode/Content/Meshes/phong1.uexp" 519
"F:/UpSkill/Upskill/Horde_Mode/Content/Meshes/Fountain.uasset" 520
"F:/UpSkill/Upskill/Horde_Mode/Content/Meshes/Fountain.uexp" 521
"F:/UpSkill/Upskill/Horde_Mode/Content/Fonts/Figerona-VF.uasset" 522
"F:/UpSkill/Upskill/Horde_Mode/Content/Fonts/Figerona-VF.uexp" 523
"F:/UpSkill/Upskill/Horde_Mode/Content/Fonts/Figerona-VF.ufont" 524
"F:/UpSkill/Upskill/Horde_Mode/Content/Fonts/Figerona-VF_Font.uasset" 525
"F:/UpSkill/Upskill/Horde_Mode/Content/Fonts/Figerona-VF_Font.uexp" 526
"F:/UpSkill/Upskill/Horde_Mode/Content/BluePrints/FirstPersonBP/Blueprints/UI/Keyboard_Scheme.uasset" 527
"F:/UpSkill/Upskill/Horde_Mode/Content/BluePrints/FirstPersonBP/Blueprints/UI/Keyboard_Scheme.uexp" 528
"F:/UpSkill/Upskill/Horde_Mode/Content/BluePrints/FirstPersonBP/Blueprints/Instance.uasset" 529
"F:/UpSkill/Upskill/Horde_Mode/Content/BluePrints/FirstPersonBP/Blueprints/Instance.uexp" 530
"F:/UpSkill/Upskill/Horde_Mode/Content/BluePrints/FirstPersonBP/Blueprints/UI/Difficulty_Selection.uasset" 531
"F:/UpSkill/Upskill/Horde_Mode/Content/BluePrints/FirstPersonBP/Blueprints/UI/Difficulty_Selection.uexp" 532
"F:/UpSkill/Upskill/Horde_Mode/Content/BluePrints/FirstPersonBP/Blueprints/UI/Main_Menu.uasset" 533
"F:/UpSkill/Upskill/Horde_Mode/Content/BluePrints/FirstPersonBP/Blueprints/UI/Main_Menu.uexp" 534
"F:/UpSkill/Upskill/Horde_Mode/Content/BluePrints/FirstPersonBP/Blueprints/UI/Options.uasset" 535
"F:/UpSkill/Upskill/Horde_Mode/Content/BluePrints/FirstPersonBP/Blueprints/UI/Options.uexp" 536
"F:/UpSkill/Upskill/Horde_Mode/Content/BluePrints/FirstPersonBP/Blueprints/UI/Pause_Menu.uasset" 537
"F:/UpSkill/Upskill/Horde_Mode/Content/BluePrints/FirstPersonBP/Blueprints/UI/Pause_Menu.uexp" 538
"F:/UpSkill/Upskill/Horde_Mode/Content/BluePrints/FirstPersonBP/Blueprints/UI/Death.uasset" 539
"F:/UpSkill/Upskill/Horde_Mode/Content/BluePrints/FirstPersonBP/Blueprints/UI/Death.uexp" 540
"F:/UpSkill/Upskill/Horde_Mode/Content/BluePrints/FirstPersonBP/Blueprints/UI/Win.uasset" 541
"F:/UpSkill/Upskill/Horde_Mode/Content/BluePrints/FirstPersonBP/Blueprints/UI/Win.uexp" 542
"../../../Engine/Content/Animation/DefaultAnimCurveCompressionSettings.uasset" 543
"../../../Engine/Content/Animation/DefaultAnimCurveCompressionSettings.uexp" 544
"../../../Engine/Content/Animation/DefaultAnimBoneCompressionSettings.uasset" 545
"../../../Engine/Content/Animation/DefaultAnimBoneCompressionSettings.uexp" 546
"F:/UpSkill/Upskill/Horde_Mode/Content/BluePrints/FirstPerson/Character/Mesh/SK_Mannequin_Arms_Skeleton.uasset" 547
"F:/UpSkill/Upskill/Horde_Mode/Content/BluePrints/FirstPerson/Character/Mesh/SK_Mannequin_Arms_Skeleton.uexp" 548
"F:/UpSkill/Upskill/Horde_Mode/Content/BluePrints/FirstPerson/Animations/FirstPerson_Idle.uasset" 549
"F:/UpSkill/Upskill/Horde_Mode/Content/BluePrints/FirstPerson/Animations/FirstPerson_Idle.uexp" 550
"F:/UpSkill/Upskill/Horde_Mode/Content/BluePrints/FirstPerson/Animations/FirstPerson_Fire.uasset" 551
"F:/UpSkill/Upskill/Horde_Mode/Content/BluePrints/FirstPerson/Animations/FirstPerson_Fire.uexp" 552
"F:/UpSkill/Upskill/Horde_Mode/Content/Sound/Gunfire.uasset" 553
"F:/UpSkill/Upskill/Horde_Mode/Content/Sound/Gunfire.uexp" 554
"F:/UpSkill/Upskill/Horde_Mode/Content/Sound/114685__qat__whack04.uasset" 555
"F:/UpSkill/Upskill/Horde_Mode/Content/Sound/114685__qat__whack04.uexp" 556
"F:/UpSkill/Upskill/Horde_Mode/Content/Gun_Sounds_Pro_HD_Remake/Wavs/Pistol_Shot_5.uasset" 557
"F:/UpSkill/Upskill/Horde_Mode/Content/Gun_Sounds_Pro_HD_Remake/Wavs/Pistol_Shot_5.uexp" 558
"F:/UpSkill/Upskill/Horde_Mode/Content/BluePrints/FirstPersonBP/Blueprints/UI/Hit_Marker.uasset" 559
"F:/UpSkill/Upskill/Horde_Mode/Content/BluePrints/FirstPersonBP/Blueprints/UI/Hit_Marker.uexp" 560
"F:/UpSkill/Upskill/Horde_Mode/Content/BluePrints/FirstPersonBP/Blueprints/UI/Hitmarker.uasset" 561
"F:/UpSkill/Upskill/Horde_Mode/Content/BluePrints/FirstPersonBP/Blueprints/UI/Hitmarker.uexp" 562
"F:/UpSkill/Upskill/Horde_Mode/Content/StarterContent/Textures/T_Smoke_Tiled_D.uasset" 563
"F:/UpSkill/Upskill/Horde_Mode/Content/StarterContent/Textures/T_Smoke_Tiled_D.uexp" 564
"F:/UpSkill/Upskill/Horde_Mode/Content/StarterContent/Textures/T_Smoke_Tiled_D.ubulk" 565
"F:/UpSkill/Upskill/Horde_Mode/Content/StarterContent/Textures/T_Smoke_SubUV.uasset" 566
"F:/UpSkill/Upskill/Horde_Mode/Content/StarterContent/Textures/T_Smoke_SubUV.uexp" 567
"F:/UpSkill/Upskill/Horde_Mode/Content/StarterContent/Textures/T_Smoke_SubUV.ubulk" 568
"F:/UpSkill/Upskill/Horde_Mode/Content/StarterContent/Particles/Materials/M_smoke_subUV.uasset" 569
"F:/UpSkill/Upskill/Horde_Mode/Content/StarterContent/Particles/Materials/M_smoke_subUV.uexp" 570
"../../../Engine/Content/Functions/Engine_MaterialFunctions01/Gradient/RadialGradient.uasset" 571
"../../../Engine/Content/Functions/Engine_MaterialFunctions01/Gradient/RadialGradient.uexp" 572
"F:/UpSkill/Upskill/Horde_Mode/Content/StarterContent/Particles/Materials/M_radial_ramp.uasset" 573
"F:/UpSkill/Upskill/Horde_Mode/Content/StarterContent/Particles/Materials/M_radial_ramp.uexp" 574
"F:/UpSkill/Upskill/Horde_Mode/Content/StarterContent/Particles/Materials/m_flare_01.uasset" 575
"F:/UpSkill/Upskill/Horde_Mode/Content/StarterContent/Particles/Materials/m_flare_01.uexp" 576
"F:/UpSkill/Upskill/Horde_Mode/Content/StarterContent/Textures/T_Explosion_SubUV.uasset" 577
"F:/UpSkill/Upskill/Horde_Mode/Content/StarterContent/Textures/T_Explosion_SubUV.uexp" 578
"F:/UpSkill/Upskill/Horde_Mode/Content/StarterContent/Textures/T_Explosion_SubUV.ubulk" 579
"F:/UpSkill/Upskill/Horde_Mode/Content/StarterContent/Particles/Materials/M_explosion_subUV.uasset" 580
"F:/UpSkill/Upskill/Horde_Mode/Content/StarterContent/Particles/Materials/M_explosion_subUV.uexp" 581
"F:/UpSkill/Upskill/Horde_Mode/Content/StarterContent/Textures/T_Burst_M.uasset" 582
"F:/UpSkill/Upskill/Horde_Mode/Content/StarterContent/Textures/T_Burst_M.uexp" 583
"F:/UpSkill/Upskill/Horde_Mode/Content/StarterContent/Textures/T_Burst_M.ubulk" 584
"F:/UpSkill/Upskill/Horde_Mode/Content/StarterContent/Particles/Materials/M_Burst.uasset" 585
"F:/UpSkill/Upskill/Horde_Mode/Content/StarterContent/Particles/Materials/M_Burst.uexp" 586
"F:/UpSkill/Upskill/Horde_Mode/Content/StarterContent/Particles/P_Explosion.uasset" 587
"F:/UpSkill/Upskill/Horde_Mode/Content/StarterContent/Particles/P_Explosion.uexp" 588
"F:/UpSkill/Upskill/Horde_Mode/Content/Gun_Sounds_Pro_HD_Remake/Wavs/Assault_Rifle_Shot.uasset" 589
"F:/UpSkill/Upskill/Horde_Mode/Content/Gun_Sounds_Pro_HD_Remake/Wavs/Assault_Rifle_Shot.uexp" 590
"../../../Engine/Plugins/FX/Niagara/Content/Functions/System/SystemChangeState.uasset" 591
"../../../Engine/Plugins/FX/Niagara/Content/Functions/System/SystemChangeState.uexp" 592
"../../../Engine/Plugins/FX/Niagara/Content/Enums/ENiagaraSystemInactiveMode.uasset" 593
"../../../Engine/Plugins/FX/Niagara/Content/Enums/ENiagaraSystemInactiveMode.uexp" 594
"../../../Engine/Plugins/FX/Niagara/Content/Enums/ENiagara_EmitterStateOptions.uasset" 595
"../../../Engine/Plugins/FX/Niagara/Content/Enums/ENiagara_EmitterStateOptions.uexp" 596
"../../../Engine/Plugins/FX/Niagara/Content/Modules/System/SystemState.uasset" 597
"../../../Engine/Plugins/FX/Niagara/Content/Modules/System/SystemState.uexp" 598
"../../../Engine/Plugins/FX/Niagara/Content/Enums/Ribbons/ENiagara_UnsetDirectSetRandom.uasset" 599
"../../../Engine/Plugins/FX/Niagara/Content/Enums/Ribbons/ENiagara_UnsetDirectSetRandom.uexp" 600
"../../../Engine/Plugins/FX/Niagara/Content/Enums/ENiagaraRandomnessMode.uasset" 601
"../../../Engine/Plugins/FX/Niagara/Content/Enums/ENiagaraRandomnessMode.uexp" 602
"../../../Engine/Plugins/FX/Niagara/Content/Enums/ENiagaraInactiveMode.uasset" 603
"../../../Engine/Plugins/FX/Niagara/Content/Enums/ENiagaraInactiveMode.uexp" 604
"../../../Engine/Plugins/FX/Niagara/Content/Enums/ENiagaraEmitterScalabilityMode_Limited.uasset" 605
"../../../Engine/Plugins/FX/Niagara/Content/Enums/ENiagaraEmitterScalabilityMode_Limited.uexp" 606
"../../../Engine/Plugins/FX/Niagara/Content/Enums/ENiagaraEmitterLifeCycleMode.uasset" 607
"../../../Engine/Plugins/FX/Niagara/Content/Enums/ENiagaraEmitterLifeCycleMode.uexp" 608
"../../../Engine/Plugins/FX/Niagara/Content/Enums/ENiagaraChannelCorrelation.uasset" 609
"../../../Engine/Plugins/FX/Niagara/Content/Enums/ENiagaraChannelCorrelation.uexp" 610
"../../../Engine/Plugins/FX/Niagara/Content/Enums/ENiagara_SpriteRotationMode.uasset" 611
"../../../Engine/Plugins/FX/Niagara/Content/Enums/ENiagara_SpriteRotationMode.uexp" 612
"../../../Engine/Plugins/FX/Niagara/Content/Enums/ENiagara_SizeScaleMode.uasset" 613
"../../../Engine/Plugins/FX/Niagara/Content/Enums/ENiagara_SizeScaleMode.uexp" 614
"../../../Engine/Plugins/FX/Niagara/Content/Enums/ENiagara_PositionInitializationMode.uasset" 615
"../../../Engine/Plugins/FX/Niagara/Content/Enums/ENiagara_PositionInitializationMode.uexp" 616
"../../../Engine/Plugins/FX/Niagara/Content/Enums/ENiagara_MassInitializationMode.uasset" 617
"../../../Engine/Plugins/FX/Niagara/Content/Enums/ENiagara_MassInitializationMode.uexp" 618
"../../../Engine/Plugins/FX/Niagara/Content/Enums/ENiagara_LifetimeMode.uasset" 619
"../../../Engine/Plugins/FX/Niagara/Content/Enums/ENiagara_LifetimeMode.uexp" 620
"../../../Engine/Plugins/FX/Niagara/Content/Enums/ENiagara_InfiniteLoopDuration.uasset" 621
"../../../Engine/Plugins/FX/Niagara/Content/Enums/ENiagara_InfiniteLoopDuration.uexp" 622
"../../../Engine/Plugins/FX/Niagara/Content/Enums/ENiagara_ColorInitializationMode.uasset" 623
"../../../Engine/Plugins/FX/Niagara/Content/Enums/ENiagara_ColorInitializationMode.uexp" 624
"../../../Engine/Plugins/FX/Niagara/Content/Modules/Update/Lifetime/ParticleState.uasset" 625
"../../../Engine/Plugins/FX/Niagara/Content/Modules/Update/Lifetime/ParticleState.uexp" 626
"../../../Engine/Plugins/FX/Niagara/Content/Modules/Update/Color/Color.uasset" 627
"../../../Engine/Plugins/FX/Niagara/Content/Modules/Update/Color/Color.uexp" 628
"../../../Engine/Plugins/FX/Niagara/Content/Enums/ENiagaraRandomnessEvaluation.uasset" 629
"../../../Engine/Plugins/FX/Niagara/Content/Enums/ENiagaraRandomnessEvaluation.uexp" 630
"../../../Engine/Plugins/FX/Niagara/Content/Functions/V2/CalculateRandomRangeInteger.uasset" 631
"../../../Engine/Plugins/FX/Niagara/Content/Functions/V2/CalculateRandomRangeInteger.uexp" 632
"../../../Engine/Plugins/FX/Niagara/Content/Functions/V2/CalculateRandomBool.uasset" 633
"../../../Engine/Plugins/FX/Niagara/Content/Functions/V2/CalculateRandomBool.uexp" 634
"../../../Engine/Plugins/FX/Niagara/Content/Functions/Localspace/TransformBase.uasset" 635
"../../../Engine/Plugins/FX/Niagara/Content/Functions/Localspace/TransformBase.uexp" 636
"../../../Engine/Plugins/FX/Niagara/Content/Functions/Localspace/TransformVector.uasset" 637
"../../../Engine/Plugins/FX/Niagara/Content/Functions/Localspace/TransformVector.uexp" 638
"../../../Engine/Plugins/FX/Niagara/Content/Functions/LinearColor/HueShiftLinearColor.uasset" 639
"../../../Engine/Plugins/FX/Niagara/Content/Functions/LinearColor/HueShiftLinearColor.uexp" 640
"../../../Engine/Plugins/FX/Niagara/Content/Functions/Localspace/SimulationPosition.uasset" 641
"../../../Engine/Plugins/FX/Niagara/Content/Functions/Localspace/SimulationPosition.uexp" 642
"../../../Engine/Plugins/FX/Niagara/Content/Functions/V2/CalculateRandomRangeFloat.uasset" 643
"../../../Engine/Plugins/FX/Niagara/Content/Functions/V2/CalculateRandomRangeFloat.uexp" 644
"../../../Engine/Plugins/FX/Niagara/Content/Functions/V2/CalculateRandomRange.uasset" 645
"../../../Engine/Plugins/FX/Niagara/Content/Functions/V2/CalculateRandomRange.uexp" 646
"../../../Engine/Plugins/FX/Niagara/Content/Enums/ENiagara_UVFlippingMode.uasset" 647
"../../../Engine/Plugins/FX/Niagara/Content/Enums/ENiagara_UVFlippingMode.uexp" 648
"../../../Engine/Plugins/FX/Niagara/Content/Modules/Spawn/Initialization/V2/InitializeParticle.uasset" 649
"../../../Engine/Plugins/FX/Niagara/Content/Modules/Spawn/Initialization/V2/InitializeParticle.uexp" 650
"../../../Engine/Plugins/FX/Niagara/Content/Functions/DirectionAndLengthSafe.uasset" 651
"../../../Engine/Plugins/FX/Niagara/Content/Functions/DirectionAndLengthSafe.uexp" 652
"../../../Engine/Plugins/FX/Niagara/Content/Modules/Solvers/SolveForcesAndVelocity.uasset" 653
"../../../Engine/Plugins/FX/Niagara/Content/Modules/Solvers/SolveForcesAndVelocity.uexp" 654
"../../../Engine/Plugins/FX/Niagara/Content/Modules/Emitter/SpawnBurst_Instantaneous.uasset" 655
"../../../Engine/Plugins/FX/Niagara/Content/Modules/Emitter/SpawnBurst_Instantaneous.uexp" 656
"../../../Engine/Plugins/FX/Niagara/Content/Functions/Emitter/EmitterChangeState.uasset" 657
"../../../Engine/Plugins/FX/Niagara/Content/Functions/Emitter/EmitterChangeState.uexp" 658
"../../../Engine/Plugins/FX/Niagara/Content/Enums/ENiagaraExecutionStateManagement.uasset" 659
"../../../Engine/Plugins/FX/Niagara/Content/Enums/ENiagaraExecutionStateManagement.uexp" 660
"../../../Engine/Plugins/FX/Niagara/Content/Modules/Emitter/EmitterState.uasset" 661
"../../../Engine/Plugins/FX/Niagara/Content/Modules/Emitter/EmitterState.uexp" 662
"../../../Engine/Plugins/FX/Niagara/Content/Functions/Spline/FindPositionOnBezierSpline.uasset" 663
"../../../Engine/Plugins/FX/Niagara/Content/Functions/Spline/FindPositionOnBezierSpline.uexp" 664
"../../../Engine/Plugins/FX/Niagara/Content/Modules/Beams/UpdateBeam.uasset" 665
"../../../Engine/Plugins/FX/Niagara/Content/Modules/Beams/UpdateBeam.uexp" 666
"../../../Engine/Plugins/FX/Niagara/Content/Functions/NormalizedExecutionIndex.uasset" 667
"../../../Engine/Plugins/FX/Niagara/Content/Functions/NormalizedExecutionIndex.uexp" 668
"../../../Engine/Plugins/FX/Niagara/Content/Modules/Beams/SpawnBeam.uasset" 669
"../../../Engine/Plugins/FX/Niagara/Content/Modules/Beams/SpawnBeam.uexp" 670
"../../../Engine/Plugins/FX/Niagara/Content/Modules/Beams/BeamWidth.uasset" 671
"../../../Engine/Plugins/FX/Niagara/Content/Modules/Beams/BeamWidth.uexp" 672
"../../../Engine/Plugins/FX/Niagara/Content/Functions/Localspace/TransformPosition.uasset" 673
"../../../Engine/Plugins/FX/Niagara/Content/Functions/Localspace/TransformPosition.uexp" 674
"../../../Engine/Plugins/FX/Niagara/Content/DynamicInputs/Helpers/SimulationPosition.uasset" 675
"../../../Engine/Plugins/FX/Niagara/Content/DynamicInputs/Helpers/SimulationPosition.uexp" 676
"../../../Engine/Plugins/FX/Niagara/Content/DynamicInputs/Multiply/Multiply_VectorByFloat.uasset" 677
"../../../Engine/Plugins/FX/Niagara/Content/DynamicInputs/Multiply/Multiply_VectorByFloat.uexp" 678
"../../../Engine/Plugins/FX/Niagara/Content/Modules/Beams/BeamEmitterSetup.uasset" 679
"../../../Engine/Plugins/FX/Niagara/Content/Modules/Beams/BeamEmitterSetup.uexp" 680
"../../../Engine/Plugins/FX/Niagara/Content/DynamicInputs/ValueFromCurve/FloatFromCurve.uasset" 681
"../../../Engine/Plugins/FX/Niagara/Content/DynamicInputs/ValueFromCurve/FloatFromCurve.uexp" 682
"F:/UpSkill/Upskill/Horde_Mode/Content/Niagara/BulletTrail/M_Trail.uasset" 683
"F:/UpSkill/Upskill/Horde_Mode/Content/Niagara/BulletTrail/M_Trail.uexp" 684
"F:/UpSkill/Upskill/Horde_Mode/Content/Niagara/BulletTrail/N_BulletTrail_System.uasset" 685
"F:/UpSkill/Upskill/Horde_Mode/Content/Niagara/BulletTrail/N_BulletTrail_System.uexp" 686
"F:/UpSkill/Upskill/Horde_Mode/Content/BluePrints/FirstPersonBP/Blueprints/Player_Weapons/Weapon_Base.uasset" 687
"F:/UpSkill/Upskill/Horde_Mode/Content/BluePrints/FirstPersonBP/Blueprints/Player_Weapons/Weapon_Base.uexp" 688
"../../../Engine/Content/EditorBlueprintResources/StandardMacros.uasset" 689
"../../../Engine/Content/EditorBlueprintResources/StandardMacros.uexp" 690
"F:/UpSkill/Upskill/Horde_Mode/Content/BluePrints/FirstPerson/Character/Mesh/SK_Mannequin_Arms_PhysicsAsset.uasset" 691
"F:/UpSkill/Upskill/Horde_Mode/Content/BluePrints/FirstPerson/Character/Mesh/SK_Mannequin_Arms_PhysicsAsset.uexp" 692
"F:/UpSkill/Upskill/Horde_Mode/Content/BluePrints/FirstPerson/Character/Textures/UE4_Mannequin_MAT_MASKA.uasset" 693
"F:/UpSkill/Upskill/Horde_Mode/Content/BluePrints/FirstPerson/Character/Textures/UE4_Mannequin_MAT_MASKA.uexp" 694
"F:/UpSkill/Upskill/Horde_Mode/Content/BluePrints/FirstPerson/Character/Textures/UE4_Mannequin_MAT_MASKA.ubulk" 695
"F:/UpSkill/Upskill/Horde_Mode/Content/BluePrints/FirstPerson/Character/Textures/UE4_Mannequin__normals.uasset" 696
"F:/UpSkill/Upskill/Horde_Mode/Content/BluePrints/FirstPerson/Character/Textures/UE4_Mannequin__normals.uexp" 697
"F:/UpSkill/Upskill/Horde_Mode/Content/BluePrints/FirstPerson/Character/Textures/UE4_Mannequin__normals.ubulk" 698
"F:/UpSkill/Upskill/Horde_Mode/Content/BluePrints/FirstPerson/Character/Textures/UE4_LOGO_CARD.uasset" 699
"F:/UpSkill/Upskill/Horde_Mode/Content/BluePrints/FirstPerson/Character/Textures/UE4_LOGO_CARD.uexp" 700
"F:/UpSkill/Upskill/Horde_Mode/Content/BluePrints/FirstPerson/Character/Textures/UE4_LOGO_CARD.ubulk" 701
"F:/UpSkill/Upskill/Horde_Mode/Content/BluePrints/FirstPerson/Character/Materials/MaterialLayers/T_ML_Rubber_Blue_01_N.uasset" 702
"F:/UpSkill/Upskill/Horde_Mode/Content/BluePrints/FirstPerson/Character/Materials/MaterialLayers/T_ML_Rubber_Blue_01_N.uexp" 703
"F:/UpSkill/Upskill/Horde_Mode/Content/BluePrints/FirstPerson/Character/Materials/MaterialLayers/T_ML_Rubber_Blue_01_N.ubulk" 704
"F:/UpSkill/Upskill/Horde_Mode/Content/BluePrints/FirstPerson/Character/Materials/MaterialLayers/T_ML_Rubber_Blue_01_D.uasset" 705
"F:/UpSkill/Upskill/Horde_Mode/Content/BluePrints/FirstPerson/Character/Materials/MaterialLayers/T_ML_Rubber_Blue_01_D.uexp" 706
"F:/UpSkill/Upskill/Horde_Mode/Content/BluePrints/FirstPerson/Character/Materials/MaterialLayers/T_ML_Rubber_Blue_01_D.ubulk" 707
"F:/UpSkill/Upskill/Horde_Mode/Content/BluePrints/FirstPerson/Character/Materials/MaterialLayers/T_ML_Aluminum01_N.uasset" 708
"F:/UpSkill/Upskill/Horde_Mode/Content/BluePrints/FirstPerson/Character/Materials/MaterialLayers/T_ML_Aluminum01_N.uexp" 709
"F:/UpSkill/Upskill/Horde_Mode/Content/BluePrints/FirstPerson/Character/Materials/MaterialLayers/T_ML_Aluminum01_N.ubulk" 710
"F:/UpSkill/Upskill/Horde_Mode/Content/BluePrints/FirstPerson/Character/Materials/MaterialLayers/T_ML_Aluminum01.uasset" 711
"F:/UpSkill/Upskill/Horde_Mode/Content/BluePrints/FirstPerson/Character/Materials/MaterialLayers/T_ML_Aluminum01.uexp" 712
"F:/UpSkill/Upskill/Horde_Mode/Content/BluePrints/FirstPerson/Character/Materials/MaterialLayers/T_ML_Aluminum01.ubulk" 713
"F:/UpSkill/Upskill/Horde_Mode/Content/BluePrints/FirstPerson/Character/Materials/MaterialLayers/ML_SoftMetal_UE4.uasset" 714
"F:/UpSkill/Upskill/Horde_Mode/Content/BluePrints/FirstPerson/Character/Materials/MaterialLayers/ML_SoftMetal_UE4.uexp" 715
"F:/UpSkill/Upskill/Horde_Mode/Content/BluePrints/FirstPerson/Character/Materials/MaterialLayers/ML_Plastic_Shiny_Beige_LOGO.uasset" 716
"F:/UpSkill/Upskill/Horde_Mode/Content/BluePrints/FirstPerson/Character/Materials/MaterialLayers/ML_Plastic_Shiny_Beige_LOGO.uexp" 717
"F:/UpSkill/Upskill/Horde_Mode/Content/BluePrints/FirstPerson/Character/Materials/MaterialLayers/ML_Plastic_Shiny_Beige.uasset" 718
"F:/UpSkill/Upskill/Horde_Mode/Content/BluePrints/FirstPerson/Character/Materials/MaterialLayers/ML_Plastic_Shiny_Beige.uexp" 719
"F:/UpSkill/Upskill/Horde_Mode/Content/BluePrints/FirstPerson/Character/Materials/MaterialLayers/ML_GlossyBlack_Latex_UE4.uasset" 720
"F:/UpSkill/Upskill/Horde_Mode/Content/BluePrints/FirstPerson/Character/Materials/MaterialLayers/ML_GlossyBlack_Latex_UE4.uexp" 721
"../../../Engine/Content/Functions/MaterialLayerFunctions/MatLayerBlend_Simple.uasset" 722
"../../../Engine/Content/Functions/MaterialLayerFunctions/MatLayerBlend_Simple.uexp" 723
"../../../Engine/Content/Functions/Engine_MaterialFunctions02/Utility/BlendAngleCorrectedNormals.uasset" 724
"../../../Engine/Content/Functions/Engine_MaterialFunctions02/Utility/BlendAngleCorrectedNormals.uexp" 725
"../../../Engine/Content/Functions/MaterialLayerFunctions/MatLayerBlend_NormalBlend.uasset" 726
"../../../Engine/Content/Functions/MaterialLayerFunctions/MatLayerBlend_NormalBlend.uexp" 727
"F:/UpSkill/Upskill/Horde_Mode/Content/BluePrints/FirstPerson/Character/Materials/M_UE4Man_Body.uasset" 728
"F:/UpSkill/Upskill/Horde_Mode/Content/BluePrints/FirstPerson/Character/Materials/M_UE4Man_Body.uexp" 729
"F:/UpSkill/Upskill/Horde_Mode/Content/BluePrints/FirstPerson/Character/Mesh/SK_Mannequin_Arms.uasset" 730
"F:/UpSkill/Upskill/Horde_Mode/Content/BluePrints/FirstPerson/Character/Mesh/SK_Mannequin_Arms.uexp" 731
"F:/UpSkill/Upskill/Horde_Mode/Content/FPS_Weapon_Bundle/Weapons/Textures/Patterns/T_Stripes__Pattern.uasset" 732
"F:/UpSkill/Upskill/Horde_Mode/Content/FPS_Weapon_Bundle/Weapons/Textures/Patterns/T_Stripes__Pattern.uexp" 733
"F:/UpSkill/Upskill/Horde_Mode/Content/FPS_Weapon_Bundle/Weapons/Textures/Patterns/T_Stripes__Pattern.ubulk" 734
"F:/UpSkill/Upskill/Horde_Mode/Content/FPS_Weapon_Bundle/Weapons/Textures/KA74U/T_KA74U_NRM.uasset" 735
"F:/UpSkill/Upskill/Horde_Mode/Content/FPS_Weapon_Bundle/Weapons/Textures/KA74U/T_KA74U_NRM.uexp" 736
"F:/UpSkill/Upskill/Horde_Mode/Content/FPS_Weapon_Bundle/Weapons/Textures/KA74U/T_KA74U_NRM.ubulk" 737
"F:/UpSkill/Upskill/Horde_Mode/Content/FPS_Weapon_Bundle/Weapons/Textures/KA74U/T_KA74U_M_MSK.uasset" 738
"F:/UpSkill/Upskill/Horde_Mode/Content/FPS_Weapon_Bundle/Weapons/Textures/KA74U/T_KA74U_M_MSK.uexp" 739
"F:/UpSkill/Upskill/Horde_Mode/Content/FPS_Weapon_Bundle/Weapons/Textures/KA74U/T_KA74U_M_MSK.ubulk" 740
"F:/UpSkill/Upskill/Horde_Mode/Content/FPS_Weapon_Bundle/Weapons/Textures/KA74U/T_KA74U_ALB.uasset" 741
"F:/UpSkill/Upskill/Horde_Mode/Content/FPS_Weapon_Bundle/Weapons/Textures/KA74U/T_KA74U_ALB.uexp" 742
"F:/UpSkill/Upskill/Horde_Mode/Content/FPS_Weapon_Bundle/Weapons/Textures/KA74U/T_KA74U_ALB.ubulk" 743
"F:/UpSkill/Upskill/Horde_Mode/Content/FPS_Weapon_Bundle/Weapons/Materials/Master_Material/M_Weapon_Master_USE.uasset" 744
"F:/UpSkill/Upskill/Horde_Mode/Content/FPS_Weapon_Bundle/Weapons/Materials/Master_Material/M_Weapon_Master_USE.uexp" 745
"F:/UpSkill/Upskill/Horde_Mode/Content/FPS_Weapon_Bundle/Weapons/Textures/AR4/T_AR4_NRM.uasset" 746
"F:/UpSkill/Upskill/Horde_Mode/Content/FPS_Weapon_Bundle/Weapons/Textures/AR4/T_AR4_NRM.uexp" 747
"F:/UpSkill/Upskill/Horde_Mode/Content/FPS_Weapon_Bundle/Weapons/Textures/AR4/T_AR4_NRM.ubulk" 748
"F:/UpSkill/Upskill/Horde_Mode/Content/FPS_Weapon_Bundle/Weapons/Textures/AR4/T_AR4_M_MSK.uasset" 749
"F:/UpSkill/Upskill/Horde_Mode/Content/FPS_Weapon_Bundle/Weapons/Textures/AR4/T_AR4_M_MSK.uexp" 750
"F:/UpSkill/Upskill/Horde_Mode/Content/FPS_Weapon_Bundle/Weapons/Textures/AR4/T_AR4_M_MSK.ubulk" 751
"F:/UpSkill/Upskill/Horde_Mode/Content/FPS_Weapon_Bundle/Weapons/Textures/AR4/T_AR4_ALB.uasset" 752
"F:/UpSkill/Upskill/Horde_Mode/Content/FPS_Weapon_Bundle/Weapons/Textures/AR4/T_AR4_ALB.uexp" 753
"F:/UpSkill/Upskill/Horde_Mode/Content/FPS_Weapon_Bundle/Weapons/Textures/AR4/T_AR4_ALB.ubulk" 754
"F:/UpSkill/Upskill/Horde_Mode/Content/FPS_Weapon_Bundle/Weapons/Materials/AR4/M_AR4.uasset" 755
"F:/UpSkill/Upskill/Horde_Mode/Content/FPS_Weapon_Bundle/Weapons/Materials/AR4/M_AR4.uexp" 756
"F:/UpSkill/Upskill/Horde_Mode/Content/FPS_Weapon_Bundle/Weapons/Meshes/AR4/SM_AR4.uasset" 757
"F:/UpSkill/Upskill/Horde_Mode/Content/FPS_Weapon_Bundle/Weapons/Meshes/AR4/SM_AR4.uexp" 758
"F:/UpSkill/Upskill/Horde_Mode/Content/FPS_Weapon_Bundle/Weapons/Meshes/AR4/SK_AR4_Skeleton.uasset" 759
"F:/UpSkill/Upskill/Horde_Mode/Content/FPS_Weapon_Bundle/Weapons/Meshes/AR4/SK_AR4_Skeleton.uexp" 760
"F:/UpSkill/Upskill/Horde_Mode/Content/FPS_Weapon_Bundle/Weapons/Meshes/AR4/SK_AR4_Physics.uasset" 761
"F:/UpSkill/Upskill/Horde_Mode/Content/FPS_Weapon_Bundle/Weapons/Meshes/AR4/SK_AR4_Physics.uexp" 762
"F:/UpSkill/Upskill/Horde_Mode/Content/FPS_Weapon_Bundle/Weapons/Textures/Ammunition/T_762x39_NRM.uasset" 763
"F:/UpSkill/Upskill/Horde_Mode/Content/FPS_Weapon_Bundle/Weapons/Textures/Ammunition/T_762x39_NRM.uexp" 764
"F:/UpSkill/Upskill/Horde_Mode/Content/FPS_Weapon_Bundle/Weapons/Textures/Ammunition/T_762x39_NRM.ubulk" 765
"F:/UpSkill/Upskill/Horde_Mode/Content/FPS_Weapon_Bundle/Weapons/Textures/Ammunition/T_762x39_M_MSK.uasset" 766
"F:/UpSkill/Upskill/Horde_Mode/Content/FPS_Weapon_Bundle/Weapons/Textures/Ammunition/T_762x39_M_MSK.uexp" 767
"F:/UpSkill/Upskill/Horde_Mode/Content/FPS_Weapon_Bundle/Weapons/Textures/Ammunition/T_762x39_M_MSK.ubulk" 768
"F:/UpSkill/Upskill/Horde_Mode/Content/FPS_Weapon_Bundle/Weapons/Textures/Ammunition/T_762x39_ALB.uasset" 769
"F:/UpSkill/Upskill/Horde_Mode/Content/FPS_Weapon_Bundle/Weapons/Textures/Ammunition/T_762x39_ALB.uexp" 770
"F:/UpSkill/Upskill/Horde_Mode/Content/FPS_Weapon_Bundle/Weapons/Textures/Ammunition/T_762x39_ALB.ubulk" 771
"F:/UpSkill/Upskill/Horde_Mode/Content/FPS_Weapon_Bundle/Weapons/Materials/Ammunition/M_762x39_Empty.uasset" 772
"F:/UpSkill/Upskill/Horde_Mode/Content/FPS_Weapon_Bundle/Weapons/Materials/Ammunition/M_762x39_Empty.uexp" 773
"F:/UpSkill/Upskill/Horde_Mode/Content/FPS_Weapon_Bundle/Weapons/Meshes/AR4/SK_AR4.uasset" 774
"F:/UpSkill/Upskill/Horde_Mode/Content/FPS_Weapon_Bundle/Weapons/Meshes/AR4/SK_AR4.uexp" 775
"F:/UpSkill/Upskill/Horde_Mode/Content/BluePrints/FirstPersonBP/Blueprints/Player_Weapons/Rifle.uasset" 776
"F:/UpSkill/Upskill/Horde_Mode/Content/BluePrints/FirstPersonBP/Blueprints/Player_Weapons/Rifle.uexp" 777
"F:/UpSkill/Upskill/Horde_Mode/Content/Pistol9mmV2/SkeletalMesh/PA_Pistol9mm.uasset" 778
"F:/UpSkill/Upskill/Horde_Mode/Content/Pistol9mmV2/SkeletalMesh/PA_Pistol9mm.uexp" 779
"F:/UpSkill/Upskill/Horde_Mode/Content/Pistol9mmV2/SkeletalMesh/Skeleton_Pistol9mm.uasset" 780
"F:/UpSkill/Upskill/Horde_Mode/Content/Pistol9mmV2/SkeletalMesh/Skeleton_Pistol9mm.uexp" 781
"F:/UpSkill/Upskill/Horde_Mode/Content/Pistol9mmV2/Textures/T_Pistol9mm_OcclusionRoughnessMetallic.uasset" 782
"F:/UpSkill/Upskill/Horde_Mode/Content/Pistol9mmV2/Textures/T_Pistol9mm_OcclusionRoughnessMetallic.uexp" 783
"F:/UpSkill/Upskill/Horde_Mode/Content/Pistol9mmV2/Textures/T_Pistol9mm_OcclusionRoughnessMetallic.ubulk" 784
"F:/UpSkill/Upskill/Horde_Mode/Content/Pistol9mmV2/Textures/T_Pistol9mm_Normal.uasset" 785
"F:/UpSkill/Upskill/Horde_Mode/Content/Pistol9mmV2/Textures/T_Pistol9mm_Normal.uexp" 786
"F:/UpSkill/Upskill/Horde_Mode/Content/Pistol9mmV2/Textures/T_Pistol9mm_Normal.ubulk" 787
"F:/UpSkill/Upskill/Horde_Mode/Content/Pistol9mmV2/Textures/T_Pistol9mm_BaseColor.uasset" 788
"F:/UpSkill/Upskill/Horde_Mode/Content/Pistol9mmV2/Textures/T_Pistol9mm_BaseColor.uexp" 789
"F:/UpSkill/Upskill/Horde_Mode/Content/Pistol9mmV2/Textures/T_Pistol9mm_BaseColor.ubulk" 790
"F:/UpSkill/Upskill/Horde_Mode/Content/Pistol9mmV2/Materials/M_Pistol9mm.uasset" 791
"F:/UpSkill/Upskill/Horde_Mode/Content/Pistol9mmV2/Materials/M_Pistol9mm.uexp" 792
"F:/UpSkill/Upskill/Horde_Mode/Content/Pistol9mmV2/SkeletalMesh/SM_Pistol9mm.uasset" 793
"F:/UpSkill/Upskill/Horde_Mode/Content/Pistol9mmV2/SkeletalMesh/SM_Pistol9mm.uexp" 794
"F:/UpSkill/Upskill/Horde_Mode/Content/BluePrints/FirstPersonBP/Blueprints/Player_Weapons/Pistol.uasset" 795
"F:/UpSkill/Upskill/Horde_Mode/Content/BluePrints/FirstPersonBP/Blueprints/Player_Weapons/Pistol.uexp" 796
"F:/UpSkill/Upskill/Horde_Mode/Content/AnimStarterPack/UE4_Mannequin/Mesh/SK_Mannequin_PhysicsAsset.uasset" 797
"F:/UpSkill/Upskill/Horde_Mode/Content/AnimStarterPack/UE4_Mannequin/Mesh/SK_Mannequin_PhysicsAsset.uexp" 798
"F:/UpSkill/Upskill/Horde_Mode/Content/AnimStarterPack/UE4_Mannequin/Textures/UE4Man_Logo_N.uasset" 799
"F:/UpSkill/Upskill/Horde_Mode/Content/AnimStarterPack/UE4_Mannequin/Textures/UE4Man_Logo_N.uexp" 800
"F:/UpSkill/Upskill/Horde_Mode/Content/AnimStarterPack/UE4_Mannequin/Textures/UE4Man_Logo_N.ubulk" 801
"F:/UpSkill/Upskill/Horde_Mode/Content/AnimStarterPack/UE4_Mannequin/Textures/UE4_Mannequin_occlusion_Mobile.uasset" 802
"F:/UpSkill/Upskill/Horde_Mode/Content/AnimStarterPack/UE4_Mannequin/Textures/UE4_Mannequin_occlusion_Mobile.uexp" 803
"F:/UpSkill/Upskill/Horde_Mode/Content/AnimStarterPack/UE4_Mannequin/Textures/UE4_Mannequin_occlusion_Mobile.ubulk" 804
"F:/UpSkill/Upskill/Horde_Mode/Content/AnimStarterPack/UE4_Mannequin/Textures/UE4_Mannequin_MAT_MASKA.uasset" 805
"F:/UpSkill/Upskill/Horde_Mode/Content/AnimStarterPack/UE4_Mannequin/Textures/UE4_Mannequin_MAT_MASKA.uexp" 806
"F:/UpSkill/Upskill/Horde_Mode/Content/AnimStarterPack/UE4_Mannequin/Textures/UE4_Mannequin_MAT_MASKA.ubulk" 807
"F:/UpSkill/Upskill/Horde_Mode/Content/AnimStarterPack/UE4_Mannequin/Textures/UE4_Mannequin__normals.uasset" 808
"F:/UpSkill/Upskill/Horde_Mode/Content/AnimStarterPack/UE4_Mannequin/Textures/UE4_Mannequin__normals.uexp" 809
"F:/UpSkill/Upskill/Horde_Mode/Content/AnimStarterPack/UE4_Mannequin/Textures/UE4_Mannequin__normals.ubulk" 810
"F:/UpSkill/Upskill/Horde_Mode/Content/AnimStarterPack/UE4_Mannequin/Materials/MaterialLayers/T_ML_Aluminum01_N.uasset" 811
"F:/UpSkill/Upskill/Horde_Mode/Content/AnimStarterPack/UE4_Mannequin/Materials/MaterialLayers/T_ML_Aluminum01_N.uexp" 812
"F:/UpSkill/Upskill/Horde_Mode/Content/AnimStarterPack/UE4_Mannequin/Materials/MaterialLayers/T_ML_Aluminum01_N.ubulk" 813
"F:/UpSkill/Upskill/Horde_Mode/Content/AnimStarterPack/UE4_Mannequin/Materials/MaterialLayers/T_ML_Aluminum01.uasset" 814
"F:/UpSkill/Upskill/Horde_Mode/Content/AnimStarterPack/UE4_Mannequin/Materials/MaterialLayers/T_ML_Aluminum01.uexp" 815
"F:/UpSkill/Upskill/Horde_Mode/Content/AnimStarterPack/UE4_Mannequin/Materials/MaterialLayers/T_ML_Aluminum01.ubulk" 816
"F:/UpSkill/Upskill/Horde_Mode/Content/AnimStarterPack/UE4_Mannequin/Materials/MaterialLayers/ML_SoftMetal_UE4.uasset" 817
"F:/UpSkill/Upskill/Horde_Mode/Content/AnimStarterPack/UE4_Mannequin/Materials/MaterialLayers/ML_SoftMetal_UE4.uexp" 818
"F:/UpSkill/Upskill/Horde_Mode/Content/AnimStarterPack/UE4_Mannequin/Textures/UE4_LOGO_CARD.uasset" 819
"F:/UpSkill/Upskill/Horde_Mode/Content/AnimStarterPack/UE4_Mannequin/Textures/UE4_LOGO_CARD.uexp" 820
"F:/UpSkill/Upskill/Horde_Mode/Content/AnimStarterPack/UE4_Mannequin/Textures/UE4_LOGO_CARD.ubulk" 821
"F:/UpSkill/Upskill/Horde_Mode/Content/AnimStarterPack/UE4_Mannequin/Materials/MaterialLayers/ML_Plastic_Shiny_Beige_LOGO.uasset" 822
"F:/UpSkill/Upskill/Horde_Mode/Content/AnimStarterPack/UE4_Mannequin/Materials/MaterialLayers/ML_Plastic_Shiny_Beige_LOGO.uexp" 823
"F:/UpSkill/Upskill/Horde_Mode/Content/AnimStarterPack/UE4_Mannequin/Materials/MaterialLayers/ML_Plastic_Shiny_Beige.uasset" 824
"F:/UpSkill/Upskill/Horde_Mode/Content/AnimStarterPack/UE4_Mannequin/Materials/MaterialLayers/ML_Plastic_Shiny_Beige.uexp" 825
"F:/UpSkill/Upskill/Horde_Mode/Content/AnimStarterPack/UE4_Mannequin/Materials/MaterialLayers/T_ML_Rubber_Blue_01_N.uasset" 826
"F:/UpSkill/Upskill/Horde_Mode/Content/AnimStarterPack/UE4_Mannequin/Materials/MaterialLayers/T_ML_Rubber_Blue_01_N.uexp" 827
"F:/UpSkill/Upskill/Horde_Mode/Content/AnimStarterPack/UE4_Mannequin/Materials/MaterialLayers/T_ML_Rubber_Blue_01_N.ubulk" 828
"F:/UpSkill/Upskill/Horde_Mode/Content/AnimStarterPack/UE4_Mannequin/Materials/MaterialLayers/T_ML_Rubber_Blue_01_D.uasset" 829
"F:/UpSkill/Upskill/Horde_Mode/Content/AnimStarterPack/UE4_Mannequin/Materials/MaterialLayers/T_ML_Rubber_Blue_01_D.uexp" 830
"F:/UpSkill/Upskill/Horde_Mode/Content/AnimStarterPack/UE4_Mannequin/Materials/MaterialLayers/T_ML_Rubber_Blue_01_D.ubulk" 831
"F:/UpSkill/Upskill/Horde_Mode/Content/AnimStarterPack/UE4_Mannequin/Materials/MaterialLayers/ML_GlossyBlack_Latex_UE4.uasset" 832
"F:/UpSkill/Upskill/Horde_Mode/Content/AnimStarterPack/UE4_Mannequin/Materials/MaterialLayers/ML_GlossyBlack_Latex_UE4.uexp" 833
"../../../Engine/Content/Functions/MaterialLayerFunctions/MatLayerBlend_AO.uasset" 834
"../../../Engine/Content/Functions/MaterialLayerFunctions/MatLayerBlend_AO.uexp" 835
"F:/UpSkill/Upskill/Horde_Mode/Content/AnimStarterPack/UE4_Mannequin/Materials/M_UE4Man_Body.uasset" 836
"F:/UpSkill/Upskill/Horde_Mode/Content/AnimStarterPack/UE4_Mannequin/Materials/M_UE4Man_Body.uexp" 837
"F:/UpSkill/Upskill/Horde_Mode/Content/AnimStarterPack/UE4_Mannequin/Materials/M_UE4Man_ChestLogo.uasset" 838
"F:/UpSkill/Upskill/Horde_Mode/Content/AnimStarterPack/UE4_Mannequin/Materials/M_UE4Man_ChestLogo.uexp" 839
"F:/UpSkill/Upskill/Horde_Mode/Content/AnimStarterPack/UE4_Mannequin/Mesh/UE4_Mannequin_Skeleton.uasset" 840
"F:/UpSkill/Upskill/Horde_Mode/Content/AnimStarterPack/UE4_Mannequin/Mesh/UE4_Mannequin_Skeleton.uexp" 841
"F:/UpSkill/Upskill/Horde_Mode/Content/AnimStarterPack/UE4_Mannequin/Mesh/SK_Mannequin.uasset" 842
"F:/UpSkill/Upskill/Horde_Mode/Content/AnimStarterPack/UE4_Mannequin/Mesh/SK_Mannequin.uexp" 843
"F:/UpSkill/Upskill/Horde_Mode/Content/AnimStarterPack/Death_2.uasset" 844
"F:/UpSkill/Upskill/Horde_Mode/Content/AnimStarterPack/Death_2.uexp" 845
"F:/UpSkill/Upskill/Horde_Mode/Content/AnimStarterPack/Jog_Rt_Rifle.uasset" 846
"F:/UpSkill/Upskill/Horde_Mode/Content/AnimStarterPack/Jog_Rt_Rifle.uexp" 847
"F:/UpSkill/Upskill/Horde_Mode/Content/AnimStarterPack/Jog_Lt_Rifle.uasset" 848
"F:/UpSkill/Upskill/Horde_Mode/Content/AnimStarterPack/Jog_Lt_Rifle.uexp" 849
"F:/UpSkill/Upskill/Horde_Mode/Content/AnimStarterPack/Jog_Fwd_Rifle.uasset" 850
"F:/UpSkill/Upskill/Horde_Mode/Content/AnimStarterPack/Jog_Fwd_Rifle.uexp" 851
"F:/UpSkill/Upskill/Horde_Mode/Content/AnimStarterPack/Jog_Bwd_Rifle.uasset" 852
"F:/UpSkill/Upskill/Horde_Mode/Content/AnimStarterPack/Jog_Bwd_Rifle.uexp" 853
"F:/UpSkill/Upskill/Horde_Mode/Content/AnimStarterPack/BS_Jog.uasset" 854
"F:/UpSkill/Upskill/Horde_Mode/Content/AnimStarterPack/BS_Jog.uexp" 855
"F:/UpSkill/Upskill/Horde_Mode/Content/BluePrints/FirstPersonBP/Blueprints/FirstPersonCharacter.uasset" 856
"F:/UpSkill/Upskill/Horde_Mode/Content/BluePrints/FirstPersonBP/Blueprints/FirstPersonCharacter.uexp" 857
"F:/UpSkill/Upskill/Horde_Mode/Content/BluePrints/FirstPersonBP/Blueprints/FirstPersonGameMode.uasset" 858
"F:/UpSkill/Upskill/Horde_Mode/Content/BluePrints/FirstPersonBP/Blueprints/FirstPersonGameMode.uexp" 859
"F:/UpSkill/Upskill/Horde_Mode/Content/BluePrints/FirstPersonBP/Blueprints/UI/Timer.uasset" 860
"F:/UpSkill/Upskill/Horde_Mode/Content/BluePrints/FirstPersonBP/Blueprints/UI/Timer.uexp" 861
"F:/UpSkill/Upskill/Horde_Mode/Content/BluePrints/FirstPerson/Textures/FirstPersonCrosshair.uasset" 862
"F:/UpSkill/Upskill/Horde_Mode/Content/BluePrints/FirstPerson/Textures/FirstPersonCrosshair.uexp" 863
"F:/UpSkill/Upskill/Horde_Mode/Content/BluePrints/FirstPersonBP/Blueprints/UI/UI_HUD.uasset" 864
"F:/UpSkill/Upskill/Horde_Mode/Content/BluePrints/FirstPersonBP/Blueprints/UI/UI_HUD.uexp" 865
"../../../Engine/Content/BasicShapes/BasicShapeMaterial.uasset" 866
"../../../Engine/Content/BasicShapes/BasicShapeMaterial.uexp" 867
"../../../Engine/Content/BasicShapes/Cube.uasset" 868
"../../../Engine/Content/BasicShapes/Cube.uexp" 869
"F:/UpSkill/Upskill/Horde_Mode/Content/BluePrints/Pickups/BP_Ammo_Pickup.uasset" 870
"F:/UpSkill/Upskill/Horde_Mode/Content/BluePrints/Pickups/BP_Ammo_Pickup.uexp" 871
"F:/UpSkill/Upskill/Horde_Mode/Content/BluePrints/Pickups/BP_Health_Pickup.uasset" 872
"F:/UpSkill/Upskill/Horde_Mode/Content/BluePrints/Pickups/BP_Health_Pickup.uexp" 873
"../../../Engine/Content/EngineSky/T_Sky_Blue.uasset" 874
"../../../Engine/Content/EngineSky/T_Sky_Blue.uexp" 875
"../../../Engine/Content/EngineSky/T_Sky_Blue.ubulk" 876
"../../../Engine/Content/EngineSky/T_Sky_Clouds_M.uasset" 877
"../../../Engine/Content/EngineSky/T_Sky_Clouds_M.uexp" 878
"../../../Engine/Content/EngineSky/T_Sky_Clouds_M.ubulk" 879
"../../../Engine/Content/EngineSky/T_Sky_Stars.uasset" 880
"../../../Engine/Content/EngineSky/T_Sky_Stars.uexp" 881
"../../../Engine/Content/EngineSky/T_Sky_Stars.ubulk" 882
"../../../Engine/Content/EngineSky/M_Sky_Panning_Clouds2.uasset" 883
"../../../Engine/Content/EngineSky/M_Sky_Panning_Clouds2.uexp" 884
"../../../Engine/Content/EngineSky/SM_SkySphere.uasset" 885
"../../../Engine/Content/EngineSky/SM_SkySphere.uexp" 886
"../../../Engine/Content/EngineSky/C_Sky_Zenith_Color.uasset" 887
"../../../Engine/Content/EngineSky/C_Sky_Zenith_Color.uexp" 888
"../../../Engine/Content/EngineSky/C_Sky_Horizon_Color.uasset" 889
"../../../Engine/Content/EngineSky/C_Sky_Horizon_Color.uexp" 890
"../../../Engine/Content/EngineSky/C_Sky_Cloud_Color.uasset" 891
"../../../Engine/Content/EngineSky/C_Sky_Cloud_Color.uexp" 892
"../../../Engine/Content/EngineSky/BP_Sky_Sphere.uasset" 893
"../../../Engine/Content/EngineSky/BP_Sky_Sphere.uexp" 894
"F:/UpSkill/Upskill/Horde_Mode/Content/BluePrints/FirstPerson/Meshes/BaseMaterial.uasset" 895
"F:/UpSkill/Upskill/Horde_Mode/Content/BluePrints/FirstPerson/Meshes/BaseMaterial.uexp" 896
"F:/UpSkill/Upskill/Horde_Mode/Content/BlockTools/Misc/Vehicles/SM_Car.uasset" 897
"F:/UpSkill/Upskill/Horde_Mode/Content/BlockTools/Misc/Vehicles/SM_Car.uexp" 898
"F:/UpSkill/Upskill/Horde_Mode/Content/BluePrints/AI/Fire_Weapon.uasset" 899
"F:/UpSkill/Upskill/Horde_Mode/Content/BluePrints/AI/Fire_Weapon.uexp" 900
"F:/UpSkill/Upskill/Horde_Mode/Content/BluePrints/AI/Moving.uasset" 901
"F:/UpSkill/Upskill/Horde_Mode/Content/BluePrints/AI/Moving.uexp" 902
"F:/UpSkill/Upskill/Horde_Mode/Content/BluePrints/AI/Not_Moving.uasset" 903
"F:/UpSkill/Upskill/Horde_Mode/Content/BluePrints/AI/Not_Moving.uexp" 904
"F:/UpSkill/Upskill/Horde_Mode/Content/BluePrints/AI/ShooterBlackboard.uasset" 905
"F:/UpSkill/Upskill/Horde_Mode/Content/BluePrints/AI/ShooterBlackboard.uexp" 906
"F:/UpSkill/Upskill/Horde_Mode/Content/BluePrints/AI/ShooterBehaviourTree.uasset" 907
"F:/UpSkill/Upskill/Horde_Mode/Content/BluePrints/AI/ShooterBehaviourTree.uexp" 908
"F:/UpSkill/Upskill/Horde_Mode/Content/BluePrints/AI/ShooterAI.uasset" 909
"F:/UpSkill/Upskill/Horde_Mode/Content/BluePrints/AI/ShooterAI.uexp" 910
"F:/UpSkill/Upskill/Horde_Mode/Content/Sound/Footsteps_Attenuation.uasset" 911
"F:/UpSkill/Upskill/Horde_Mode/Content/Sound/Footsteps_Attenuation.uexp" 912
"F:/UpSkill/Upskill/Horde_Mode/Content/Sound/Footstep.uasset" 913
"F:/UpSkill/Upskill/Horde_Mode/Content/Sound/Footstep.uexp" 914
"F:/UpSkill/Upskill/Horde_Mode/Content/AnimStarterPack/Ue4ASP_Character.uasset" 915
"F:/UpSkill/Upskill/Horde_Mode/Content/AnimStarterPack/Ue4ASP_Character.uexp" 916
"F:/UpSkill/Upskill/Horde_Mode/Content/AnimStarterPack/Jump_From_Stand.uasset" 917
"F:/UpSkill/Upskill/Horde_Mode/Content/AnimStarterPack/Jump_From_Stand.uexp" 918
"F:/UpSkill/Upskill/Horde_Mode/Content/AnimStarterPack/Jump_From_Jog.uasset" 919
"F:/UpSkill/Upskill/Horde_Mode/Content/AnimStarterPack/Jump_From_Jog.uexp" 920
"F:/UpSkill/Upskill/Horde_Mode/Content/AnimStarterPack/Idle_Rifle_Hip.uasset" 921
"F:/UpSkill/Upskill/Horde_Mode/Content/AnimStarterPack/Idle_Rifle_Hip.uexp" 922
"F:/UpSkill/Upskill/Horde_Mode/Content/AnimStarterPack/Crouch_Idle_Rifle_Hip.uasset" 923
"F:/UpSkill/Upskill/Horde_Mode/Content/AnimStarterPack/Crouch_Idle_Rifle_Hip.uexp" 924
"F:/UpSkill/Upskill/Horde_Mode/Content/AnimStarterPack/Crouch_Walk_Rt_Rifle_Hip.uasset" 925
"F:/UpSkill/Upskill/Horde_Mode/Content/AnimStarterPack/Crouch_Walk_Rt_Rifle_Hip.uexp" 926
"F:/UpSkill/Upskill/Horde_Mode/Content/AnimStarterPack/Crouch_Walk_Lt_Rifle_Hip.uasset" 927
"F:/UpSkill/Upskill/Horde_Mode/Content/AnimStarterPack/Crouch_Walk_Lt_Rifle_Hip.uexp" 928
"F:/UpSkill/Upskill/Horde_Mode/Content/AnimStarterPack/Crouch_Walk_Fwd_Rifle_Hip.uasset" 929
"F:/UpSkill/Upskill/Horde_Mode/Content/AnimStarterPack/Crouch_Walk_Fwd_Rifle_Hip.uexp" 930
"F:/UpSkill/Upskill/Horde_Mode/Content/AnimStarterPack/Crouch_Walk_Bwd_Rifle_Hip.uasset" 931
"F:/UpSkill/Upskill/Horde_Mode/Content/AnimStarterPack/Crouch_Walk_Bwd_Rifle_Hip.uexp" 932
"F:/UpSkill/Upskill/Horde_Mode/Content/AnimStarterPack/BS_CrouchWalk.uasset" 933
"F:/UpSkill/Upskill/Horde_Mode/Content/AnimStarterPack/BS_CrouchWalk.uexp" 934
"F:/UpSkill/Upskill/Horde_Mode/Content/AnimStarterPack/UE4ASP_HeroTPP_AnimBlueprint.uasset" 935
"F:/UpSkill/Upskill/Horde_Mode/Content/AnimStarterPack/UE4ASP_HeroTPP_AnimBlueprint.uexp" 936
"F:/UpSkill/Upskill/Horde_Mode/Content/BluePrints/AI/Enemy_Prefab/Base_Enemy.uasset" 937
"F:/UpSkill/Upskill/Horde_Mode/Content/BluePrints/AI/Enemy_Prefab/Base_Enemy.uexp" 938
"F:/UpSkill/Upskill/Horde_Mode/Content/BluePrints/AI/Spawners/Spawner.uasset" 939
"F:/UpSkill/Upskill/Horde_Mode/Content/BluePrints/AI/Spawners/Spawner.uexp" 940
"F:/UpSkill/Upskill/Horde_Mode/Content/Meshes/Office_Building.uasset" 941
"F:/UpSkill/Upskill/Horde_Mode/Content/Meshes/Office_Building.uexp" 942
"F:/UpSkill/Upskill/Horde_Mode/Content/Meshes/Motel_UV.uasset" 943
"F:/UpSkill/Upskill/Horde_Mode/Content/Meshes/Motel_UV.uexp" 944
"F:/UpSkill/Upskill/Horde_Mode/Content/StarterContent/Materials/M_AssetPlatform.uasset" 945
"F:/UpSkill/Upskill/Horde_Mode/Content/StarterContent/Materials/M_AssetPlatform.uexp" 946
"F:/UpSkill/Upskill/Horde_Mode/Content/Meshes/WorldGridMaterial.uasset" 947
"F:/UpSkill/Upskill/Horde_Mode/Content/Meshes/WorldGridMaterial.uexp" 948
"F:/UpSkill/Upskill/Horde_Mode/Content/BluePrints/FirstPersonBP/Maps/Horde-Mode_BuiltData.uasset" 949
"F:/UpSkill/Upskill/Horde_Mode/Content/BluePrints/FirstPersonBP/Maps/Horde-Mode_BuiltData.uexp" 950
"F:/UpSkill/Upskill/Horde_Mode/Content/BluePrints/FirstPersonBP/Maps/Horde-Mode_BuiltData.ubulk" 951
"F:/UpSkill/Upskill/Horde_Mode/Content/Geometry/Meshes/CubeMaterial.uasset" 952
"F:/UpSkill/Upskill/Horde_Mode/Content/Geometry/Meshes/CubeMaterial.uexp" 953
"F:/UpSkill/Upskill/Horde_Mode/Content/Geometry/Meshes/1M_Cube.uasset" 954
"F:/UpSkill/Upskill/Horde_Mode/Content/Geometry/Meshes/1M_Cube.uexp" 955
"F:/UpSkill/Upskill/Horde_Mode/Content/BluePrints/AI/Enemy_Prefab/Linetrace_Enemy.uasset" 956
"F:/UpSkill/Upskill/Horde_Mode/Content/BluePrints/AI/Enemy_Prefab/Linetrace_Enemy.uexp" 957
"F:/UpSkill/Upskill/Horde_Mode/Content/BluePrints/FirstPersonBP/Maps/Horde-Mode.uexp" 958
"F:/UpSkill/Upskill/Horde_Mode/Content/BluePrints/FirstPersonBP/Maps/Horde-Mode.umap" 959
"F:/UpSkill/Upskill/Horde_Mode/Content/BluePrints/FirstPersonBP/Blueprints/UI/Main_Menu_Gamemode.uasset" 960
"F:/UpSkill/Upskill/Horde_Mode/Content/BluePrints/FirstPersonBP/Blueprints/UI/Main_Menu_Gamemode.uexp" 961
"F:/UpSkill/Upskill/Horde_Mode/Content/BluePrints/FirstPersonBP/Blueprints/UI/Player.uasset" 962
"F:/UpSkill/Upskill/Horde_Mode/Content/BluePrints/FirstPersonBP/Blueprints/UI/Player.uexp" 963
"F:/UpSkill/Upskill/Horde_Mode/Content/BluePrints/FirstPersonBP/Maps/Main_Menu_BuiltData.uasset" 964
"F:/UpSkill/Upskill/Horde_Mode/Content/BluePrints/FirstPersonBP/Maps/Main_Menu_BuiltData.uexp" 965
"F:/UpSkill/Upskill/Horde_Mode/Content/BluePrints/FirstPersonBP/Maps/Main_Menu_BuiltData.ubulk" 966
"F:/UpSkill/Upskill/Horde_Mode/Content/BluePrints/FirstPersonBP/Maps/Main_Menu.uexp" 967
"F:/UpSkill/Upskill/Horde_Mode/Content/BluePrints/FirstPersonBP/Maps/Main_Menu.umap" 968
"../../../Engine/Content/Maps/Entry_BuiltData.uasset" 969
"../../../Engine/Content/Maps/Entry_BuiltData.uexp" 970
"../../../Engine/Content/Maps/Entry.uexp" 971
"../../../Engine/Content/Maps/Entry.umap" 972
