"../../../Engine/Content/EngineMaterials/T_Default_Material_Grid_N.uasset" 0
"../../../Engine/Content/EngineMaterials/T_Default_Material_Grid_N.uexp" 1
"../../../Engine/Content/EngineMaterials/T_Default_Material_Grid_N.ubulk" 2
"../../../Engine/Content/EngineMaterials/T_Default_Material_Grid_M.uasset" 3
"../../../Engine/Content/EngineMaterials/T_Default_Material_Grid_M.uexp" 4
"../../../Engine/Content/EngineMaterials/T_Default_Material_Grid_M.ubulk" 5
"../../../Engine/Content/Functions/Engine_MaterialFunctions01/Opacity/CameraDepthFade.uasset" 6
"../../../Engine/Content/Functions/Engine_MaterialFunctions01/Opacity/CameraDepthFade.uexp" 7
"../../../Engine/Content/EngineMaterials/WorldGridMaterial.uasset" 8
"../../../Engine/Content/EngineMaterials/WorldGridMaterial.uexp" 9
"../../../Engine/Content/ArtTools/RenderToTexture/Meshes/S_1_Unit_Plane.uasset" 10
"../../../Engine/Content/ArtTools/RenderToTexture/Meshes/S_1_Unit_Plane.uexp" 11
"../../../Engine/Content/EngineMaterials/DefaultMaterial.uasset" 12
"../../../Engine/Content/EngineMaterials/DefaultMaterial.uexp" 13
"../../../Engine/Content/BasicShapes/Cone.uasset" 14
"../../../Engine/Content/BasicShapes/Cone.uexp" 15
"../../../Engine/Content/BasicShapes/Plane.uasset" 16
"../../../Engine/Content/BasicShapes/Plane.uexp" 17
"../../../Engine/Content/BasicShapes/Sphere.uasset" 18
"../../../Engine/Content/BasicShapes/Sphere.uexp" 19
"../../../Engine/Content/EditorLandscapeResources/DataLayer.uasset" 20
"../../../Engine/Content/EditorLandscapeResources/DataLayer.uexp" 21
"../../../Engine/Content/EditorLandscapeResources/DefaultAlphaTexture.uasset" 22
"../../../Engine/Content/EditorLandscapeResources/DefaultAlphaTexture.uexp" 23
"../../../Engine/Content/EditorMaterials/MAT_Groups_Toggle.uasset" 24
"../../../Engine/Content/EditorMaterials/MAT_Groups_Toggle.uexp" 25
"../../../Engine/Content/EditorMaterials/MAT_Groups_Visibility.uasset" 26
"../../../Engine/Content/EditorMaterials/MAT_Groups_Visibility.uexp" 27
"../../../Engine/Content/EditorMaterials/PreviewShadowIndicator.uasset" 28
"../../../Engine/Content/EditorMaterials/PreviewShadowIndicator.uexp" 29
"../../../Engine/Content/EditorMaterials/PreviewShadowIndicator.ubulk" 30
"../../../Engine/Content/EditorMaterials/PreviewShadowIndicatorMaterial.uasset" 31
"../../../Engine/Content/EditorMaterials/PreviewShadowIndicatorMaterial.uexp" 32
"../../../Engine/Content/EditorMaterials/MatineeGroups/MAT_ColorTrack.uasset" 33
"../../../Engine/Content/EditorMaterials/MatineeGroups/MAT_ColorTrack.uexp" 34
"../../../Engine/Content/EditorMaterials/MatineeGroups/MAT_Groups_Anim.uasset" 35
"../../../Engine/Content/EditorMaterials/MatineeGroups/MAT_Groups_Anim.uexp" 36
"../../../Engine/Content/EditorMaterials/MatineeGroups/MAT_Groups_AudioMaster.uasset" 37
"../../../Engine/Content/EditorMaterials/MatineeGroups/MAT_Groups_AudioMaster.uexp" 38
"../../../Engine/Content/EditorMaterials/MatineeGroups/MAT_Groups_Director.uasset" 39
"../../../Engine/Content/EditorMaterials/MatineeGroups/MAT_Groups_Director.uexp" 40
"../../../Engine/Content/EditorMaterials/MatineeGroups/MAT_Groups_Event.uasset" 41
"../../../Engine/Content/EditorMaterials/MatineeGroups/MAT_Groups_Event.uexp" 42
"../../../Engine/Content/EditorMaterials/MatineeGroups/MAT_Groups_Fade.uasset" 43
"../../../Engine/Content/EditorMaterials/MatineeGroups/MAT_Groups_Fade.uexp" 44
"../../../Engine/Content/EditorMaterials/MatineeGroups/MAT_Groups_Float.uasset" 45
"../../../Engine/Content/EditorMaterials/MatineeGroups/MAT_Groups_Float.uexp" 46
"../../../Engine/Content/EditorMaterials/MatineeGroups/MAT_Groups_Move.uasset" 47
"../../../Engine/Content/EditorMaterials/MatineeGroups/MAT_Groups_Move.uexp" 48
"../../../Engine/Content/EditorMaterials/MatineeGroups/MAT_Groups_Slomo.uasset" 49
"../../../Engine/Content/EditorMaterials/MatineeGroups/MAT_Groups_Slomo.uexp" 50
"../../../Engine/Content/EditorMaterials/MatineeGroups/MAT_Groups_Sound.uasset" 51
"../../../Engine/Content/EditorMaterials/MatineeGroups/MAT_Groups_Sound.uexp" 52
"../../../Engine/Content/EditorMaterials/MatineeGroups/MAT_Groups_Vector.uasset" 53
"../../../Engine/Content/EditorMaterials/MatineeGroups/MAT_Groups_Vector.uexp" 54
"../../../Engine/Content/EditorMaterials/ParticleSystems/PSysThumbnail_NoImage.uasset" 55
"../../../Engine/Content/EditorMaterials/ParticleSystems/PSysThumbnail_NoImage.uexp" 56
"../../../Engine/Content/EditorMaterials/ParticleSystems/PSysThumbnail_NoImage.ubulk" 57
"../../../Engine/Content/EditorMaterials/ParticleSystems/PSysThumbnail_OOD.uasset" 58
"../../../Engine/Content/EditorMaterials/ParticleSystems/PSysThumbnail_OOD.uexp" 59
"../../../Engine/Content/EditorMaterials/ParticleSystems/PSysThumbnail_OOD.ubulk" 60
"../../../Engine/Content/EditorMaterials/Camera/CineMat.uasset" 61
"../../../Engine/Content/EditorMaterials/Camera/CineMat.uexp" 62
"../../../Engine/Content/EditorMaterials/Camera/MI_CineMat_Rig.uasset" 63
"../../../Engine/Content/EditorMaterials/Camera/MI_CineMat_Rig.uexp" 64
"../../../Engine/Content/EditorMeshes/Camera/SM_CraneRig_Arm.uasset" 65
"../../../Engine/Content/EditorMeshes/Camera/SM_CraneRig_Arm.uexp" 66
"../../../Engine/Content/EditorMeshes/Camera/SM_CraneRig_Base.uasset" 67
"../../../Engine/Content/EditorMeshes/Camera/SM_CraneRig_Base.uexp" 68
"../../../Engine/Content/EditorMeshes/Camera/SM_CraneRig_Body.uasset" 69
"../../../Engine/Content/EditorMeshes/Camera/SM_CraneRig_Body.uexp" 70
"../../../Engine/Content/EditorMeshes/Camera/SM_CraneRig_Mount.uasset" 71
"../../../Engine/Content/EditorMeshes/Camera/SM_CraneRig_Mount.uexp" 72
"../../../Engine/Content/EditorMeshes/Camera/SM_RailRig_Mount.uasset" 73
"../../../Engine/Content/EditorMeshes/Camera/SM_RailRig_Mount.uexp" 74
"../../../Engine/Content/EditorMeshes/Camera/SM_RailRig_Track.uasset" 75
"../../../Engine/Content/EditorMeshes/Camera/SM_RailRig_Track.uexp" 76
"../../../Engine/Content/EditorResources/BSPVertex.uasset" 77
"../../../Engine/Content/EditorResources/BSPVertex.uexp" 78
"../../../Engine/Content/EditorResources/EmptyActor.uasset" 79
"../../../Engine/Content/EditorResources/EmptyActor.uexp" 80
"../../../Engine/Content/EditorResources/S_Actor.uasset" 81
"../../../Engine/Content/EditorResources/S_Actor.uexp" 82
"../../../Engine/Content/EditorResources/S_Actor.ubulk" 83
"../../../Engine/Content/EditorResources/S_Note.uasset" 84
"../../../Engine/Content/EditorResources/S_Note.uexp" 85
"../../../Engine/Content/EditorResources/S_Note.ubulk" 86
"../../../Engine/Content/EditorResources/S_Solver.uasset" 87
"../../../Engine/Content/EditorResources/S_Solver.uexp" 88
"../../../Engine/Content/EditorResources/S_Solver.ubulk" 89
"../../../Engine/Content/EditorResources/S_Terrain.uasset" 90
"../../../Engine/Content/EditorResources/S_Terrain.uexp" 91
"../../../Engine/Content/EditorResources/S_Terrain.ubulk" 92
"../../../Engine/Content/EditorResources/S_Trigger.uasset" 93
"../../../Engine/Content/EditorResources/S_Trigger.uexp" 94
"../../../Engine/Content/EditorResources/S_Trigger.ubulk" 95
"../../../Engine/Content/EditorResources/LightIcons/S_LightError.uasset" 96
"../../../Engine/Content/EditorResources/LightIcons/S_LightError.uexp" 97
"../../../Engine/Content/EditorResources/SequenceRecorder/Countdown.uasset" 98
"../../../Engine/Content/EditorResources/SequenceRecorder/Countdown.uexp" 99
"../../../Engine/Content/EditorResources/SequenceRecorder/RecordingIndicator.uasset" 100
"../../../Engine/Content/EditorResources/SequenceRecorder/RecordingIndicator.uexp" 101
"../../../Engine/Content/EngineDamageTypes/DmgTypeBP_Environmental.uasset" 102
"../../../Engine/Content/EngineDamageTypes/DmgTypeBP_Environmental.uexp" 103
"../../../Engine/Content/EngineDebugMaterials/DebugEditorMaterial.uasset" 104
"../../../Engine/Content/EngineDebugMaterials/DebugEditorMaterial.uexp" 105
"../../../Engine/Content/EngineDebugMaterials/DebugMeshMaterial.uasset" 106
"../../../Engine/Content/EngineDebugMaterials/DebugMeshMaterial.uexp" 107
"../../../Engine/Content/EngineDebugMaterials/M_SimpleUnlitTranslucent.uasset" 108
"../../../Engine/Content/EngineDebugMaterials/M_SimpleUnlitTranslucent.uexp" 109
"../../../Engine/Content/EngineDebugMaterials/VolumeToRender.uasset" 110
"../../../Engine/Content/EngineDebugMaterials/VolumeToRender.uexp" 111
"../../../Engine/Content/Functions/Engine_MaterialFunctions02/Utility/CameraDirectionVector.uasset" 112
"../../../Engine/Content/Functions/Engine_MaterialFunctions02/Utility/CameraDirectionVector.uexp" 113
"../../../Engine/Content/EngineDebugMaterials/M_VolumeRenderSphereTracePP.uasset" 114
"../../../Engine/Content/EngineDebugMaterials/M_VolumeRenderSphereTracePP.uexp" 115
"../../../Engine/Content/Functions/Engine_MaterialFunctions01/Shading/ConvertFromDiffSpec.uasset" 116
"../../../Engine/Content/Functions/Engine_MaterialFunctions01/Shading/ConvertFromDiffSpec.uexp" 117
"../../../Engine/Content/EngineDebugMaterials/VertexColorMaterial.uasset" 118
"../../../Engine/Content/EngineDebugMaterials/VertexColorMaterial.uexp" 119
"../../../Engine/Content/EngineDebugMaterials/WireframeMaterial.uasset" 120
"../../../Engine/Content/EngineDebugMaterials/WireframeMaterial.uexp" 121
"../../../Engine/Content/EngineFonts/Faces/RobotoRegular.uasset" 122
"../../../Engine/Content/EngineFonts/Faces/RobotoRegular.uexp" 123
"../../../Engine/Content/EngineFonts/Faces/RobotoRegular.ufont" 124
"../../../Engine/Content/EngineFonts/Faces/RobotoLight.uasset" 125
"../../../Engine/Content/EngineFonts/Faces/RobotoLight.uexp" 126
"../../../Engine/Content/EngineFonts/Faces/RobotoLight.ufont" 127
"../../../Engine/Content/EngineFonts/Faces/RobotoItalic.uasset" 128
"../../../Engine/Content/EngineFonts/Faces/RobotoItalic.uexp" 129
"../../../Engine/Content/EngineFonts/Faces/RobotoItalic.ufont" 130
"../../../Engine/Content/EngineFonts/Faces/RobotoBoldItalic.uasset" 131
"../../../Engine/Content/EngineFonts/Faces/RobotoBoldItalic.uexp" 132
"../../../Engine/Content/EngineFonts/Faces/RobotoBoldItalic.ufont" 133
"../../../Engine/Content/EngineFonts/Faces/RobotoBold.uasset" 134
"../../../Engine/Content/EngineFonts/Faces/RobotoBold.uexp" 135
"../../../Engine/Content/EngineFonts/Faces/RobotoBold.ufont" 136
"../../../Engine/Content/EngineFonts/Faces/DroidSansFallback.uasset" 137
"../../../Engine/Content/EngineFonts/Faces/DroidSansFallback.uexp" 138
"../../../Engine/Content/EngineFonts/Faces/DroidSansFallback.ufont" 139
"../../../Engine/Content/EngineFonts/Roboto.uasset" 140
"../../../Engine/Content/EngineFonts/Roboto.uexp" 141
"../../../Engine/Content/EngineMaterials/BaseFlattenNormalMap.uasset" 142
"../../../Engine/Content/EngineMaterials/BaseFlattenNormalMap.uexp" 143
"../../../Engine/Content/EngineMaterials/BaseFlattenGrayscaleMap.uasset" 144
"../../../Engine/Content/EngineMaterials/BaseFlattenGrayscaleMap.uexp" 145
"../../../Engine/Content/EngineMaterials/BaseFlattenEmissiveMap.uasset" 146
"../../../Engine/Content/EngineMaterials/BaseFlattenEmissiveMap.uexp" 147
"../../../Engine/Content/EngineMaterials/BaseFlattenDiffuseMap.uasset" 148
"../../../Engine/Content/EngineMaterials/BaseFlattenDiffuseMap.uexp" 149
"../../../Engine/Content/EngineMaterials/BaseFlattenMaterial.uasset" 150
"../../../Engine/Content/EngineMaterials/BaseFlattenMaterial.uexp" 151
"../../../Engine/Content/EngineMaterials/BlueNoise.uasset" 152
"../../../Engine/Content/EngineMaterials/BlueNoise.uexp" 153
"../../../Engine/Content/EngineMaterials/DefaultBloomKernel.uasset" 154
"../../../Engine/Content/EngineMaterials/DefaultBloomKernel.uexp" 155
"../../../Engine/Content/EngineMaterials/DefaultBokeh.uasset" 156
"../../../Engine/Content/EngineMaterials/DefaultBokeh.uexp" 157
"../../../Engine/Content/EngineMaterials/DefaultDiffuse.uasset" 158
"../../../Engine/Content/EngineMaterials/DefaultDiffuse.uexp" 159
"../../../Engine/Content/EngineMaterials/DefaultDiffuse.ubulk" 160
"../../../Engine/Content/EngineMaterials/DefaultDeferredDecalMaterial.uasset" 161
"../../../Engine/Content/EngineMaterials/DefaultDeferredDecalMaterial.uexp" 162
"../../../Engine/Content/EngineMaterials/DefaultLightFunctionMaterial.uasset" 163
"../../../Engine/Content/EngineMaterials/DefaultLightFunctionMaterial.uexp" 164
"../../../Engine/Content/EngineMaterials/DefaultPhysicalMaterial.uasset" 165
"../../../Engine/Content/EngineMaterials/DefaultPhysicalMaterial.uexp" 166
"../../../Engine/Content/Functions/Engine_MaterialFunctions02/Utility/BreakOutFloat2Components.uasset" 167
"../../../Engine/Content/Functions/Engine_MaterialFunctions02/Utility/BreakOutFloat2Components.uexp" 168
"../../../Engine/Content/EngineMaterials/DefaultPostProcessMaterial.uasset" 169
"../../../Engine/Content/EngineMaterials/DefaultPostProcessMaterial.uexp" 170
"../../../Engine/Content/EngineFonts/RobotoDistanceField.uasset" 171
"../../../Engine/Content/EngineFonts/RobotoDistanceField.uexp" 172
"../../../Engine/Content/EngineMaterials/DefaultTextMaterialOpaque.uasset" 173
"../../../Engine/Content/EngineMaterials/DefaultTextMaterialOpaque.uexp" 174
"../../../Engine/Content/EngineMaterials/DefaultWhiteGrid.uasset" 175
"../../../Engine/Content/EngineMaterials/DefaultWhiteGrid.uexp" 176
"../../../Engine/Content/EngineMaterials/DefaultWhiteGrid.ubulk" 177
"../../../Engine/Content/EngineMaterials/DefaultWhiteGrid_Low.uasset" 178
"../../../Engine/Content/EngineMaterials/DefaultWhiteGrid_Low.uexp" 179
"../../../Engine/Content/EngineMaterials/EmissiveMeshMaterial.uasset" 180
"../../../Engine/Content/EngineMaterials/EmissiveMeshMaterial.uexp" 181
"../../../Engine/Content/EngineMaterials/GizmoMaterial.uasset" 182
"../../../Engine/Content/EngineMaterials/GizmoMaterial.uexp" 183
"../../../Engine/Content/EngineMaterials/Good64x64TilingNoiseHighFreq.uasset" 184
"../../../Engine/Content/EngineMaterials/Good64x64TilingNoiseHighFreq.uexp" 185
"../../../Engine/Content/EngineMaterials/MiniFont.uasset" 186
"../../../Engine/Content/EngineMaterials/MiniFont.uexp" 187
"../../../Engine/Content/EngineMaterials/InvalidLightmapSettings.uasset" 188
"../../../Engine/Content/EngineMaterials/InvalidLightmapSettings.uexp" 189
"../../../Engine/Content/EngineMaterials/InvalidLightmapSettings.ubulk" 190
"../../../Engine/Content/EngineMaterials/M_InvalidLightmapSettings.uasset" 191
"../../../Engine/Content/EngineMaterials/M_InvalidLightmapSettings.uexp" 192
"../../../Engine/Content/Functions/Engine_MaterialFunctions02/WorldPositionOffset/CameraOffset.uasset" 193
"../../../Engine/Content/Functions/Engine_MaterialFunctions02/WorldPositionOffset/CameraOffset.uexp" 194
"../../../Engine/Content/EngineMaterials/PhAT_JointLimitMaterial.uasset" 195
"../../../Engine/Content/EngineMaterials/PhAT_JointLimitMaterial.uexp" 196
"../../../Engine/Content/EngineMaterials/DefaultCalibrationColor.uasset" 197
"../../../Engine/Content/EngineMaterials/DefaultCalibrationColor.uexp" 198
"../../../Engine/Content/EngineMaterials/PPM_DefaultCalibrationColor.uasset" 199
"../../../Engine/Content/EngineMaterials/PPM_DefaultCalibrationColor.uexp" 200
"../../../Engine/Content/EngineMaterials/DefaultCalibrationGrayscale.uasset" 201
"../../../Engine/Content/EngineMaterials/DefaultCalibrationGrayscale.uexp" 202
"../../../Engine/Content/EngineMaterials/PPM_DefaultCalibrationGrayscale.uasset" 203
"../../../Engine/Content/EngineMaterials/PPM_DefaultCalibrationGrayscale.uexp" 204
"../../../Engine/Content/EngineMaterials/PreintegratedSkinBRDF.uasset" 205
"../../../Engine/Content/EngineMaterials/PreintegratedSkinBRDF.uexp" 206
"../../../Engine/Content/EngineMaterials/RemoveSurfaceMaterial.uasset" 207
"../../../Engine/Content/EngineMaterials/RemoveSurfaceMaterial.uexp" 208
"../../../Engine/Content/EngineMaterials/WeightMapPlaceholderTexture.uasset" 209
"../../../Engine/Content/EngineMaterials/WeightMapPlaceholderTexture.uexp" 210
"../../../Engine/Content/EngineResources/WhiteSquareTexture.uasset" 211
"../../../Engine/Content/EngineResources/WhiteSquareTexture.uexp" 212
"../../../Engine/Content/EngineMaterials/Widget3DPassThrough.uasset" 213
"../../../Engine/Content/EngineMaterials/Widget3DPassThrough.uexp" 214
"../../../Engine/Content/EngineMaterials/Widget3DPassThrough_Masked.uasset" 215
"../../../Engine/Content/EngineMaterials/Widget3DPassThrough_Masked.uexp" 216
"../../../Engine/Content/EngineMaterials/Widget3DPassThrough_Opaque.uasset" 217
"../../../Engine/Content/EngineMaterials/Widget3DPassThrough_Opaque.uexp" 218
"../../../Engine/Content/EngineMaterials/Widget3DPassThrough_Masked_OneSided.uasset" 219
"../../../Engine/Content/EngineMaterials/Widget3DPassThrough_Masked_OneSided.uexp" 220
"../../../Engine/Content/EngineMaterials/Widget3DPassThrough_Opaque_OneSided.uasset" 221
"../../../Engine/Content/EngineMaterials/Widget3DPassThrough_Opaque_OneSided.uexp" 222
"../../../Engine/Content/EngineMaterials/Widget3DPassThrough_Translucent.uasset" 223
"../../../Engine/Content/EngineMaterials/Widget3DPassThrough_Translucent.uexp" 224
"../../../Engine/Content/EngineMaterials/Widget3DPassThrough_Translucent_OneSided.uasset" 225
"../../../Engine/Content/EngineMaterials/Widget3DPassThrough_Translucent_OneSided.uexp" 226
"../../../Engine/Content/EngineMeshes/Cube.uasset" 227
"../../../Engine/Content/EngineMeshes/Cube.uexp" 228
"../../../Engine/Content/EngineMeshes/Cylinder.uasset" 229
"../../../Engine/Content/EngineMeshes/Cylinder.uexp" 230
"../../../Engine/Content/EngineMeshes/Sphere.uasset" 231
"../../../Engine/Content/EngineMeshes/Sphere.uexp" 232
"../../../Engine/Content/EngineResources/DefaultTexture.uasset" 233
"../../../Engine/Content/EngineResources/DefaultTexture.uexp" 234
"../../../Engine/Content/EngineResources/DefaultTexture.ubulk" 235
"../../../Engine/Content/EngineResources/DefaultTextureCube.uasset" 236
"../../../Engine/Content/EngineResources/DefaultTextureCube.uexp" 237
"../../../Engine/Content/EngineResources/DefaultVolumeTexture2D.uasset" 238
"../../../Engine/Content/EngineResources/DefaultVolumeTexture2D.uexp" 239
"../../../Engine/Content/EngineResources/DefaultVolumeTexture.uasset" 240
"../../../Engine/Content/EngineResources/DefaultVolumeTexture.uexp" 241
"../../../Engine/Content/EngineResources/GradientTexture0.uasset" 242
"../../../Engine/Content/EngineResources/GradientTexture0.uexp" 243
"../../../Engine/Content/EngineSky/VolumetricClouds/T_NoiseShape64.uasset" 244
"../../../Engine/Content/EngineSky/VolumetricClouds/T_NoiseShape64.uexp" 245
"../../../Engine/Content/EngineSky/VolumetricClouds/T_NoiseShape64.ubulk" 246
"../../../Engine/Content/EngineSky/VolumetricClouds/T_VolumeNoiseShape64.uasset" 247
"../../../Engine/Content/EngineSky/VolumetricClouds/T_VolumeNoiseShape64.uexp" 248
"../../../Engine/Content/EngineSky/VolumetricClouds/T_NoiseErosion.uasset" 249
"../../../Engine/Content/EngineSky/VolumetricClouds/T_NoiseErosion.uexp" 250
"../../../Engine/Content/EngineSky/VolumetricClouds/T_NoiseErosion.ubulk" 251
"../../../Engine/Content/EngineSky/VolumetricClouds/T_VolumeNoiseErosion32.uasset" 252
"../../../Engine/Content/EngineSky/VolumetricClouds/T_VolumeNoiseErosion32.uexp" 253
"../../../Engine/Content/EngineSky/VolumetricClouds/CloudWeatherTexture.uasset" 254
"../../../Engine/Content/EngineSky/VolumetricClouds/CloudWeatherTexture.uexp" 255
"../../../Engine/Content/EngineSky/VolumetricClouds/CloudGradientTexture.uasset" 256
"../../../Engine/Content/EngineSky/VolumetricClouds/CloudGradientTexture.uexp" 257
"../../../Engine/Content/Functions/Engine_MaterialFunctions02/Utility/MakeFloat2.uasset" 258
"../../../Engine/Content/Functions/Engine_MaterialFunctions02/Utility/MakeFloat2.uexp" 259
"../../../Engine/Content/EngineSky/VolumetricClouds/m_SimpleVolumetricCloud.uasset" 260
"../../../Engine/Content/EngineSky/VolumetricClouds/m_SimpleVolumetricCloud.uexp" 261
"../../../Engine/Content/EngineSky/VolumetricClouds/m_SimpleVolumetricCloud_Inst.uasset" 262
"../../../Engine/Content/EngineSky/VolumetricClouds/m_SimpleVolumetricCloud_Inst.uexp" 263
"../../../Engine/Content/EngineSounds/Master.uasset" 264
"../../../Engine/Content/EngineSounds/Master.uexp" 265
"../../../Engine/Content/Functions/Engine_MaterialFunctions01/Shading/PowerToRoughness.uasset" 266
"../../../Engine/Content/Functions/Engine_MaterialFunctions01/Shading/PowerToRoughness.uexp" 267
"../../../Engine/Content/Maps/Templates/Thumbnails/Default.uasset" 268
"../../../Engine/Content/Maps/Templates/Thumbnails/Default.uexp" 269
"../../../Engine/Content/Maps/Templates/Thumbnails/TimeOfDay.uasset" 270
"../../../Engine/Content/Maps/Templates/Thumbnails/TimeOfDay.uexp" 271
"../../../Engine/Content/Maps/Templates/Thumbnails/VR-Basic.uasset" 272
"../../../Engine/Content/Maps/Templates/Thumbnails/VR-Basic.uexp" 273
"../../../Engine/Content/MobileResources/T_MobileControls_texture.uasset" 274
"../../../Engine/Content/MobileResources/T_MobileControls_texture.uexp" 275
"../../../Engine/Content/MobileResources/T_MobileMenu2.uasset" 276
"../../../Engine/Content/MobileResources/T_MobileMenu2.uexp" 277
"../../../Engine/Content/MobileResources/HUD/AnalogHat.uasset" 278
"../../../Engine/Content/MobileResources/HUD/AnalogHat.uexp" 279
"../../../Engine/Content/MobileResources/HUD/VirtualJoystick_Thumb.uasset" 280
"../../../Engine/Content/MobileResources/HUD/VirtualJoystick_Thumb.uexp" 281
"../../../Engine/Content/MobileResources/HUD/VirtualJoystick_Background.uasset" 282
"../../../Engine/Content/MobileResources/HUD/VirtualJoystick_Background.uexp" 283
"../../../Engine/Content/MobileResources/HUD/DefaultVirtualJoysticks.uasset" 284
"../../../Engine/Content/MobileResources/HUD/DefaultVirtualJoysticks.uexp" 285
"../../../Engine/Content/MobileResources/HUD/LeftVirtualJoystickOnly.uasset" 286
"../../../Engine/Content/MobileResources/HUD/LeftVirtualJoystickOnly.uexp" 287
"../../../Engine/Content/MobileResources/HUD/MobileHUDButton1_off.uasset" 288
"../../../Engine/Content/MobileResources/HUD/MobileHUDButton1_off.uexp" 289
"../../../Engine/Content/MobileResources/HUD/MobileHUDButton1_on.uasset" 290
"../../../Engine/Content/MobileResources/HUD/MobileHUDButton1_on.uexp" 291
"../../../Engine/Content/MobileResources/HUD/MobileHUDButton2_off.uasset" 292
"../../../Engine/Content/MobileResources/HUD/MobileHUDButton2_off.uexp" 293
"../../../Engine/Content/MobileResources/HUD/MobileHUDButton2_on.uasset" 294
"../../../Engine/Content/MobileResources/HUD/MobileHUDButton2_on.uexp" 295
"../../../Engine/Content/MobileResources/HUD/MobileHUDButton3.uasset" 296
"../../../Engine/Content/MobileResources/HUD/MobileHUDButton3.uexp" 297
"../../../Engine/Content/MobileResources/HUD/MobileHUDButtonFire.uasset" 298
"../../../Engine/Content/MobileResources/HUD/MobileHUDButtonFire.uexp" 299
"../../../Engine/Content/MobileResources/HUD/MobileHUDDirectionPad.uasset" 300
"../../../Engine/Content/MobileResources/HUD/MobileHUDDirectionPad.uexp" 301
"../../../Engine/Content/MobileResources/HUD/MobileHUDDirectionPad2.uasset" 302
"../../../Engine/Content/MobileResources/HUD/MobileHUDDirectionPad2.uexp" 303
"../../../Engine/Content/MobileResources/HUD/MobileHUDDirectionPad3.uasset" 304
"../../../Engine/Content/MobileResources/HUD/MobileHUDDirectionPad3.uexp" 305
"../../../Engine/Content/MobileResources/HUD/MobileHUDDirectionStick.uasset" 306
"../../../Engine/Content/MobileResources/HUD/MobileHUDDirectionStick.uexp" 307
"../../../Engine/Content/MobileResources/HUD/T_Castle_ThumbstickInner.uasset" 308
"../../../Engine/Content/MobileResources/HUD/T_Castle_ThumbstickInner.uexp" 309
"../../../Engine/Content/MobileResources/HUD/T_Castle_ThumbstickOutter.uasset" 310
"../../../Engine/Content/MobileResources/HUD/T_Castle_ThumbstickOutter.uexp" 311
"../../../Engine/Content/Tutorial/ContentIntroCurve.uasset" 312
"../../../Engine/Content/Tutorial/ContentIntroCurve.uexp" 313
"../../../Engine/Content/Tutorial/Basics/TutorialAssets/icon_tab_Levels_40x.uasset" 314
"../../../Engine/Content/Tutorial/Basics/TutorialAssets/icon_tab_Levels_40x.uexp" 315
"../../../Engine/Content/Tutorial/BlueprintTutorials/TutorialAssets/Blueprint_64x.uasset" 316
"../../../Engine/Content/Tutorial/BlueprintTutorials/TutorialAssets/Blueprint_64x.uexp" 317
"../../../Engine/Content/Tutorial/SubEditors/TutorialAssets/TutorialMaterial.uasset" 318
"../../../Engine/Content/Tutorial/SubEditors/TutorialAssets/TutorialMaterial.uexp" 319
"../../../Engine/Content/VREditor/TransformGizmo/TranslucentTransformGizmoMaterial.uasset" 320
"../../../Engine/Content/VREditor/TransformGizmo/TranslucentTransformGizmoMaterial.uexp" 321
"../../../Engine/Content/VREditor/LaserPointer/VR_LaserPower_01.uasset" 322
"../../../Engine/Content/VREditor/LaserPointer/VR_LaserPower_01.uexp" 323
"../../../Engine/Content/VREditor/LaserPointer/VR_LaserPower_01.ubulk" 324
"../../../Engine/Content/VREditor/TransformGizmo/TransformGizmoMaterial.uasset" 325
"../../../Engine/Content/VREditor/TransformGizmo/TransformGizmoMaterial.uexp" 326
"../../../Engine/Content/VREditor/TransformGizmo/BoundingBoxCorner.uasset" 327
"../../../Engine/Content/VREditor/TransformGizmo/BoundingBoxCorner.uexp" 328
"../../../Engine/Content/VREditor/TransformGizmo/BoundingBoxEdge.uasset" 329
"../../../Engine/Content/VREditor/TransformGizmo/BoundingBoxEdge.uexp" 330
"../../../Engine/Content/VREditor/TransformGizmo/PlaneTranslationHandle.uasset" 331
"../../../Engine/Content/VREditor/TransformGizmo/PlaneTranslationHandle.uexp" 332
"../../../Engine/Content/VREditor/TransformGizmo/Xray.uasset" 333
"../../../Engine/Content/VREditor/TransformGizmo/Xray.uexp" 334
"../../../Engine/Content/VREditor/TransformGizmo/Main.uasset" 335
"../../../Engine/Content/VREditor/TransformGizmo/Main.uexp" 336
"../../../Engine/Content/VREditor/TransformGizmo/SM_Sequencer_Key.uasset" 337
"../../../Engine/Content/VREditor/TransformGizmo/SM_Sequencer_Key.uexp" 338
"../../../Engine/Content/VREditor/TransformGizmo/SM_Sequencer_Node.uasset" 339
"../../../Engine/Content/VREditor/TransformGizmo/SM_Sequencer_Node.uexp" 340
"../../../Engine/Plugins/2D/Paper2D/Content/PlaceholderTextures/DummySpriteTexture.uasset" 341
"../../../Engine/Plugins/2D/Paper2D/Content/PlaceholderTextures/DummySpriteTexture.uexp" 342
"../../../Engine/Plugins/2D/Paper2D/Content/PlaceholderTextures/DummySpriteTexture.ubulk" 343
"../../../Engine/Plugins/2D/Paper2D/Content/DummySprite.uasset" 344
"../../../Engine/Plugins/2D/Paper2D/Content/DummySprite.uexp" 345
"../../../Engine/Plugins/2D/Paper2D/Content/DefaultPaperTerrainMaterial.uasset" 346
"../../../Engine/Plugins/2D/Paper2D/Content/DefaultPaperTerrainMaterial.uexp" 347
"../../../Engine/Plugins/2D/Paper2D/Content/DefaultSpriteMaterial.uasset" 348
"../../../Engine/Plugins/2D/Paper2D/Content/DefaultSpriteMaterial.uexp" 349
"../../../Engine/Plugins/2D/Paper2D/Content/MaskedUnlitSpriteMaterial.uasset" 350
"../../../Engine/Plugins/2D/Paper2D/Content/MaskedUnlitSpriteMaterial.uexp" 351
"../../../Engine/Plugins/2D/Paper2D/Content/OpaqueUnlitSpriteMaterial.uasset" 352
"../../../Engine/Plugins/2D/Paper2D/Content/OpaqueUnlitSpriteMaterial.uexp" 353
"../../../Engine/Content/Functions/Engine_MaterialFunctions02/Utility/VectorLength.uasset" 354
"../../../Engine/Content/Functions/Engine_MaterialFunctions02/Utility/VectorLength.uexp" 355
"../../../Engine/Content/Functions/Engine_MaterialFunctions02/ObjectLocalBounds.uasset" 356
"../../../Engine/Content/Functions/Engine_MaterialFunctions02/ObjectLocalBounds.uexp" 357
"../../../Engine/Content/Functions/Engine_MaterialFunctions02/WorldPositionOffset/ObjectScale.uasset" 358
"../../../Engine/Content/Functions/Engine_MaterialFunctions02/WorldPositionOffset/ObjectScale.uexp" 359
"../../../Engine/Content/Functions/Engine_MaterialFunctions02/Utility/BreakOutFloat3Components.uasset" 360
"../../../Engine/Content/Functions/Engine_MaterialFunctions02/Utility/BreakOutFloat3Components.uexp" 361
"../../../Engine/Plugins/Editor/SpeedTreeImporter/Content/SpeedTree9/UnpackInteger3.uasset" 362
"../../../Engine/Plugins/Editor/SpeedTreeImporter/Content/SpeedTree9/UnpackInteger3.uexp" 363
"../../../Engine/Plugins/Editor/SpeedTreeImporter/Content/SpeedTree9/UnpackDirection.uasset" 364
"../../../Engine/Plugins/Editor/SpeedTreeImporter/Content/SpeedTree9/UnpackDirection.uexp" 365
"../../../Engine/Plugins/Editor/SpeedTreeImporter/Content/SpeedTree9/game_wind_noise.uasset" 366
"../../../Engine/Plugins/Editor/SpeedTreeImporter/Content/SpeedTree9/game_wind_noise.uexp" 367
"../../../Engine/Plugins/Editor/SpeedTreeImporter/Content/SpeedTree9/game_wind_noise.ubulk" 368
"../../../Engine/Content/Functions/Engine_MaterialFunctions02/SafeNormalize.uasset" 369
"../../../Engine/Content/Functions/Engine_MaterialFunctions02/SafeNormalize.uexp" 370
"../../../Engine/Plugins/Editor/SpeedTreeImporter/Content/SpeedTree9/SpeedTreeWindMotion.uasset" 371
"../../../Engine/Plugins/Editor/SpeedTreeImporter/Content/SpeedTree9/SpeedTreeWindMotion.uexp" 372
"../../../Engine/Plugins/Editor/SpeedTreeImporter/Content/SpeedTree9/SpeedTreeBranchMotion.uasset" 373
"../../../Engine/Plugins/Editor/SpeedTreeImporter/Content/SpeedTree9/SpeedTreeBranchMotion.uexp" 374
"../../../Engine/Content/Functions/Engine_MaterialFunctions02/UVs/BoundingBoxBased_0-1_UVW.uasset" 375
"../../../Engine/Content/Functions/Engine_MaterialFunctions02/UVs/BoundingBoxBased_0-1_UVW.uexp" 376
"../../../Engine/Plugins/Editor/SpeedTreeImporter/Content/SpeedTree9/SpeedTreeWind.uasset" 377
"../../../Engine/Plugins/Editor/SpeedTreeImporter/Content/SpeedTree9/SpeedTreeWind.uexp" 378
"../../../Engine/Plugins/Editor/SpeedTreeImporter/Content/SpeedTree9/SpeedTreeBillboard.uasset" 379
"../../../Engine/Plugins/Editor/SpeedTreeImporter/Content/SpeedTree9/SpeedTreeBillboard.uexp" 380
"../../../Engine/Plugins/Editor/SpeedTreeImporter/Content/SpeedTree9/EmptyNormal.uasset" 381
"../../../Engine/Plugins/Editor/SpeedTreeImporter/Content/SpeedTree9/EmptyNormal.uexp" 382
"../../../Engine/Plugins/Editor/SpeedTreeImporter/Content/SpeedTree9/Empty.uasset" 383
"../../../Engine/Plugins/Editor/SpeedTreeImporter/Content/SpeedTree9/Empty.uexp" 384
"../../../Engine/Plugins/Editor/SpeedTreeImporter/Content/SpeedTree9/SpeedTreeBillboardMaster.uasset" 385
"../../../Engine/Plugins/Editor/SpeedTreeImporter/Content/SpeedTree9/SpeedTreeBillboardMaster.uexp" 386
"../../../Engine/Plugins/Editor/SpeedTreeImporter/Content/SpeedTree9/SpeedTreeCameraFacing.uasset" 387
"../../../Engine/Plugins/Editor/SpeedTreeImporter/Content/SpeedTree9/SpeedTreeCameraFacing.uexp" 388
"../../../Engine/Plugins/Editor/SpeedTreeImporter/Content/SpeedTree9/SpeedTreeMaster.uasset" 389
"../../../Engine/Plugins/Editor/SpeedTreeImporter/Content/SpeedTree9/SpeedTreeMaster.uexp" 390
"../../../Engine/Content/ArtTools/RenderToTexture/Materials/Debug/M_Emissive_Color.uasset" 391
"../../../Engine/Content/ArtTools/RenderToTexture/Materials/Debug/M_Emissive_Color.uexp" 392
"../../../Engine/Content/BasicShapes/Cylinder.uasset" 393
"../../../Engine/Content/BasicShapes/Cylinder.uexp" 394
"../../../Engine/Plugins/Lumin/MagicLeapPassableWorld/Content/MagicLeapARPinInfoActor.uasset" 395
"../../../Engine/Plugins/Lumin/MagicLeapPassableWorld/Content/MagicLeapARPinInfoActor.uexp" 396
"../../../Engine/Plugins/Runtime/OpenXR/Content/Devices/GoogleDaydream/MRTexture.uasset" 397
"../../../Engine/Plugins/Runtime/OpenXR/Content/Devices/GoogleDaydream/MRTexture.uexp" 398
"../../../Engine/Plugins/Runtime/OpenXR/Content/Devices/GoogleDaydream/MRTexture.ubulk" 399
"../../../Engine/Plugins/Runtime/OpenXR/Content/Devices/GoogleDaydream/BaseTexture.uasset" 400
"../../../Engine/Plugins/Runtime/OpenXR/Content/Devices/GoogleDaydream/BaseTexture.uexp" 401
"../../../Engine/Plugins/Runtime/OpenXR/Content/Devices/GoogleDaydream/BaseTexture.ubulk" 402
"../../../Engine/Content/EngineResources/Black.uasset" 403
"../../../Engine/Content/EngineResources/Black.uexp" 404
"../../../Engine/Plugins/Runtime/OpenXR/Content/Devices/M_XRController.uasset" 405
"../../../Engine/Plugins/Runtime/OpenXR/Content/Devices/M_XRController.uexp" 406
"../../../Engine/Plugins/Runtime/OpenXR/Content/Devices/GoogleDaydream/MI_GoogleDaydream.uasset" 407
"../../../Engine/Plugins/Runtime/OpenXR/Content/Devices/GoogleDaydream/MI_GoogleDaydream.uexp" 408
"../../../Engine/Plugins/Runtime/OpenXR/Content/Devices/GoogleDaydream/GoogleDaydreamController.uasset" 409
"../../../Engine/Plugins/Runtime/OpenXR/Content/Devices/GoogleDaydream/GoogleDaydreamController.uexp" 410
"../../../Engine/Plugins/Runtime/OpenXR/Content/Devices/HTCVive/BaseTexture.uasset" 411
"../../../Engine/Plugins/Runtime/OpenXR/Content/Devices/HTCVive/BaseTexture.uexp" 412
"../../../Engine/Plugins/Runtime/OpenXR/Content/Devices/HTCVive/BaseTexture.ubulk" 413
"../../../Engine/Plugins/Runtime/OpenXR/Content/Devices/HTCVive/MI_HTCVive.uasset" 414
"../../../Engine/Plugins/Runtime/OpenXR/Content/Devices/HTCVive/MI_HTCVive.uexp" 415
"../../../Engine/Plugins/Runtime/OpenXR/Content/Devices/HTCVive/HTCViveController.uasset" 416
"../../../Engine/Plugins/Runtime/OpenXR/Content/Devices/HTCVive/HTCViveController.uexp" 417
"../../../Engine/Plugins/Runtime/OpenXR/Content/Devices/MicrosoftMixedReality/NormalTexture.uasset" 418
"../../../Engine/Plugins/Runtime/OpenXR/Content/Devices/MicrosoftMixedReality/NormalTexture.uexp" 419
"../../../Engine/Plugins/Runtime/OpenXR/Content/Devices/MicrosoftMixedReality/NormalTexture.ubulk" 420
"../../../Engine/Plugins/Runtime/OpenXR/Content/Devices/MicrosoftMixedReality/MRTexture.uasset" 421
"../../../Engine/Plugins/Runtime/OpenXR/Content/Devices/MicrosoftMixedReality/MRTexture.uexp" 422
"../../../Engine/Plugins/Runtime/OpenXR/Content/Devices/MicrosoftMixedReality/MRTexture.ubulk" 423
"../../../Engine/Plugins/Runtime/OpenXR/Content/Devices/MicrosoftMixedReality/EmissiveTexture.uasset" 424
"../../../Engine/Plugins/Runtime/OpenXR/Content/Devices/MicrosoftMixedReality/EmissiveTexture.uexp" 425
"../../../Engine/Plugins/Runtime/OpenXR/Content/Devices/MicrosoftMixedReality/EmissiveTexture.ubulk" 426
"../../../Engine/Plugins/Runtime/OpenXR/Content/Devices/MicrosoftMixedReality/BaseTexture.uasset" 427
"../../../Engine/Plugins/Runtime/OpenXR/Content/Devices/MicrosoftMixedReality/BaseTexture.uexp" 428
"../../../Engine/Plugins/Runtime/OpenXR/Content/Devices/MicrosoftMixedReality/BaseTexture.ubulk" 429
"../../../Engine/Plugins/Runtime/OpenXR/Content/Devices/MicrosoftMixedReality/MI_MicrosoftMixedReality.uasset" 430
"../../../Engine/Plugins/Runtime/OpenXR/Content/Devices/MicrosoftMixedReality/MI_MicrosoftMixedReality.uexp" 431
"../../../Engine/Plugins/Runtime/OpenXR/Content/Devices/MicrosoftMixedReality/Left/left_MicrosoftMixedRealityController.uasset" 432
"../../../Engine/Plugins/Runtime/OpenXR/Content/Devices/MicrosoftMixedReality/Left/left_MicrosoftMixedRealityController.uexp" 433
"../../../Engine/Plugins/Runtime/OpenXR/Content/Devices/MicrosoftMixedReality/Right/right_MicrosoftMixedRealityController.uasset" 434
"../../../Engine/Plugins/Runtime/OpenXR/Content/Devices/MicrosoftMixedReality/Right/right_MicrosoftMixedRealityController.uexp" 435
"../../../Engine/Plugins/Runtime/OpenXR/Content/Devices/OculusGo/BaseTexture.uasset" 436
"../../../Engine/Plugins/Runtime/OpenXR/Content/Devices/OculusGo/BaseTexture.uexp" 437
"../../../Engine/Plugins/Runtime/OpenXR/Content/Devices/OculusGo/BaseTexture.ubulk" 438
"../../../Engine/Plugins/Runtime/OpenXR/Content/Devices/OculusGo/MI_OculusGo.uasset" 439
"../../../Engine/Plugins/Runtime/OpenXR/Content/Devices/OculusGo/MI_OculusGo.uexp" 440
"../../../Engine/Plugins/Runtime/OpenXR/Content/Devices/OculusGo/OculusGoController.uasset" 441
"../../../Engine/Plugins/Runtime/OpenXR/Content/Devices/OculusGo/OculusGoController.uexp" 442
"../../../Engine/Plugins/Runtime/OpenXR/Content/Devices/OculusTouch/MRTexture.uasset" 443
"../../../Engine/Plugins/Runtime/OpenXR/Content/Devices/OculusTouch/MRTexture.uexp" 444
"../../../Engine/Plugins/Runtime/OpenXR/Content/Devices/OculusTouch/MRTexture.ubulk" 445
"../../../Engine/Plugins/Runtime/OpenXR/Content/Devices/OculusTouch/BaseTexture.uasset" 446
"../../../Engine/Plugins/Runtime/OpenXR/Content/Devices/OculusTouch/BaseTexture.uexp" 447
"../../../Engine/Plugins/Runtime/OpenXR/Content/Devices/OculusTouch/BaseTexture.ubulk" 448
"../../../Engine/Plugins/Runtime/OpenXR/Content/Devices/OculusTouch/MI_OculusTouch.uasset" 449
"../../../Engine/Plugins/Runtime/OpenXR/Content/Devices/OculusTouch/MI_OculusTouch.uexp" 450
"../../../Engine/Plugins/Runtime/OpenXR/Content/Devices/OculusTouch/Left/left_OculusTouchController.uasset" 451
"../../../Engine/Plugins/Runtime/OpenXR/Content/Devices/OculusTouch/Left/left_OculusTouchController.uexp" 452
"../../../Engine/Plugins/Runtime/OpenXR/Content/Devices/OculusTouch/Right/right_OculusTouchController.uasset" 453
"../../../Engine/Plugins/Runtime/OpenXR/Content/Devices/OculusTouch/Right/right_OculusTouchController.uexp" 454
"../../../Engine/Plugins/Runtime/OpenXR/Content/Devices/OculusTouch_v2/MRTexture.uasset" 455
"../../../Engine/Plugins/Runtime/OpenXR/Content/Devices/OculusTouch_v2/MRTexture.uexp" 456
"../../../Engine/Plugins/Runtime/OpenXR/Content/Devices/OculusTouch_v2/MRTexture.ubulk" 457
"../../../Engine/Plugins/Runtime/OpenXR/Content/Devices/OculusTouch_v2/BaseTexture.uasset" 458
"../../../Engine/Plugins/Runtime/OpenXR/Content/Devices/OculusTouch_v2/BaseTexture.uexp" 459
"../../../Engine/Plugins/Runtime/OpenXR/Content/Devices/OculusTouch_v2/BaseTexture.ubulk" 460
"../../../Engine/Plugins/Runtime/OpenXR/Content/Devices/OculusTouch_v2/MI_OculusTouch_v2.uasset" 461
"../../../Engine/Plugins/Runtime/OpenXR/Content/Devices/OculusTouch_v2/MI_OculusTouch_v2.uexp" 462
"../../../Engine/Plugins/Runtime/OpenXR/Content/Devices/OculusTouch_v2/Left/left_OculusTouch_v2Controller.uasset" 463
"../../../Engine/Plugins/Runtime/OpenXR/Content/Devices/OculusTouch_v2/Left/left_OculusTouch_v2Controller.uexp" 464
"../../../Engine/Plugins/Runtime/OpenXR/Content/Devices/OculusTouch_v2/Right/right_OculusTouch_v2Controller.uasset" 465
"../../../Engine/Plugins/Runtime/OpenXR/Content/Devices/OculusTouch_v2/Right/right_OculusTouch_v2Controller.uexp" 466
"../../../Engine/Plugins/Runtime/OpenXR/Content/Devices/OculusTouch_v3/MRTexture.uasset" 467
"../../../Engine/Plugins/Runtime/OpenXR/Content/Devices/OculusTouch_v3/MRTexture.uexp" 468
"../../../Engine/Plugins/Runtime/OpenXR/Content/Devices/OculusTouch_v3/MRTexture.ubulk" 469
"../../../Engine/Plugins/Runtime/OpenXR/Content/Devices/OculusTouch_v3/BaseTexture.uasset" 470
"../../../Engine/Plugins/Runtime/OpenXR/Content/Devices/OculusTouch_v3/BaseTexture.uexp" 471
"../../../Engine/Plugins/Runtime/OpenXR/Content/Devices/OculusTouch_v3/BaseTexture.ubulk" 472
"../../../Engine/Plugins/Runtime/OpenXR/Content/Devices/OculusTouch_v3/MI_OculusTouch_v3.uasset" 473
"../../../Engine/Plugins/Runtime/OpenXR/Content/Devices/OculusTouch_v3/MI_OculusTouch_v3.uexp" 474
"../../../Engine/Plugins/Runtime/OpenXR/Content/Devices/OculusTouch_v3/Left/left_OculusTouch_v3Controller.uasset" 475
"../../../Engine/Plugins/Runtime/OpenXR/Content/Devices/OculusTouch_v3/Left/left_OculusTouch_v3Controller.uexp" 476
"../../../Engine/Plugins/Runtime/OpenXR/Content/Devices/OculusTouch_v3/Right/right_OculusTouch_v3Controller.uasset" 477
"../../../Engine/Plugins/Runtime/OpenXR/Content/Devices/OculusTouch_v3/Right/right_OculusTouch_v3Controller.uexp" 478
"../../../Engine/Plugins/Runtime/OpenXR/Content/Devices/ValveIndex/MRTexture.uasset" 479
"../../../Engine/Plugins/Runtime/OpenXR/Content/Devices/ValveIndex/MRTexture.uexp" 480
"../../../Engine/Plugins/Runtime/OpenXR/Content/Devices/ValveIndex/MRTexture.ubulk" 481
"../../../Engine/Plugins/Runtime/OpenXR/Content/Devices/ValveIndex/BaseTexture.uasset" 482
"../../../Engine/Plugins/Runtime/OpenXR/Content/Devices/ValveIndex/BaseTexture.uexp" 483
"../../../Engine/Plugins/Runtime/OpenXR/Content/Devices/ValveIndex/BaseTexture.ubulk" 484
"../../../Engine/Plugins/Runtime/OpenXR/Content/Devices/ValveIndex/Left/MI_left_ValveIndex.uasset" 485
"../../../Engine/Plugins/Runtime/OpenXR/Content/Devices/ValveIndex/Left/MI_left_ValveIndex.uexp" 486
"../../../Engine/Plugins/Runtime/OpenXR/Content/Devices/ValveIndex/Left/left_ValveIndexController.uasset" 487
"../../../Engine/Plugins/Runtime/OpenXR/Content/Devices/ValveIndex/Left/left_ValveIndexController.uexp" 488
"../../../Engine/Plugins/Runtime/OpenXR/Content/Devices/ValveIndex/Right/MI_right_ValveIndex.uasset" 489
"../../../Engine/Plugins/Runtime/OpenXR/Content/Devices/ValveIndex/Right/MI_right_ValveIndex.uexp" 490
"../../../Engine/Plugins/Runtime/OpenXR/Content/Devices/ValveIndex/Right/right_ValveIndexController.uasset" 491
"../../../Engine/Plugins/Runtime/OpenXR/Content/Devices/ValveIndex/Right/right_ValveIndexController.uexp" 492
"../../../Engine/Content/Functions/Engine_MaterialFunctions02/Utility/BreakOutFloat4Components.uasset" 493
"../../../Engine/Content/Functions/Engine_MaterialFunctions02/Utility/BreakOutFloat4Components.uexp" 494
"../../../Engine/Content/Functions/Engine_MaterialFunctions02/Utility/MakeFloat3.uasset" 495
"../../../Engine/Content/Functions/Engine_MaterialFunctions02/Utility/MakeFloat3.uexp" 496
"../../../Engine/Plugins/Runtime/Oculus/OculusVR/Content/Materials/OculusMR_ChromaKey.uasset" 497
"../../../Engine/Plugins/Runtime/Oculus/OculusVR/Content/Materials/OculusMR_ChromaKey.uexp" 498
"../../../Engine/Plugins/Runtime/Oculus/OculusVR/Content/Materials/OculusMR_OpaqueColoredMaterial.uasset" 499
"../../../Engine/Plugins/Runtime/Oculus/OculusVR/Content/Materials/OculusMR_OpaqueColoredMaterial.uexp" 500
"../../../Engine/Plugins/Runtime/Oculus/OculusVR/Content/Materials/PokeAHoleMaterial.uasset" 501
"../../../Engine/Plugins/Runtime/Oculus/OculusVR/Content/Materials/PokeAHoleMaterial.uexp" 502
"../../../Engine/Plugins/Runtime/Oculus/OculusVR/Content/Textures/touchController_controlmap.uasset" 503
"../../../Engine/Plugins/Runtime/Oculus/OculusVR/Content/Textures/touchController_controlmap.uexp" 504
"../../../Engine/Plugins/Runtime/Oculus/OculusVR/Content/Textures/touchController_controlmap.ubulk" 505
"../../../Engine/Plugins/Runtime/Oculus/OculusVR/Content/Textures/touchController_albedo.uasset" 506
"../../../Engine/Plugins/Runtime/Oculus/OculusVR/Content/Textures/touchController_albedo.uexp" 507
"../../../Engine/Plugins/Runtime/Oculus/OculusVR/Content/Textures/touchController_albedo.ubulk" 508
"../../../Engine/Plugins/Runtime/Oculus/OculusVR/Content/Materials/touchController_mat.uasset" 509
"../../../Engine/Plugins/Runtime/Oculus/OculusVR/Content/Materials/touchController_mat.uexp" 510
"../../../Engine/Plugins/Runtime/Oculus/OculusVR/Content/Meshes/LeftTouchController.uasset" 511
"../../../Engine/Plugins/Runtime/Oculus/OculusVR/Content/Meshes/LeftTouchController.uexp" 512
"../../../Engine/Plugins/Runtime/Oculus/OculusVR/Content/Textures/TouchForQuestRiftSController_albedo.uasset" 513
"../../../Engine/Plugins/Runtime/Oculus/OculusVR/Content/Textures/TouchForQuestRiftSController_albedo.uexp" 514
"../../../Engine/Plugins/Runtime/Oculus/OculusVR/Content/Textures/TouchForQuestRiftSController_albedo.ubulk" 515
"../../../Engine/Plugins/Runtime/Oculus/OculusVR/Content/Materials/TouchForQuestRiftSControllerMaterial.uasset" 516
"../../../Engine/Plugins/Runtime/Oculus/OculusVR/Content/Materials/TouchForQuestRiftSControllerMaterial.uexp" 517
"../../../Engine/Plugins/Runtime/Oculus/OculusVR/Content/Meshes/LeftTouchForQuestRiftSController.uasset" 518
"../../../Engine/Plugins/Runtime/Oculus/OculusVR/Content/Meshes/LeftTouchForQuestRiftSController.uexp" 519
"../../../Engine/Plugins/Runtime/Oculus/OculusVR/Content/Meshes/RiftHMD.uasset" 520
"../../../Engine/Plugins/Runtime/Oculus/OculusVR/Content/Meshes/RiftHMD.uexp" 521
"../../../Engine/Plugins/Runtime/Oculus/OculusVR/Content/Meshes/RightTouchController.uasset" 522
"../../../Engine/Plugins/Runtime/Oculus/OculusVR/Content/Meshes/RightTouchController.uexp" 523
"../../../Engine/Plugins/Runtime/Oculus/OculusVR/Content/Meshes/RightTouchForQuestRiftSController.uasset" 524
"../../../Engine/Plugins/Runtime/Oculus/OculusVR/Content/Meshes/RightTouchForQuestRiftSController.uexp" 525
"F:/UpSkill/Upskill/UpSkill_Prototype/Content/BluePrints/FirstPerson/Meshes/BaseMaterial.uasset" 526
"F:/UpSkill/Upskill/UpSkill_Prototype/Content/BluePrints/FirstPerson/Meshes/BaseMaterial.uexp" 527
"F:/UpSkill/Upskill/UpSkill_Prototype/Content/BlockTools/Misc/Vehicles/SM_Car.uasset" 528
"F:/UpSkill/Upskill/UpSkill_Prototype/Content/BlockTools/Misc/Vehicles/SM_Car.uexp" 529
"F:/UpSkill/Upskill/UpSkill_Prototype/Content/BluePrints/FirstPerson/Character/Mesh/SK_Mannequin_Arms_Skeleton.uasset" 530
"F:/UpSkill/Upskill/UpSkill_Prototype/Content/BluePrints/FirstPerson/Character/Mesh/SK_Mannequin_Arms_Skeleton.uexp" 531
"../../../Engine/Content/Animation/DefaultAnimBoneCompressionSettings.uasset" 532
"../../../Engine/Content/Animation/DefaultAnimBoneCompressionSettings.uexp" 533
"../../../Engine/Content/Animation/DefaultAnimCurveCompressionSettings.uasset" 534
"../../../Engine/Content/Animation/DefaultAnimCurveCompressionSettings.uexp" 535
"F:/UpSkill/Upskill/UpSkill_Prototype/Content/BluePrints/FirstPerson/Animations/FirstPerson_Idle.uasset" 536
"F:/UpSkill/Upskill/UpSkill_Prototype/Content/BluePrints/FirstPerson/Animations/FirstPerson_Idle.uexp" 537
"../../../Engine/Content/EditorBlueprintResources/StandardMacros.uasset" 538
"../../../Engine/Content/EditorBlueprintResources/StandardMacros.uexp" 539
"F:/UpSkill/Upskill/UpSkill_Prototype/Content/AnimStarterPack/UE4_Mannequin/Textures/UE4Man_Logo_N.uasset" 540
"F:/UpSkill/Upskill/UpSkill_Prototype/Content/AnimStarterPack/UE4_Mannequin/Textures/UE4Man_Logo_N.uexp" 541
"F:/UpSkill/Upskill/UpSkill_Prototype/Content/AnimStarterPack/UE4_Mannequin/Textures/UE4Man_Logo_N.ubulk" 542
"F:/UpSkill/Upskill/UpSkill_Prototype/Content/AnimStarterPack/UE4_Mannequin/Textures/UE4_Mannequin_occlusion_Mobile.uasset" 543
"F:/UpSkill/Upskill/UpSkill_Prototype/Content/AnimStarterPack/UE4_Mannequin/Textures/UE4_Mannequin_occlusion_Mobile.uexp" 544
"F:/UpSkill/Upskill/UpSkill_Prototype/Content/AnimStarterPack/UE4_Mannequin/Textures/UE4_Mannequin_occlusion_Mobile.ubulk" 545
"F:/UpSkill/Upskill/UpSkill_Prototype/Content/AnimStarterPack/UE4_Mannequin/Textures/UE4_Mannequin_MAT_MASKA.uasset" 546
"F:/UpSkill/Upskill/UpSkill_Prototype/Content/AnimStarterPack/UE4_Mannequin/Textures/UE4_Mannequin_MAT_MASKA.uexp" 547
"F:/UpSkill/Upskill/UpSkill_Prototype/Content/AnimStarterPack/UE4_Mannequin/Textures/UE4_Mannequin_MAT_MASKA.ubulk" 548
"F:/UpSkill/Upskill/UpSkill_Prototype/Content/AnimStarterPack/UE4_Mannequin/Textures/UE4_Mannequin__normals.uasset" 549
"F:/UpSkill/Upskill/UpSkill_Prototype/Content/AnimStarterPack/UE4_Mannequin/Textures/UE4_Mannequin__normals.uexp" 550
"F:/UpSkill/Upskill/UpSkill_Prototype/Content/AnimStarterPack/UE4_Mannequin/Textures/UE4_Mannequin__normals.ubulk" 551
"F:/UpSkill/Upskill/UpSkill_Prototype/Content/AnimStarterPack/UE4_Mannequin/Materials/MaterialLayers/T_ML_Aluminum01_N.uasset" 552
"F:/UpSkill/Upskill/UpSkill_Prototype/Content/AnimStarterPack/UE4_Mannequin/Materials/MaterialLayers/T_ML_Aluminum01_N.uexp" 553
"F:/UpSkill/Upskill/UpSkill_Prototype/Content/AnimStarterPack/UE4_Mannequin/Materials/MaterialLayers/T_ML_Aluminum01_N.ubulk" 554
"F:/UpSkill/Upskill/UpSkill_Prototype/Content/AnimStarterPack/UE4_Mannequin/Materials/MaterialLayers/T_ML_Aluminum01.uasset" 555
"F:/UpSkill/Upskill/UpSkill_Prototype/Content/AnimStarterPack/UE4_Mannequin/Materials/MaterialLayers/T_ML_Aluminum01.uexp" 556
"F:/UpSkill/Upskill/UpSkill_Prototype/Content/AnimStarterPack/UE4_Mannequin/Materials/MaterialLayers/T_ML_Aluminum01.ubulk" 557
"F:/UpSkill/Upskill/UpSkill_Prototype/Content/AnimStarterPack/UE4_Mannequin/Materials/MaterialLayers/ML_SoftMetal_UE4.uasset" 558
"F:/UpSkill/Upskill/UpSkill_Prototype/Content/AnimStarterPack/UE4_Mannequin/Materials/MaterialLayers/ML_SoftMetal_UE4.uexp" 559
"F:/UpSkill/Upskill/UpSkill_Prototype/Content/AnimStarterPack/UE4_Mannequin/Textures/UE4_LOGO_CARD.uasset" 560
"F:/UpSkill/Upskill/UpSkill_Prototype/Content/AnimStarterPack/UE4_Mannequin/Textures/UE4_LOGO_CARD.uexp" 561
"F:/UpSkill/Upskill/UpSkill_Prototype/Content/AnimStarterPack/UE4_Mannequin/Textures/UE4_LOGO_CARD.ubulk" 562
"F:/UpSkill/Upskill/UpSkill_Prototype/Content/AnimStarterPack/UE4_Mannequin/Materials/MaterialLayers/ML_Plastic_Shiny_Beige_LOGO.uasset" 563
"F:/UpSkill/Upskill/UpSkill_Prototype/Content/AnimStarterPack/UE4_Mannequin/Materials/MaterialLayers/ML_Plastic_Shiny_Beige_LOGO.uexp" 564
"F:/UpSkill/Upskill/UpSkill_Prototype/Content/AnimStarterPack/UE4_Mannequin/Materials/MaterialLayers/ML_Plastic_Shiny_Beige.uasset" 565
"F:/UpSkill/Upskill/UpSkill_Prototype/Content/AnimStarterPack/UE4_Mannequin/Materials/MaterialLayers/ML_Plastic_Shiny_Beige.uexp" 566
"F:/UpSkill/Upskill/UpSkill_Prototype/Content/AnimStarterPack/UE4_Mannequin/Materials/MaterialLayers/T_ML_Rubber_Blue_01_N.uasset" 567
"F:/UpSkill/Upskill/UpSkill_Prototype/Content/AnimStarterPack/UE4_Mannequin/Materials/MaterialLayers/T_ML_Rubber_Blue_01_N.uexp" 568
"F:/UpSkill/Upskill/UpSkill_Prototype/Content/AnimStarterPack/UE4_Mannequin/Materials/MaterialLayers/T_ML_Rubber_Blue_01_N.ubulk" 569
"F:/UpSkill/Upskill/UpSkill_Prototype/Content/AnimStarterPack/UE4_Mannequin/Materials/MaterialLayers/T_ML_Rubber_Blue_01_D.uasset" 570
"F:/UpSkill/Upskill/UpSkill_Prototype/Content/AnimStarterPack/UE4_Mannequin/Materials/MaterialLayers/T_ML_Rubber_Blue_01_D.uexp" 571
"F:/UpSkill/Upskill/UpSkill_Prototype/Content/AnimStarterPack/UE4_Mannequin/Materials/MaterialLayers/T_ML_Rubber_Blue_01_D.ubulk" 572
"F:/UpSkill/Upskill/UpSkill_Prototype/Content/AnimStarterPack/UE4_Mannequin/Materials/MaterialLayers/ML_GlossyBlack_Latex_UE4.uasset" 573
"F:/UpSkill/Upskill/UpSkill_Prototype/Content/AnimStarterPack/UE4_Mannequin/Materials/MaterialLayers/ML_GlossyBlack_Latex_UE4.uexp" 574
"../../../Engine/Content/Functions/MaterialLayerFunctions/MatLayerBlend_Simple.uasset" 575
"../../../Engine/Content/Functions/MaterialLayerFunctions/MatLayerBlend_Simple.uexp" 576
"../../../Engine/Content/Functions/Engine_MaterialFunctions02/Utility/BlendAngleCorrectedNormals.uasset" 577
"../../../Engine/Content/Functions/Engine_MaterialFunctions02/Utility/BlendAngleCorrectedNormals.uexp" 578
"../../../Engine/Content/Functions/MaterialLayerFunctions/MatLayerBlend_NormalBlend.uasset" 579
"../../../Engine/Content/Functions/MaterialLayerFunctions/MatLayerBlend_NormalBlend.uexp" 580
"../../../Engine/Content/Functions/MaterialLayerFunctions/MatLayerBlend_AO.uasset" 581
"../../../Engine/Content/Functions/MaterialLayerFunctions/MatLayerBlend_AO.uexp" 582
"F:/UpSkill/Upskill/UpSkill_Prototype/Content/AnimStarterPack/UE4_Mannequin/Materials/M_UE4Man_Body.uasset" 583
"F:/UpSkill/Upskill/UpSkill_Prototype/Content/AnimStarterPack/UE4_Mannequin/Materials/M_UE4Man_Body.uexp" 584
"F:/UpSkill/Upskill/UpSkill_Prototype/Content/AnimStarterPack/UE4_Mannequin/Materials/M_UE4Man_ChestLogo.uasset" 585
"F:/UpSkill/Upskill/UpSkill_Prototype/Content/AnimStarterPack/UE4_Mannequin/Materials/M_UE4Man_ChestLogo.uexp" 586
"F:/UpSkill/Upskill/UpSkill_Prototype/Content/AnimStarterPack/UE4_Mannequin/Mesh/SK_Mannequin_PhysicsAsset.uasset" 587
"F:/UpSkill/Upskill/UpSkill_Prototype/Content/AnimStarterPack/UE4_Mannequin/Mesh/SK_Mannequin_PhysicsAsset.uexp" 588
"F:/UpSkill/Upskill/UpSkill_Prototype/Content/AnimStarterPack/UE4_Mannequin/Mesh/UE4_Mannequin_Skeleton.uasset" 589
"F:/UpSkill/Upskill/UpSkill_Prototype/Content/AnimStarterPack/UE4_Mannequin/Mesh/UE4_Mannequin_Skeleton.uexp" 590
"F:/UpSkill/Upskill/UpSkill_Prototype/Content/AnimStarterPack/UE4_Mannequin/Mesh/SK_Mannequin.uasset" 591
"F:/UpSkill/Upskill/UpSkill_Prototype/Content/AnimStarterPack/UE4_Mannequin/Mesh/SK_Mannequin.uexp" 592
"F:/UpSkill/Upskill/UpSkill_Prototype/Content/AnimStarterPack/Jog_Bwd_Rifle.uasset" 593
"F:/UpSkill/Upskill/UpSkill_Prototype/Content/AnimStarterPack/Jog_Bwd_Rifle.uexp" 594
"F:/UpSkill/Upskill/UpSkill_Prototype/Content/AnimStarterPack/Jog_Fwd_Rifle.uasset" 595
"F:/UpSkill/Upskill/UpSkill_Prototype/Content/AnimStarterPack/Jog_Fwd_Rifle.uexp" 596
"F:/UpSkill/Upskill/UpSkill_Prototype/Content/AnimStarterPack/Jog_Lt_Rifle.uasset" 597
"F:/UpSkill/Upskill/UpSkill_Prototype/Content/AnimStarterPack/Jog_Lt_Rifle.uexp" 598
"F:/UpSkill/Upskill/UpSkill_Prototype/Content/AnimStarterPack/Jog_Rt_Rifle.uasset" 599
"F:/UpSkill/Upskill/UpSkill_Prototype/Content/AnimStarterPack/Jog_Rt_Rifle.uexp" 600
"F:/UpSkill/Upskill/UpSkill_Prototype/Content/AnimStarterPack/BS_Jog.uasset" 601
"F:/UpSkill/Upskill/UpSkill_Prototype/Content/AnimStarterPack/BS_Jog.uexp" 602
"F:/UpSkill/Upskill/UpSkill_Prototype/Content/AnimStarterPack/Death_2.uasset" 603
"F:/UpSkill/Upskill/UpSkill_Prototype/Content/AnimStarterPack/Death_2.uexp" 604
"F:/UpSkill/Upskill/UpSkill_Prototype/Content/FPS_Weapon_Bundle/Weapons/Textures/AR4/T_AR4_NRM.uasset" 605
"F:/UpSkill/Upskill/UpSkill_Prototype/Content/FPS_Weapon_Bundle/Weapons/Textures/AR4/T_AR4_NRM.uexp" 606
"F:/UpSkill/Upskill/UpSkill_Prototype/Content/FPS_Weapon_Bundle/Weapons/Textures/AR4/T_AR4_NRM.ubulk" 607
"F:/UpSkill/Upskill/UpSkill_Prototype/Content/FPS_Weapon_Bundle/Weapons/Textures/AR4/T_AR4_M_MSK.uasset" 608
"F:/UpSkill/Upskill/UpSkill_Prototype/Content/FPS_Weapon_Bundle/Weapons/Textures/AR4/T_AR4_M_MSK.uexp" 609
"F:/UpSkill/Upskill/UpSkill_Prototype/Content/FPS_Weapon_Bundle/Weapons/Textures/AR4/T_AR4_M_MSK.ubulk" 610
"F:/UpSkill/Upskill/UpSkill_Prototype/Content/FPS_Weapon_Bundle/Weapons/Textures/AR4/T_AR4_ALB.uasset" 611
"F:/UpSkill/Upskill/UpSkill_Prototype/Content/FPS_Weapon_Bundle/Weapons/Textures/AR4/T_AR4_ALB.uexp" 612
"F:/UpSkill/Upskill/UpSkill_Prototype/Content/FPS_Weapon_Bundle/Weapons/Textures/AR4/T_AR4_ALB.ubulk" 613
"F:/UpSkill/Upskill/UpSkill_Prototype/Content/FPS_Weapon_Bundle/Weapons/Textures/Patterns/T_Stripes__Pattern.uasset" 614
"F:/UpSkill/Upskill/UpSkill_Prototype/Content/FPS_Weapon_Bundle/Weapons/Textures/Patterns/T_Stripes__Pattern.uexp" 615
"F:/UpSkill/Upskill/UpSkill_Prototype/Content/FPS_Weapon_Bundle/Weapons/Textures/Patterns/T_Stripes__Pattern.ubulk" 616
"F:/UpSkill/Upskill/UpSkill_Prototype/Content/FPS_Weapon_Bundle/Weapons/Textures/KA74U/T_KA74U_NRM.uasset" 617
"F:/UpSkill/Upskill/UpSkill_Prototype/Content/FPS_Weapon_Bundle/Weapons/Textures/KA74U/T_KA74U_NRM.uexp" 618
"F:/UpSkill/Upskill/UpSkill_Prototype/Content/FPS_Weapon_Bundle/Weapons/Textures/KA74U/T_KA74U_NRM.ubulk" 619
"F:/UpSkill/Upskill/UpSkill_Prototype/Content/FPS_Weapon_Bundle/Weapons/Textures/KA74U/T_KA74U_M_MSK.uasset" 620
"F:/UpSkill/Upskill/UpSkill_Prototype/Content/FPS_Weapon_Bundle/Weapons/Textures/KA74U/T_KA74U_M_MSK.uexp" 621
"F:/UpSkill/Upskill/UpSkill_Prototype/Content/FPS_Weapon_Bundle/Weapons/Textures/KA74U/T_KA74U_M_MSK.ubulk" 622
"F:/UpSkill/Upskill/UpSkill_Prototype/Content/FPS_Weapon_Bundle/Weapons/Textures/KA74U/T_KA74U_ALB.uasset" 623
"F:/UpSkill/Upskill/UpSkill_Prototype/Content/FPS_Weapon_Bundle/Weapons/Textures/KA74U/T_KA74U_ALB.uexp" 624
"F:/UpSkill/Upskill/UpSkill_Prototype/Content/FPS_Weapon_Bundle/Weapons/Textures/KA74U/T_KA74U_ALB.ubulk" 625
"F:/UpSkill/Upskill/UpSkill_Prototype/Content/FPS_Weapon_Bundle/Weapons/Materials/Master_Material/M_Weapon_Master_USE.uasset" 626
"F:/UpSkill/Upskill/UpSkill_Prototype/Content/FPS_Weapon_Bundle/Weapons/Materials/Master_Material/M_Weapon_Master_USE.uexp" 627
"F:/UpSkill/Upskill/UpSkill_Prototype/Content/FPS_Weapon_Bundle/Weapons/Materials/AR4/M_AR4.uasset" 628
"F:/UpSkill/Upskill/UpSkill_Prototype/Content/FPS_Weapon_Bundle/Weapons/Materials/AR4/M_AR4.uexp" 629
"F:/UpSkill/Upskill/UpSkill_Prototype/Content/FPS_Weapon_Bundle/Weapons/Meshes/AR4/SM_AR4.uasset" 630
"F:/UpSkill/Upskill/UpSkill_Prototype/Content/FPS_Weapon_Bundle/Weapons/Meshes/AR4/SM_AR4.uexp" 631
"F:/UpSkill/Upskill/UpSkill_Prototype/Content/Fonts/Figerona-VF.uasset" 632
"F:/UpSkill/Upskill/UpSkill_Prototype/Content/Fonts/Figerona-VF.uexp" 633
"F:/UpSkill/Upskill/UpSkill_Prototype/Content/Fonts/Figerona-VF.ufont" 634
"F:/UpSkill/Upskill/UpSkill_Prototype/Content/Fonts/Figerona-VF_Font.uasset" 635
"F:/UpSkill/Upskill/UpSkill_Prototype/Content/Fonts/Figerona-VF_Font.uexp" 636
"F:/UpSkill/Upskill/UpSkill_Prototype/Content/BluePrints/FirstPersonBP/Blueprints/UI/Death.uasset" 637
"F:/UpSkill/Upskill/UpSkill_Prototype/Content/BluePrints/FirstPersonBP/Blueprints/UI/Death.uexp" 638
"F:/UpSkill/Upskill/UpSkill_Prototype/Content/BluePrints/FirstPersonBP/Blueprints/UI/Win.uasset" 639
"F:/UpSkill/Upskill/UpSkill_Prototype/Content/BluePrints/FirstPersonBP/Blueprints/UI/Win.uexp" 640
"F:/UpSkill/Upskill/UpSkill_Prototype/Content/BluePrints/FirstPersonBP/Blueprints/Instance.uasset" 641
"F:/UpSkill/Upskill/UpSkill_Prototype/Content/BluePrints/FirstPersonBP/Blueprints/Instance.uexp" 642
"F:/UpSkill/Upskill/UpSkill_Prototype/Content/BluePrints/FirstPersonBP/Blueprints/UI/Difficulty_Selection.uasset" 643
"F:/UpSkill/Upskill/UpSkill_Prototype/Content/BluePrints/FirstPersonBP/Blueprints/UI/Difficulty_Selection.uexp" 644
"F:/UpSkill/Upskill/UpSkill_Prototype/Content/BluePrints/FirstPersonBP/Blueprints/UI/Main_Menu.uasset" 645
"F:/UpSkill/Upskill/UpSkill_Prototype/Content/BluePrints/FirstPersonBP/Blueprints/UI/Main_Menu.uexp" 646
"F:/UpSkill/Upskill/UpSkill_Prototype/Content/BluePrints/FirstPersonBP/Blueprints/UI/Keyboard_Scheme.uasset" 647
"F:/UpSkill/Upskill/UpSkill_Prototype/Content/BluePrints/FirstPersonBP/Blueprints/UI/Keyboard_Scheme.uexp" 648
"F:/UpSkill/Upskill/UpSkill_Prototype/Content/BluePrints/FirstPersonBP/Blueprints/UI/Options.uasset" 649
"F:/UpSkill/Upskill/UpSkill_Prototype/Content/BluePrints/FirstPersonBP/Blueprints/UI/Options.uexp" 650
"F:/UpSkill/Upskill/UpSkill_Prototype/Content/BluePrints/FirstPersonBP/Blueprints/UI/Timer.uasset" 651
"F:/UpSkill/Upskill/UpSkill_Prototype/Content/BluePrints/FirstPersonBP/Blueprints/UI/Timer.uexp" 652
"F:/UpSkill/Upskill/UpSkill_Prototype/Content/BluePrints/FirstPerson/Textures/FirstPersonCrosshair.uasset" 653
"F:/UpSkill/Upskill/UpSkill_Prototype/Content/BluePrints/FirstPerson/Textures/FirstPersonCrosshair.uexp" 654
"F:/UpSkill/Upskill/UpSkill_Prototype/Content/BluePrints/FirstPersonBP/Blueprints/UI/UI_HUD.uasset" 655
"F:/UpSkill/Upskill/UpSkill_Prototype/Content/BluePrints/FirstPersonBP/Blueprints/UI/UI_HUD.uexp" 656
"F:/UpSkill/Upskill/UpSkill_Prototype/Content/BluePrints/FirstPersonBP/Blueprints/UI/Pause_Menu.uasset" 657
"F:/UpSkill/Upskill/UpSkill_Prototype/Content/BluePrints/FirstPersonBP/Blueprints/UI/Pause_Menu.uexp" 658
"F:/UpSkill/Upskill/UpSkill_Prototype/Content/FPS_Weapon_Bundle/Weapons/Textures/Ammunition/T_762x39_NRM.uasset" 659
"F:/UpSkill/Upskill/UpSkill_Prototype/Content/FPS_Weapon_Bundle/Weapons/Textures/Ammunition/T_762x39_NRM.uexp" 660
"F:/UpSkill/Upskill/UpSkill_Prototype/Content/FPS_Weapon_Bundle/Weapons/Textures/Ammunition/T_762x39_NRM.ubulk" 661
"F:/UpSkill/Upskill/UpSkill_Prototype/Content/FPS_Weapon_Bundle/Weapons/Textures/Ammunition/T_762x39_M_MSK.uasset" 662
"F:/UpSkill/Upskill/UpSkill_Prototype/Content/FPS_Weapon_Bundle/Weapons/Textures/Ammunition/T_762x39_M_MSK.uexp" 663
"F:/UpSkill/Upskill/UpSkill_Prototype/Content/FPS_Weapon_Bundle/Weapons/Textures/Ammunition/T_762x39_M_MSK.ubulk" 664
"F:/UpSkill/Upskill/UpSkill_Prototype/Content/FPS_Weapon_Bundle/Weapons/Textures/Ammunition/T_762x39_ALB.uasset" 665
"F:/UpSkill/Upskill/UpSkill_Prototype/Content/FPS_Weapon_Bundle/Weapons/Textures/Ammunition/T_762x39_ALB.uexp" 666
"F:/UpSkill/Upskill/UpSkill_Prototype/Content/FPS_Weapon_Bundle/Weapons/Textures/Ammunition/T_762x39_ALB.ubulk" 667
"F:/UpSkill/Upskill/UpSkill_Prototype/Content/FPS_Weapon_Bundle/Weapons/Materials/Ammunition/M_762x39_Empty.uasset" 668
"F:/UpSkill/Upskill/UpSkill_Prototype/Content/FPS_Weapon_Bundle/Weapons/Materials/Ammunition/M_762x39_Empty.uexp" 669
"F:/UpSkill/Upskill/UpSkill_Prototype/Content/FPS_Weapon_Bundle/Weapons/Meshes/AR4/SK_AR4_Skeleton.uasset" 670
"F:/UpSkill/Upskill/UpSkill_Prototype/Content/FPS_Weapon_Bundle/Weapons/Meshes/AR4/SK_AR4_Skeleton.uexp" 671
"F:/UpSkill/Upskill/UpSkill_Prototype/Content/FPS_Weapon_Bundle/Weapons/Meshes/AR4/SK_AR4_Physics.uasset" 672
"F:/UpSkill/Upskill/UpSkill_Prototype/Content/FPS_Weapon_Bundle/Weapons/Meshes/AR4/SK_AR4_Physics.uexp" 673
"F:/UpSkill/Upskill/UpSkill_Prototype/Content/FPS_Weapon_Bundle/Weapons/Meshes/AR4/SK_AR4.uasset" 674
"F:/UpSkill/Upskill/UpSkill_Prototype/Content/FPS_Weapon_Bundle/Weapons/Meshes/AR4/SK_AR4.uexp" 675
"F:/UpSkill/Upskill/UpSkill_Prototype/Content/BluePrints/FirstPerson/Animations/FirstPerson_Fire.uasset" 676
"F:/UpSkill/Upskill/UpSkill_Prototype/Content/BluePrints/FirstPerson/Animations/FirstPerson_Fire.uexp" 677
"F:/UpSkill/Upskill/UpSkill_Prototype/Content/StarterContent/Textures/T_Smoke_Tiled_D.uasset" 678
"F:/UpSkill/Upskill/UpSkill_Prototype/Content/StarterContent/Textures/T_Smoke_Tiled_D.uexp" 679
"F:/UpSkill/Upskill/UpSkill_Prototype/Content/StarterContent/Textures/T_Smoke_Tiled_D.ubulk" 680
"F:/UpSkill/Upskill/UpSkill_Prototype/Content/StarterContent/Textures/T_Smoke_SubUV.uasset" 681
"F:/UpSkill/Upskill/UpSkill_Prototype/Content/StarterContent/Textures/T_Smoke_SubUV.uexp" 682
"F:/UpSkill/Upskill/UpSkill_Prototype/Content/StarterContent/Textures/T_Smoke_SubUV.ubulk" 683
"F:/UpSkill/Upskill/UpSkill_Prototype/Content/StarterContent/Particles/Materials/M_smoke_subUV.uasset" 684
"F:/UpSkill/Upskill/UpSkill_Prototype/Content/StarterContent/Particles/Materials/M_smoke_subUV.uexp" 685
"../../../Engine/Content/Functions/Engine_MaterialFunctions01/Gradient/RadialGradient.uasset" 686
"../../../Engine/Content/Functions/Engine_MaterialFunctions01/Gradient/RadialGradient.uexp" 687
"F:/UpSkill/Upskill/UpSkill_Prototype/Content/StarterContent/Particles/Materials/M_radial_ramp.uasset" 688
"F:/UpSkill/Upskill/UpSkill_Prototype/Content/StarterContent/Particles/Materials/M_radial_ramp.uexp" 689
"F:/UpSkill/Upskill/UpSkill_Prototype/Content/StarterContent/Particles/Materials/m_flare_01.uasset" 690
"F:/UpSkill/Upskill/UpSkill_Prototype/Content/StarterContent/Particles/Materials/m_flare_01.uexp" 691
"F:/UpSkill/Upskill/UpSkill_Prototype/Content/StarterContent/Textures/T_Explosion_SubUV.uasset" 692
"F:/UpSkill/Upskill/UpSkill_Prototype/Content/StarterContent/Textures/T_Explosion_SubUV.uexp" 693
"F:/UpSkill/Upskill/UpSkill_Prototype/Content/StarterContent/Textures/T_Explosion_SubUV.ubulk" 694
"F:/UpSkill/Upskill/UpSkill_Prototype/Content/StarterContent/Particles/Materials/M_explosion_subUV.uasset" 695
"F:/UpSkill/Upskill/UpSkill_Prototype/Content/StarterContent/Particles/Materials/M_explosion_subUV.uexp" 696
"F:/UpSkill/Upskill/UpSkill_Prototype/Content/StarterContent/Textures/T_Burst_M.uasset" 697
"F:/UpSkill/Upskill/UpSkill_Prototype/Content/StarterContent/Textures/T_Burst_M.uexp" 698
"F:/UpSkill/Upskill/UpSkill_Prototype/Content/StarterContent/Textures/T_Burst_M.ubulk" 699
"F:/UpSkill/Upskill/UpSkill_Prototype/Content/StarterContent/Particles/Materials/M_Burst.uasset" 700
"F:/UpSkill/Upskill/UpSkill_Prototype/Content/StarterContent/Particles/Materials/M_Burst.uexp" 701
"F:/UpSkill/Upskill/UpSkill_Prototype/Content/StarterContent/Particles/P_Explosion.uasset" 702
"F:/UpSkill/Upskill/UpSkill_Prototype/Content/StarterContent/Particles/P_Explosion.uexp" 703
"F:/UpSkill/Upskill/UpSkill_Prototype/Content/Sound/Gunfire.uasset" 704
"F:/UpSkill/Upskill/UpSkill_Prototype/Content/Sound/Gunfire.uexp" 705
"F:/UpSkill/Upskill/UpSkill_Prototype/Content/Gun_Sounds_Pro_HD_Remake/Wavs/Pistol_Shot_5.uasset" 706
"F:/UpSkill/Upskill/UpSkill_Prototype/Content/Gun_Sounds_Pro_HD_Remake/Wavs/Pistol_Shot_5.uexp" 707
"F:/UpSkill/Upskill/UpSkill_Prototype/Content/Gun_Sounds_Pro_HD_Remake/Wavs/Assault_Rifle_Shot.uasset" 708
"F:/UpSkill/Upskill/UpSkill_Prototype/Content/Gun_Sounds_Pro_HD_Remake/Wavs/Assault_Rifle_Shot.uexp" 709
"../../../Engine/Plugins/FX/Niagara/Content/Enums/ENiagaraRandomnessMode.uasset" 710
"../../../Engine/Plugins/FX/Niagara/Content/Enums/ENiagaraRandomnessMode.uexp" 711
"../../../Engine/Plugins/FX/Niagara/Content/Enums/ENiagaraInactiveMode.uasset" 712
"../../../Engine/Plugins/FX/Niagara/Content/Enums/ENiagaraInactiveMode.uexp" 713
"../../../Engine/Plugins/FX/Niagara/Content/Enums/ENiagaraEmitterScalabilityMode_Limited.uasset" 714
"../../../Engine/Plugins/FX/Niagara/Content/Enums/ENiagaraEmitterScalabilityMode_Limited.uexp" 715
"../../../Engine/Plugins/FX/Niagara/Content/Enums/ENiagaraEmitterLifeCycleMode.uasset" 716
"../../../Engine/Plugins/FX/Niagara/Content/Enums/ENiagaraEmitterLifeCycleMode.uexp" 717
"../../../Engine/Plugins/FX/Niagara/Content/Enums/ENiagaraChannelCorrelation.uasset" 718
"../../../Engine/Plugins/FX/Niagara/Content/Enums/ENiagaraChannelCorrelation.uexp" 719
"../../../Engine/Plugins/FX/Niagara/Content/Enums/ENiagara_SpriteRotationMode.uasset" 720
"../../../Engine/Plugins/FX/Niagara/Content/Enums/ENiagara_SpriteRotationMode.uexp" 721
"../../../Engine/Plugins/FX/Niagara/Content/Enums/ENiagara_SizeScaleMode.uasset" 722
"../../../Engine/Plugins/FX/Niagara/Content/Enums/ENiagara_SizeScaleMode.uexp" 723
"../../../Engine/Plugins/FX/Niagara/Content/Enums/ENiagara_PositionInitializationMode.uasset" 724
"../../../Engine/Plugins/FX/Niagara/Content/Enums/ENiagara_PositionInitializationMode.uexp" 725
"../../../Engine/Plugins/FX/Niagara/Content/Enums/ENiagara_MassInitializationMode.uasset" 726
"../../../Engine/Plugins/FX/Niagara/Content/Enums/ENiagara_MassInitializationMode.uexp" 727
"../../../Engine/Plugins/FX/Niagara/Content/Enums/ENiagara_LifetimeMode.uasset" 728
"../../../Engine/Plugins/FX/Niagara/Content/Enums/ENiagara_LifetimeMode.uexp" 729
"../../../Engine/Plugins/FX/Niagara/Content/Enums/ENiagara_InfiniteLoopDuration.uasset" 730
"../../../Engine/Plugins/FX/Niagara/Content/Enums/ENiagara_InfiniteLoopDuration.uexp" 731
"../../../Engine/Plugins/FX/Niagara/Content/Enums/ENiagara_EmitterStateOptions.uasset" 732
"../../../Engine/Plugins/FX/Niagara/Content/Enums/ENiagara_EmitterStateOptions.uexp" 733
"../../../Engine/Plugins/FX/Niagara/Content/Enums/ENiagara_ColorInitializationMode.uasset" 734
"../../../Engine/Plugins/FX/Niagara/Content/Enums/ENiagara_ColorInitializationMode.uexp" 735
"../../../Engine/Plugins/FX/Niagara/Content/Modules/Update/Lifetime/ParticleState.uasset" 736
"../../../Engine/Plugins/FX/Niagara/Content/Modules/Update/Lifetime/ParticleState.uexp" 737
"../../../Engine/Plugins/FX/Niagara/Content/Modules/Update/Color/Color.uasset" 738
"../../../Engine/Plugins/FX/Niagara/Content/Modules/Update/Color/Color.uexp" 739
"../../../Engine/Plugins/FX/Niagara/Content/Enums/ENiagara_UVFlippingMode.uasset" 740
"../../../Engine/Plugins/FX/Niagara/Content/Enums/ENiagara_UVFlippingMode.uexp" 741
"../../../Engine/Plugins/FX/Niagara/Content/Enums/Ribbons/ENiagara_UnsetDirectSetRandom.uasset" 742
"../../../Engine/Plugins/FX/Niagara/Content/Enums/Ribbons/ENiagara_UnsetDirectSetRandom.uexp" 743
"../../../Engine/Plugins/FX/Niagara/Content/Functions/Localspace/TransformBase.uasset" 744
"../../../Engine/Plugins/FX/Niagara/Content/Functions/Localspace/TransformBase.uexp" 745
"../../../Engine/Plugins/FX/Niagara/Content/Functions/Localspace/TransformVector.uasset" 746
"../../../Engine/Plugins/FX/Niagara/Content/Functions/Localspace/TransformVector.uexp" 747
"../../../Engine/Plugins/FX/Niagara/Content/Functions/LinearColor/HueShiftLinearColor.uasset" 748
"../../../Engine/Plugins/FX/Niagara/Content/Functions/LinearColor/HueShiftLinearColor.uexp" 749
"../../../Engine/Plugins/FX/Niagara/Content/Enums/ENiagaraRandomnessEvaluation.uasset" 750
"../../../Engine/Plugins/FX/Niagara/Content/Enums/ENiagaraRandomnessEvaluation.uexp" 751
"../../../Engine/Plugins/FX/Niagara/Content/Functions/V2/CalculateRandomRangeInteger.uasset" 752
"../../../Engine/Plugins/FX/Niagara/Content/Functions/V2/CalculateRandomRangeInteger.uexp" 753
"../../../Engine/Plugins/FX/Niagara/Content/Functions/V2/CalculateRandomBool.uasset" 754
"../../../Engine/Plugins/FX/Niagara/Content/Functions/V2/CalculateRandomBool.uexp" 755
"../../../Engine/Plugins/FX/Niagara/Content/Functions/V2/CalculateRandomRangeFloat.uasset" 756
"../../../Engine/Plugins/FX/Niagara/Content/Functions/V2/CalculateRandomRangeFloat.uexp" 757
"../../../Engine/Plugins/FX/Niagara/Content/Functions/V2/CalculateRandomRange.uasset" 758
"../../../Engine/Plugins/FX/Niagara/Content/Functions/V2/CalculateRandomRange.uexp" 759
"../../../Engine/Plugins/FX/Niagara/Content/Functions/Localspace/SimulationPosition.uasset" 760
"../../../Engine/Plugins/FX/Niagara/Content/Functions/Localspace/SimulationPosition.uexp" 761
"../../../Engine/Plugins/FX/Niagara/Content/Modules/Spawn/Initialization/V2/InitializeParticle.uasset" 762
"../../../Engine/Plugins/FX/Niagara/Content/Modules/Spawn/Initialization/V2/InitializeParticle.uexp" 763
"../../../Engine/Plugins/FX/Niagara/Content/Functions/DirectionAndLengthSafe.uasset" 764
"../../../Engine/Plugins/FX/Niagara/Content/Functions/DirectionAndLengthSafe.uexp" 765
"../../../Engine/Plugins/FX/Niagara/Content/Modules/Solvers/SolveForcesAndVelocity.uasset" 766
"../../../Engine/Plugins/FX/Niagara/Content/Modules/Solvers/SolveForcesAndVelocity.uexp" 767
"../../../Engine/Plugins/FX/Niagara/Content/Modules/Emitter/SpawnBurst_Instantaneous.uasset" 768
"../../../Engine/Plugins/FX/Niagara/Content/Modules/Emitter/SpawnBurst_Instantaneous.uexp" 769
"../../../Engine/Plugins/FX/Niagara/Content/Functions/Emitter/EmitterChangeState.uasset" 770
"../../../Engine/Plugins/FX/Niagara/Content/Functions/Emitter/EmitterChangeState.uexp" 771
"../../../Engine/Plugins/FX/Niagara/Content/Enums/ENiagaraExecutionStateManagement.uasset" 772
"../../../Engine/Plugins/FX/Niagara/Content/Enums/ENiagaraExecutionStateManagement.uexp" 773
"../../../Engine/Plugins/FX/Niagara/Content/Modules/Emitter/EmitterState.uasset" 774
"../../../Engine/Plugins/FX/Niagara/Content/Modules/Emitter/EmitterState.uexp" 775
"../../../Engine/Plugins/FX/Niagara/Content/Functions/Spline/FindPositionOnBezierSpline.uasset" 776
"../../../Engine/Plugins/FX/Niagara/Content/Functions/Spline/FindPositionOnBezierSpline.uexp" 777
"../../../Engine/Plugins/FX/Niagara/Content/Modules/Beams/UpdateBeam.uasset" 778
"../../../Engine/Plugins/FX/Niagara/Content/Modules/Beams/UpdateBeam.uexp" 779
"../../../Engine/Plugins/FX/Niagara/Content/Functions/NormalizedExecutionIndex.uasset" 780
"../../../Engine/Plugins/FX/Niagara/Content/Functions/NormalizedExecutionIndex.uexp" 781
"../../../Engine/Plugins/FX/Niagara/Content/Modules/Beams/SpawnBeam.uasset" 782
"../../../Engine/Plugins/FX/Niagara/Content/Modules/Beams/SpawnBeam.uexp" 783
"../../../Engine/Plugins/FX/Niagara/Content/Modules/Beams/BeamWidth.uasset" 784
"../../../Engine/Plugins/FX/Niagara/Content/Modules/Beams/BeamWidth.uexp" 785
"../../../Engine/Plugins/FX/Niagara/Content/DynamicInputs/Multiply/Multiply_VectorByFloat.uasset" 786
"../../../Engine/Plugins/FX/Niagara/Content/DynamicInputs/Multiply/Multiply_VectorByFloat.uexp" 787
"../../../Engine/Plugins/FX/Niagara/Content/Functions/Localspace/TransformPosition.uasset" 788
"../../../Engine/Plugins/FX/Niagara/Content/Functions/Localspace/TransformPosition.uexp" 789
"../../../Engine/Plugins/FX/Niagara/Content/DynamicInputs/Helpers/SimulationPosition.uasset" 790
"../../../Engine/Plugins/FX/Niagara/Content/DynamicInputs/Helpers/SimulationPosition.uexp" 791
"../../../Engine/Plugins/FX/Niagara/Content/Modules/Beams/BeamEmitterSetup.uasset" 792
"../../../Engine/Plugins/FX/Niagara/Content/Modules/Beams/BeamEmitterSetup.uexp" 793
"../../../Engine/Plugins/FX/Niagara/Content/DynamicInputs/ValueFromCurve/FloatFromCurve.uasset" 794
"../../../Engine/Plugins/FX/Niagara/Content/DynamicInputs/ValueFromCurve/FloatFromCurve.uexp" 795
"F:/UpSkill/Upskill/UpSkill_Prototype/Content/Niagara/BulletTrail/M_Trail.uasset" 796
"F:/UpSkill/Upskill/UpSkill_Prototype/Content/Niagara/BulletTrail/M_Trail.uexp" 797
"../../../Engine/Plugins/FX/Niagara/Content/Enums/ENiagaraSystemInactiveMode.uasset" 798
"../../../Engine/Plugins/FX/Niagara/Content/Enums/ENiagaraSystemInactiveMode.uexp" 799
"../../../Engine/Plugins/FX/Niagara/Content/Functions/System/SystemChangeState.uasset" 800
"../../../Engine/Plugins/FX/Niagara/Content/Functions/System/SystemChangeState.uexp" 801
"../../../Engine/Plugins/FX/Niagara/Content/Modules/System/SystemState.uasset" 802
"../../../Engine/Plugins/FX/Niagara/Content/Modules/System/SystemState.uexp" 803
"F:/UpSkill/Upskill/UpSkill_Prototype/Content/Niagara/BulletTrail/N_BulletTrail_System.uasset" 804
"F:/UpSkill/Upskill/UpSkill_Prototype/Content/Niagara/BulletTrail/N_BulletTrail_System.uexp" 805
"F:/UpSkill/Upskill/UpSkill_Prototype/Content/BluePrints/FirstPerson/Meshes/FirstPersonProjectileMaterial.uasset" 806
"F:/UpSkill/Upskill/UpSkill_Prototype/Content/BluePrints/FirstPerson/Meshes/FirstPersonProjectileMaterial.uexp" 807
"F:/UpSkill/Upskill/UpSkill_Prototype/Content/BluePrints/FirstPersonBP/Blueprints/Player_Weapons/Weapon_Base.uasset" 808
"F:/UpSkill/Upskill/UpSkill_Prototype/Content/BluePrints/FirstPersonBP/Blueprints/Player_Weapons/Weapon_Base.uexp" 809
"F:/UpSkill/Upskill/UpSkill_Prototype/Content/BluePrints/FirstPersonBP/Blueprints/Player_Weapons/Rifle.uasset" 810
"F:/UpSkill/Upskill/UpSkill_Prototype/Content/BluePrints/FirstPersonBP/Blueprints/Player_Weapons/Rifle.uexp" 811
"F:/UpSkill/Upskill/UpSkill_Prototype/Content/Pistol9mmV2/Textures/T_Pistol9mm_OcclusionRoughnessMetallic.uasset" 812
"F:/UpSkill/Upskill/UpSkill_Prototype/Content/Pistol9mmV2/Textures/T_Pistol9mm_OcclusionRoughnessMetallic.uexp" 813
"F:/UpSkill/Upskill/UpSkill_Prototype/Content/Pistol9mmV2/Textures/T_Pistol9mm_OcclusionRoughnessMetallic.ubulk" 814
"F:/UpSkill/Upskill/UpSkill_Prototype/Content/Pistol9mmV2/Textures/T_Pistol9mm_Normal.uasset" 815
"F:/UpSkill/Upskill/UpSkill_Prototype/Content/Pistol9mmV2/Textures/T_Pistol9mm_Normal.uexp" 816
"F:/UpSkill/Upskill/UpSkill_Prototype/Content/Pistol9mmV2/Textures/T_Pistol9mm_Normal.ubulk" 817
"F:/UpSkill/Upskill/UpSkill_Prototype/Content/Pistol9mmV2/Textures/T_Pistol9mm_BaseColor.uasset" 818
"F:/UpSkill/Upskill/UpSkill_Prototype/Content/Pistol9mmV2/Textures/T_Pistol9mm_BaseColor.uexp" 819
"F:/UpSkill/Upskill/UpSkill_Prototype/Content/Pistol9mmV2/Textures/T_Pistol9mm_BaseColor.ubulk" 820
"F:/UpSkill/Upskill/UpSkill_Prototype/Content/Pistol9mmV2/Materials/M_Pistol9mm.uasset" 821
"F:/UpSkill/Upskill/UpSkill_Prototype/Content/Pistol9mmV2/Materials/M_Pistol9mm.uexp" 822
"F:/UpSkill/Upskill/UpSkill_Prototype/Content/Pistol9mmV2/SkeletalMesh/PA_Pistol9mm.uasset" 823
"F:/UpSkill/Upskill/UpSkill_Prototype/Content/Pistol9mmV2/SkeletalMesh/PA_Pistol9mm.uexp" 824
"F:/UpSkill/Upskill/UpSkill_Prototype/Content/Pistol9mmV2/SkeletalMesh/Skeleton_Pistol9mm.uasset" 825
"F:/UpSkill/Upskill/UpSkill_Prototype/Content/Pistol9mmV2/SkeletalMesh/Skeleton_Pistol9mm.uexp" 826
"F:/UpSkill/Upskill/UpSkill_Prototype/Content/Pistol9mmV2/SkeletalMesh/SM_Pistol9mm.uasset" 827
"F:/UpSkill/Upskill/UpSkill_Prototype/Content/Pistol9mmV2/SkeletalMesh/SM_Pistol9mm.uexp" 828
"F:/UpSkill/Upskill/UpSkill_Prototype/Content/BluePrints/FirstPersonBP/Blueprints/Player_Weapons/Pistol.uasset" 829
"F:/UpSkill/Upskill/UpSkill_Prototype/Content/BluePrints/FirstPersonBP/Blueprints/Player_Weapons/Pistol.uexp" 830
"F:/UpSkill/Upskill/UpSkill_Prototype/Content/BluePrints/FirstPerson/Character/Materials/MaterialLayers/T_ML_Rubber_Blue_01_N.uasset" 831
"F:/UpSkill/Upskill/UpSkill_Prototype/Content/BluePrints/FirstPerson/Character/Materials/MaterialLayers/T_ML_Rubber_Blue_01_N.uexp" 832
"F:/UpSkill/Upskill/UpSkill_Prototype/Content/BluePrints/FirstPerson/Character/Materials/MaterialLayers/T_ML_Rubber_Blue_01_N.ubulk" 833
"F:/UpSkill/Upskill/UpSkill_Prototype/Content/BluePrints/FirstPerson/Character/Materials/MaterialLayers/T_ML_Rubber_Blue_01_D.uasset" 834
"F:/UpSkill/Upskill/UpSkill_Prototype/Content/BluePrints/FirstPerson/Character/Materials/MaterialLayers/T_ML_Rubber_Blue_01_D.uexp" 835
"F:/UpSkill/Upskill/UpSkill_Prototype/Content/BluePrints/FirstPerson/Character/Materials/MaterialLayers/T_ML_Rubber_Blue_01_D.ubulk" 836
"F:/UpSkill/Upskill/UpSkill_Prototype/Content/BluePrints/FirstPerson/Character/Materials/MaterialLayers/ML_GlossyBlack_Latex_UE4.uasset" 837
"F:/UpSkill/Upskill/UpSkill_Prototype/Content/BluePrints/FirstPerson/Character/Materials/MaterialLayers/ML_GlossyBlack_Latex_UE4.uexp" 838
"F:/UpSkill/Upskill/UpSkill_Prototype/Content/BluePrints/FirstPerson/Character/Materials/MaterialLayers/ML_Plastic_Shiny_Beige.uasset" 839
"F:/UpSkill/Upskill/UpSkill_Prototype/Content/BluePrints/FirstPerson/Character/Materials/MaterialLayers/ML_Plastic_Shiny_Beige.uexp" 840
"F:/UpSkill/Upskill/UpSkill_Prototype/Content/BluePrints/FirstPerson/Character/Textures/UE4_Mannequin_MAT_MASKA.uasset" 841
"F:/UpSkill/Upskill/UpSkill_Prototype/Content/BluePrints/FirstPerson/Character/Textures/UE4_Mannequin_MAT_MASKA.uexp" 842
"F:/UpSkill/Upskill/UpSkill_Prototype/Content/BluePrints/FirstPerson/Character/Textures/UE4_Mannequin_MAT_MASKA.ubulk" 843
"F:/UpSkill/Upskill/UpSkill_Prototype/Content/BluePrints/FirstPerson/Character/Textures/UE4_Mannequin__normals.uasset" 844
"F:/UpSkill/Upskill/UpSkill_Prototype/Content/BluePrints/FirstPerson/Character/Textures/UE4_Mannequin__normals.uexp" 845
"F:/UpSkill/Upskill/UpSkill_Prototype/Content/BluePrints/FirstPerson/Character/Textures/UE4_Mannequin__normals.ubulk" 846
"F:/UpSkill/Upskill/UpSkill_Prototype/Content/BluePrints/FirstPerson/Character/Textures/UE4_LOGO_CARD.uasset" 847
"F:/UpSkill/Upskill/UpSkill_Prototype/Content/BluePrints/FirstPerson/Character/Textures/UE4_LOGO_CARD.uexp" 848
"F:/UpSkill/Upskill/UpSkill_Prototype/Content/BluePrints/FirstPerson/Character/Textures/UE4_LOGO_CARD.ubulk" 849
"F:/UpSkill/Upskill/UpSkill_Prototype/Content/BluePrints/FirstPerson/Character/Materials/MaterialLayers/T_ML_Aluminum01_N.uasset" 850
"F:/UpSkill/Upskill/UpSkill_Prototype/Content/BluePrints/FirstPerson/Character/Materials/MaterialLayers/T_ML_Aluminum01_N.uexp" 851
"F:/UpSkill/Upskill/UpSkill_Prototype/Content/BluePrints/FirstPerson/Character/Materials/MaterialLayers/T_ML_Aluminum01_N.ubulk" 852
"F:/UpSkill/Upskill/UpSkill_Prototype/Content/BluePrints/FirstPerson/Character/Materials/MaterialLayers/T_ML_Aluminum01.uasset" 853
"F:/UpSkill/Upskill/UpSkill_Prototype/Content/BluePrints/FirstPerson/Character/Materials/MaterialLayers/T_ML_Aluminum01.uexp" 854
"F:/UpSkill/Upskill/UpSkill_Prototype/Content/BluePrints/FirstPerson/Character/Materials/MaterialLayers/T_ML_Aluminum01.ubulk" 855
"F:/UpSkill/Upskill/UpSkill_Prototype/Content/BluePrints/FirstPerson/Character/Materials/MaterialLayers/ML_SoftMetal_UE4.uasset" 856
"F:/UpSkill/Upskill/UpSkill_Prototype/Content/BluePrints/FirstPerson/Character/Materials/MaterialLayers/ML_SoftMetal_UE4.uexp" 857
"F:/UpSkill/Upskill/UpSkill_Prototype/Content/BluePrints/FirstPerson/Character/Materials/MaterialLayers/ML_Plastic_Shiny_Beige_LOGO.uasset" 858
"F:/UpSkill/Upskill/UpSkill_Prototype/Content/BluePrints/FirstPerson/Character/Materials/MaterialLayers/ML_Plastic_Shiny_Beige_LOGO.uexp" 859
"F:/UpSkill/Upskill/UpSkill_Prototype/Content/BluePrints/FirstPerson/Character/Materials/M_UE4Man_Body.uasset" 860
"F:/UpSkill/Upskill/UpSkill_Prototype/Content/BluePrints/FirstPerson/Character/Materials/M_UE4Man_Body.uexp" 861
"F:/UpSkill/Upskill/UpSkill_Prototype/Content/BluePrints/FirstPerson/Character/Mesh/SK_Mannequin_Arms_PhysicsAsset.uasset" 862
"F:/UpSkill/Upskill/UpSkill_Prototype/Content/BluePrints/FirstPerson/Character/Mesh/SK_Mannequin_Arms_PhysicsAsset.uexp" 863
"F:/UpSkill/Upskill/UpSkill_Prototype/Content/BluePrints/FirstPerson/Character/Mesh/SK_Mannequin_Arms.uasset" 864
"F:/UpSkill/Upskill/UpSkill_Prototype/Content/BluePrints/FirstPerson/Character/Mesh/SK_Mannequin_Arms.uexp" 865
"F:/UpSkill/Upskill/UpSkill_Prototype/Content/BluePrints/FirstPersonBP/Blueprints/FirstPersonCharacter.uasset" 866
"F:/UpSkill/Upskill/UpSkill_Prototype/Content/BluePrints/FirstPersonBP/Blueprints/FirstPersonCharacter.uexp" 867
"F:/UpSkill/Upskill/UpSkill_Prototype/Content/BluePrints/FirstPersonBP/Blueprints/FirstPersonGameMode.uasset" 868
"F:/UpSkill/Upskill/UpSkill_Prototype/Content/BluePrints/FirstPersonBP/Blueprints/FirstPersonGameMode.uexp" 869
"F:/UpSkill/Upskill/UpSkill_Prototype/Content/BluePrints/FirstPerson/Animations/FirstPerson_JumpEnd.uasset" 870
"F:/UpSkill/Upskill/UpSkill_Prototype/Content/BluePrints/FirstPerson/Animations/FirstPerson_JumpEnd.uexp" 871
"F:/UpSkill/Upskill/UpSkill_Prototype/Content/BluePrints/FirstPerson/Animations/FirstPerson_JumpLoop.uasset" 872
"F:/UpSkill/Upskill/UpSkill_Prototype/Content/BluePrints/FirstPerson/Animations/FirstPerson_JumpLoop.uexp" 873
"F:/UpSkill/Upskill/UpSkill_Prototype/Content/BluePrints/FirstPerson/Animations/FirstPerson_Run.uasset" 874
"F:/UpSkill/Upskill/UpSkill_Prototype/Content/BluePrints/FirstPerson/Animations/FirstPerson_Run.uexp" 875
"F:/UpSkill/Upskill/UpSkill_Prototype/Content/BluePrints/FirstPerson/Animations/FirstPerson_JumpStart.uasset" 876
"F:/UpSkill/Upskill/UpSkill_Prototype/Content/BluePrints/FirstPerson/Animations/FirstPerson_JumpStart.uexp" 877
"F:/UpSkill/Upskill/UpSkill_Prototype/Content/BluePrints/FirstPerson/Animations/FirstPerson_AnimBP.uasset" 878
"F:/UpSkill/Upskill/UpSkill_Prototype/Content/BluePrints/FirstPerson/Animations/FirstPerson_AnimBP.uexp" 879
"F:/UpSkill/Upskill/UpSkill_Prototype/Content/AnimStarterPack/Idle_Rifle_Hip.uasset" 880
"F:/UpSkill/Upskill/UpSkill_Prototype/Content/AnimStarterPack/Idle_Rifle_Hip.uexp" 881
"F:/UpSkill/Upskill/UpSkill_Prototype/Content/BluePrints/AI/Fire_Weapon.uasset" 882
"F:/UpSkill/Upskill/UpSkill_Prototype/Content/BluePrints/AI/Fire_Weapon.uexp" 883
"F:/UpSkill/Upskill/UpSkill_Prototype/Content/BluePrints/AI/ShooterBlackboard.uasset" 884
"F:/UpSkill/Upskill/UpSkill_Prototype/Content/BluePrints/AI/ShooterBlackboard.uexp" 885
"F:/UpSkill/Upskill/UpSkill_Prototype/Content/BluePrints/AI/ShooterBehaviourTree.uasset" 886
"F:/UpSkill/Upskill/UpSkill_Prototype/Content/BluePrints/AI/ShooterBehaviourTree.uexp" 887
"F:/UpSkill/Upskill/UpSkill_Prototype/Content/BluePrints/AI/ShooterAI.uasset" 888
"F:/UpSkill/Upskill/UpSkill_Prototype/Content/BluePrints/AI/ShooterAI.uexp" 889
"F:/UpSkill/Upskill/UpSkill_Prototype/Content/BluePrints/AI/Enemy_Prefab/Base_Enemy.uasset" 890
"F:/UpSkill/Upskill/UpSkill_Prototype/Content/BluePrints/AI/Enemy_Prefab/Base_Enemy.uexp" 891
"F:/UpSkill/Upskill/UpSkill_Prototype/Content/BluePrints/AI/Spawners/Spawner.uasset" 892
"F:/UpSkill/Upskill/UpSkill_Prototype/Content/BluePrints/AI/Spawners/Spawner.uexp" 893
"../../../Engine/Content/EngineSky/T_Sky_Stars.uasset" 894
"../../../Engine/Content/EngineSky/T_Sky_Stars.uexp" 895
"../../../Engine/Content/EngineSky/T_Sky_Stars.ubulk" 896
"../../../Engine/Content/EngineSky/T_Sky_Clouds_M.uasset" 897
"../../../Engine/Content/EngineSky/T_Sky_Clouds_M.uexp" 898
"../../../Engine/Content/EngineSky/T_Sky_Clouds_M.ubulk" 899
"../../../Engine/Content/EngineSky/T_Sky_Blue.uasset" 900
"../../../Engine/Content/EngineSky/T_Sky_Blue.uexp" 901
"../../../Engine/Content/EngineSky/T_Sky_Blue.ubulk" 902
"../../../Engine/Content/EngineSky/M_Sky_Panning_Clouds2.uasset" 903
"../../../Engine/Content/EngineSky/M_Sky_Panning_Clouds2.uexp" 904
"../../../Engine/Content/EngineSky/SM_SkySphere.uasset" 905
"../../../Engine/Content/EngineSky/SM_SkySphere.uexp" 906
"../../../Engine/Content/EngineSky/C_Sky_Zenith_Color.uasset" 907
"../../../Engine/Content/EngineSky/C_Sky_Zenith_Color.uexp" 908
"../../../Engine/Content/EngineSky/C_Sky_Horizon_Color.uasset" 909
"../../../Engine/Content/EngineSky/C_Sky_Horizon_Color.uexp" 910
"../../../Engine/Content/EngineSky/C_Sky_Cloud_Color.uasset" 911
"../../../Engine/Content/EngineSky/C_Sky_Cloud_Color.uexp" 912
"../../../Engine/Content/EngineSky/BP_Sky_Sphere.uasset" 913
"../../../Engine/Content/EngineSky/BP_Sky_Sphere.uexp" 914
"F:/UpSkill/Upskill/UpSkill_Prototype/Content/Meshes/phong1.uasset" 915
"F:/UpSkill/Upskill/UpSkill_Prototype/Content/Meshes/phong1.uexp" 916
"F:/UpSkill/Upskill/UpSkill_Prototype/Content/Meshes/Fountain.uasset" 917
"F:/UpSkill/Upskill/UpSkill_Prototype/Content/Meshes/Fountain.uexp" 918
"F:/UpSkill/Upskill/UpSkill_Prototype/Content/Meshes/Office_Building.uasset" 919
"F:/UpSkill/Upskill/UpSkill_Prototype/Content/Meshes/Office_Building.uexp" 920
"F:/UpSkill/Upskill/UpSkill_Prototype/Content/Meshes/Motel_UV.uasset" 921
"F:/UpSkill/Upskill/UpSkill_Prototype/Content/Meshes/Motel_UV.uexp" 922
"F:/UpSkill/Upskill/UpSkill_Prototype/Content/StarterContent/Materials/M_AssetPlatform.uasset" 923
"F:/UpSkill/Upskill/UpSkill_Prototype/Content/StarterContent/Materials/M_AssetPlatform.uexp" 924
"F:/UpSkill/Upskill/UpSkill_Prototype/Content/Meshes/WorldGridMaterial.uasset" 925
"F:/UpSkill/Upskill/UpSkill_Prototype/Content/Meshes/WorldGridMaterial.uexp" 926
"F:/UpSkill/Upskill/UpSkill_Prototype/Content/BluePrints/FirstPersonBP/Maps/Horde-Mode_BuiltData.uasset" 927
"F:/UpSkill/Upskill/UpSkill_Prototype/Content/BluePrints/FirstPersonBP/Maps/Horde-Mode_BuiltData.uexp" 928
"F:/UpSkill/Upskill/UpSkill_Prototype/Content/BluePrints/FirstPersonBP/Maps/Horde-Mode_BuiltData.ubulk" 929
"F:/UpSkill/Upskill/UpSkill_Prototype/Content/Geometry/Meshes/CubeMaterial.uasset" 930
"F:/UpSkill/Upskill/UpSkill_Prototype/Content/Geometry/Meshes/CubeMaterial.uexp" 931
"F:/UpSkill/Upskill/UpSkill_Prototype/Content/Geometry/Meshes/1M_Cube.uasset" 932
"F:/UpSkill/Upskill/UpSkill_Prototype/Content/Geometry/Meshes/1M_Cube.uexp" 933
"F:/UpSkill/Upskill/UpSkill_Prototype/Content/BluePrints/AI/Enemy_Prefab/Linetrace_Enemy.uasset" 934
"F:/UpSkill/Upskill/UpSkill_Prototype/Content/BluePrints/AI/Enemy_Prefab/Linetrace_Enemy.uexp" 935
"../../../Engine/Content/BasicShapes/Cube.uasset" 936
"../../../Engine/Content/BasicShapes/Cube.uexp" 937
"../../../Engine/Content/BasicShapes/BasicShapeMaterial.uasset" 938
"../../../Engine/Content/BasicShapes/BasicShapeMaterial.uexp" 939
"F:/UpSkill/Upskill/UpSkill_Prototype/Content/BluePrints/Pickups/BP_Health_Pickup.uasset" 940
"F:/UpSkill/Upskill/UpSkill_Prototype/Content/BluePrints/Pickups/BP_Health_Pickup.uexp" 941
"F:/UpSkill/Upskill/UpSkill_Prototype/Content/BluePrints/Pickups/BP_Ammo_Pickup.uasset" 942
"F:/UpSkill/Upskill/UpSkill_Prototype/Content/BluePrints/Pickups/BP_Ammo_Pickup.uexp" 943
"F:/UpSkill/Upskill/UpSkill_Prototype/Content/BluePrints/FirstPersonBP/Maps/Horde-Mode.uexp" 944
"F:/UpSkill/Upskill/UpSkill_Prototype/Content/BluePrints/FirstPersonBP/Maps/Horde-Mode.umap" 945
"F:/UpSkill/Upskill/UpSkill_Prototype/Content/BluePrints/FirstPersonBP/Maps/Main_Menu_BuiltData.uasset" 946
"F:/UpSkill/Upskill/UpSkill_Prototype/Content/BluePrints/FirstPersonBP/Maps/Main_Menu_BuiltData.uexp" 947
"F:/UpSkill/Upskill/UpSkill_Prototype/Content/BluePrints/FirstPersonBP/Maps/Main_Menu_BuiltData.ubulk" 948
"F:/UpSkill/Upskill/UpSkill_Prototype/Content/BluePrints/FirstPersonBP/Blueprints/UI/Player.uasset" 949
"F:/UpSkill/Upskill/UpSkill_Prototype/Content/BluePrints/FirstPersonBP/Blueprints/UI/Player.uexp" 950
"F:/UpSkill/Upskill/UpSkill_Prototype/Content/BluePrints/FirstPersonBP/Blueprints/UI/Main_Menu_Gamemode.uasset" 951
"F:/UpSkill/Upskill/UpSkill_Prototype/Content/BluePrints/FirstPersonBP/Blueprints/UI/Main_Menu_Gamemode.uexp" 952
"F:/UpSkill/Upskill/UpSkill_Prototype/Content/BluePrints/FirstPersonBP/Maps/Main_Menu.uexp" 953
"F:/UpSkill/Upskill/UpSkill_Prototype/Content/BluePrints/FirstPersonBP/Maps/Main_Menu.umap" 954
"../../../Engine/Content/Maps/Entry_BuiltData.uasset" 955
"../../../Engine/Content/Maps/Entry_BuiltData.uexp" 956
"../../../Engine/Content/Maps/Entry.uexp" 957
"../../../Engine/Content/Maps/Entry.umap" 958
